<?xml version="1.0" encoding="UTF-8"?>
<testsuites name="jest tests" tests="325" failures="0" errors="0" time="68.819">
  <testsuite name="menu-data exports" errors="0" failures="0" skipped="0" timestamp="2025-04-24T12:39:41" time="3.682" tests="6">
    <testcase classname="menu-data exports DemoDropdownMenus has valid entries" name="menu-data exports DemoDropdownMenus has valid entries" time="0.031">
    </testcase>
    <testcase classname="menu-data exports PagesDropdownMenus has valid entries" name="menu-data exports PagesDropdownMenus has valid entries" time="0.003">
    </testcase>
    <testcase classname="menu-data exports ElementsMegaMenu contains submenu arrays with valid structure" name="menu-data exports ElementsMegaMenu contains submenu arrays with valid structure" time="0.014">
    </testcase>
    <testcase classname="menu-data exports WhitePaper array is valid" name="menu-data exports WhitePaper array is valid" time="0.002">
    </testcase>
    <testcase classname="menu-data exports BlogDropdownMenus are properly structured" name="menu-data exports BlogDropdownMenus are properly structured" time="0.004">
    </testcase>
    <testcase classname="menu-data exports ContactDropdownMenus have title and path" name="menu-data exports ContactDropdownMenus have title and path" time="0.002">
    </testcase>
  </testsuite>
  <testsuite name="MenuData Integration Tests" errors="0" failures="0" skipped="0" timestamp="2025-04-24T12:39:41" time="3.81" tests="6">
    <testcase classname="MenuData Integration Tests DemoDropdownMenus should contain correct objects" name="MenuData Integration Tests DemoDropdownMenus should contain correct objects" time="0.021">
    </testcase>
    <testcase classname="MenuData Integration Tests PagesDropdownMenus should contain correct objects" name="MenuData Integration Tests PagesDropdownMenus should contain correct objects" time="0.004">
    </testcase>
    <testcase classname="MenuData Integration Tests ElementsMegaMenu should contain correct structure" name="MenuData Integration Tests ElementsMegaMenu should contain correct structure" time="0.034">
    </testcase>
    <testcase classname="MenuData Integration Tests WhitePaper should contain correct objects" name="MenuData Integration Tests WhitePaper should contain correct objects" time="0.003">
    </testcase>
    <testcase classname="MenuData Integration Tests BlogDropdownMenus should contain correct objects" name="MenuData Integration Tests BlogDropdownMenus should contain correct objects" time="0.01">
    </testcase>
    <testcase classname="MenuData Integration Tests ContactDropdownMenus should contain correct objects" name="MenuData Integration Tests ContactDropdownMenus should contain correct objects" time="0.007">
    </testcase>
  </testsuite>
  <testsuite name="BlogSidebarSection Component" errors="0" failures="0" skipped="0" timestamp="2025-04-24T12:39:41" time="4.209" tests="3">
    <testcase classname="BlogSidebarSection Component renders the search bar with correct placeholder" name="BlogSidebarSection Component renders the search bar with correct placeholder" time="0.087">
    </testcase>
    <testcase classname="BlogSidebarSection Component renders the blog categories" name="BlogSidebarSection Component renders the blog categories" time="0.02">
    </testcase>
    <testcase classname="BlogSidebarSection Component renders the tags section" name="BlogSidebarSection Component renders the tags section" time="0.011">
    </testcase>
  </testsuite>
  <testsuite name="Unit Test: SingleCardSliderTwo" errors="0" failures="0" skipped="0" timestamp="2025-04-24T12:39:42" time="4.428" tests="3">
    <testcase classname="Unit Test: SingleCardSliderTwo renders card title and ETH value" name="Unit Test: SingleCardSliderTwo renders card title and ETH value" time="0.134">
    </testcase>
    <testcase classname="Unit Test: SingleCardSliderTwo renders card name" name="Unit Test: SingleCardSliderTwo renders card name" time="0.015">
    </testcase>
    <testcase classname="Unit Test: SingleCardSliderTwo button toggles class on click" name="Unit Test: SingleCardSliderTwo button toggles class on click" time="0.159">
    </testcase>
  </testsuite>
  <testsuite name="BlogSection Component" errors="0" failures="0" skipped="0" timestamp="2025-04-24T12:39:42" time="4.894" tests="2">
    <testcase classname="BlogSection Component renders the BlogPost component" name="BlogSection Component renders the BlogPost component" time="0.079">
    </testcase>
    <testcase classname="BlogSection Component renders blog images with correct alt attributes" name="BlogSection Component renders blog images with correct alt attributes" time="0.124">
    </testcase>
  </testsuite>
  <testsuite name="Integration: MegaMenu" errors="0" failures="0" skipped="0" timestamp="2025-04-24T12:39:41" time="5.383" tests="1">
    <testcase classname="Integration: MegaMenu renders and displays all section titles and submenu items" name="Integration: MegaMenu renders and displays all section titles and submenu items" time="0.179">
    </testcase>
  </testsuite>
  <testsuite name="Breadcrumb Component" errors="0" failures="0" skipped="0" timestamp="2025-04-24T12:39:46" time="1.157" tests="2">
    <testcase classname="Breadcrumb Component renders breadcrumb links correctly" name="Breadcrumb Component renders breadcrumb links correctly" time="0.034">
    </testcase>
    <testcase classname="Breadcrumb Component renders shape images correctly" name="Breadcrumb Component renders shape images correctly" time="0.017">
    </testcase>
  </testsuite>
  <testsuite name="MissionVision Component" errors="0" failures="0" skipped="0" timestamp="2025-04-24T12:39:45" time="1.713" tests="4">
    <testcase classname="MissionVision Component renders without crashing" name="MissionVision Component renders without crashing" time="0.071">
    </testcase>
    <testcase classname="MissionVision Component renders the heading" name="MissionVision Component renders the heading" time="0.183">
    </testcase>
    <testcase classname="MissionVision Component renders vision and mission paragraphs" name="MissionVision Component renders vision and mission paragraphs" time="0.02">
    </testcase>
    <testcase classname="MissionVision Component renders the mission/vision image" name="MissionVision Component renders the mission/vision image" time="0.024">
    </testcase>
  </testsuite>
  <testsuite name="FeatureSection" errors="0" failures="0" skipped="0" timestamp="2025-04-24T12:39:46" time="1.043" tests="4">
    <testcase classname="FeatureSection renders without crashing" name="FeatureSection renders without crashing" time="0.029">
    </testcase>
    <testcase classname="FeatureSection renders section heading" name="FeatureSection renders section heading" time="0.016">
    </testcase>
    <testcase classname="FeatureSection renders all feature titles" name="FeatureSection renders all feature titles" time="0.043">
    </testcase>
    <testcase classname="FeatureSection renders all three feature icons" name="FeatureSection renders all three feature icons" time="0.022">
    </testcase>
  </testsuite>
  <testsuite name="TeamSection Component" errors="0" failures="0" skipped="0" timestamp="2025-04-24T12:39:41" time="5.618" tests="8">
    <testcase classname="TeamSection Component renders the main heading" name="TeamSection Component renders the main heading" time="0.147">
    </testcase>
    <testcase classname="TeamSection Component renders the introductory paragraph" name="TeamSection Component renders the introductory paragraph" time="0.035">
    </testcase>
    <testcase classname="TeamSection Component renders all major section headings" name="TeamSection Component renders all major section headings" time="0.188">
    </testcase>
    <testcase classname="TeamSection Component renders all sub-section items" name="TeamSection Component renders all sub-section items" time="0.144">
    </testcase>
    <testcase classname="TeamSection Component renders all bullet point items under &quot;Rewarding Traders&quot; section" name="TeamSection Component renders all bullet point items under &quot;Rewarding Traders&quot; section" time="0.044">
    </testcase>
    <testcase classname="TeamSection Component renders the profit sharing information" name="TeamSection Component renders the profit sharing information" time="0.067">
    </testcase>
    <testcase classname="TeamSection Component renders the conclusion paragraph" name="TeamSection Component renders the conclusion paragraph" time="0.055">
    </testcase>
    <testcase classname="TeamSection Component matches snapshot" name="TeamSection Component matches snapshot" time="0.172">
    </testcase>
  </testsuite>
  <testsuite name="Integration: SecondLevelDropdownMenu" errors="0" failures="0" skipped="0" timestamp="2025-04-24T12:39:45" time="2.035" tests="1">
    <testcase classname="Integration: SecondLevelDropdownMenu renders and handles basic user interaction" name="Integration: SecondLevelDropdownMenu renders and handles basic user interaction" time="0.256">
    </testcase>
  </testsuite>
  <testsuite name="VideoSection Component" errors="0" failures="0" skipped="0" timestamp="2025-04-24T12:39:47" time="1.121" tests="1">
    <testcase classname="VideoSection Component renders heading and opens video modal on click" name="VideoSection Component renders heading and opens video modal on click" time="0.088">
    </testcase>
  </testsuite>
  <testsuite name="SecondLevelDropdownMenu" errors="0" failures="0" skipped="0" timestamp="2025-04-24T12:39:47" time="0.866" tests="1">
    <testcase classname="SecondLevelDropdownMenu renders submenu items correctly when clicked" name="SecondLevelDropdownMenu renders submenu items correctly when clicked" time="0.015">
    </testcase>
  </testsuite>
  <testsuite name="Integration: SecondLevelDropdownItem" errors="0" failures="0" skipped="0" timestamp="2025-04-24T12:39:47" time="0.807" tests="1">
    <testcase classname="Integration: SecondLevelDropdownItem renders with required props" name="Integration: SecondLevelDropdownItem renders with required props" time="0.024">
    </testcase>
  </testsuite>
  <testsuite name="BlogPagination" errors="0" failures="0" skipped="0" timestamp="2025-04-24T12:39:47" time="1.258" tests="1">
    <testcase classname="BlogPagination renders pagination links and navigation arrows" name="BlogPagination renders pagination links and navigation arrows" time="0.091">
    </testcase>
  </testsuite>
  <testsuite name="BlogPost Component" errors="0" failures="0" skipped="0" timestamp="2025-04-24T12:39:47" time="1.194" tests="1">
    <testcase classname="BlogPost Component renders blog images with correct alt attributes" name="BlogPost Component renders blog images with correct alt attributes" time="0.105">
    </testcase>
  </testsuite>
  <testsuite name="undefined" errors="0" failures="0" skipped="0" timestamp="2025-04-24T12:39:47" time="1.403" tests="1">
    <testcase classname=" should render filter gallery and clean up" name=" should render filter gallery and clean up" time="0.044">
    </testcase>
  </testsuite>
  <testsuite name="Integration: DemocratisingHealthcareSingleBlogsDetails" errors="0" failures="0" skipped="0" timestamp="2025-04-24T12:39:48" time="1.072" tests="1">
    <testcase classname="Integration: DemocratisingHealthcareSingleBlogsDetails renders and handles basic user interaction" name="Integration: DemocratisingHealthcareSingleBlogsDetails renders and handles basic user interaction" time="0.01">
    </testcase>
  </testsuite>
  <testsuite name="Integration: TokenizationSingleBlogsDetails" errors="0" failures="0" skipped="0" timestamp="2025-04-24T12:39:48" time="0.975" tests="1">
    <testcase classname="Integration: TokenizationSingleBlogsDetails renders and handles basic user interaction" name="Integration: TokenizationSingleBlogsDetails renders and handles basic user interaction" time="0.013">
    </testcase>
  </testsuite>
  <testsuite name="Integration: WhitepaperSingleBlogsDetails" errors="0" failures="0" skipped="0" timestamp="2025-04-24T12:39:48" time="0.99" tests="1">
    <testcase classname="Integration: WhitepaperSingleBlogsDetails renders and handles basic user interaction" name="Integration: WhitepaperSingleBlogsDetails renders and handles basic user interaction" time="0.014">
    </testcase>
  </testsuite>
  <testsuite name="Integration: BlockchainTransformingHealthcar" errors="0" failures="0" skipped="0" timestamp="2025-04-24T12:39:48" time="1.153" tests="1">
    <testcase classname="Integration: BlockchainTransformingHealthcar renders and handles basic user interaction" name="Integration: BlockchainTransformingHealthcar renders and handles basic user interaction" time="0.031">
    </testcase>
  </testsuite>
  <testsuite name="Integration: ContentWithPhotoSectionTwo" errors="0" failures="0" skipped="0" timestamp="2025-04-24T12:39:49" time="1.026" tests="1">
    <testcase classname="Integration: ContentWithPhotoSectionTwo renders and handles basic user interaction" name="Integration: ContentWithPhotoSectionTwo renders and handles basic user interaction" time="0.022">
    </testcase>
  </testsuite>
  <testsuite name="Integration: HealthcareAndCryptoworld" errors="0" failures="0" skipped="0" timestamp="2025-04-24T12:39:49" time="0.934" tests="1">
    <testcase classname="Integration: HealthcareAndCryptoworld renders and handles basic user interaction" name="Integration: HealthcareAndCryptoworld renders and handles basic user interaction" time="0.03">
    </testcase>
  </testsuite>
  <testsuite name="Integration: SingleBlogSidebarSection" errors="0" failures="0" skipped="0" timestamp="2025-04-24T12:39:49" time="1.134" tests="1">
    <testcase classname="Integration: SingleBlogSidebarSection renders and handles basic user interaction" name="Integration: SingleBlogSidebarSection renders and handles basic user interaction" time="0.099">
    </testcase>
  </testsuite>
  <testsuite name="Integration: ContentWithPhotoSection" errors="0" failures="0" skipped="0" timestamp="2025-04-24T12:39:50" time="0.914" tests="1">
    <testcase classname="Integration: ContentWithPhotoSection renders and handles basic user interaction" name="Integration: ContentWithPhotoSection renders and handles basic user interaction" time="0.023">
    </testcase>
  </testsuite>
  <testsuite name="Integration: WhitepaperSidebarSection" errors="0" failures="0" skipped="0" timestamp="2025-04-24T12:39:49" time="1.136" tests="1">
    <testcase classname="Integration: WhitepaperSidebarSection renders and handles basic user interaction" name="Integration: WhitepaperSidebarSection renders and handles basic user interaction" time="0.068">
    </testcase>
  </testsuite>
  <testsuite name="Integration: DropdownMenu" errors="0" failures="0" skipped="0" timestamp="2025-04-24T12:39:47" time="3.891" tests="1">
    <testcase classname="Integration: DropdownMenu renders items and handles interaction" name="Integration: DropdownMenu renders items and handles interaction" time="0.087">
    </testcase>
  </testsuite>
  <testsuite name="Integration: ProjectExecutionSection" errors="0" failures="0" skipped="0" timestamp="2025-04-24T12:39:51" time="0.725" tests="1">
    <testcase classname="Integration: ProjectExecutionSection renders and handles basic user interaction" name="Integration: ProjectExecutionSection renders and handles basic user interaction" time="0.009">
    </testcase>
  </testsuite>
  <testsuite name="Integration: InovativeServiceSection" errors="0" failures="0" skipped="0" timestamp="2025-04-24T12:39:51" time="0.736" tests="1">
    <testcase classname="Integration: InovativeServiceSection renders and handles basic user interaction" name="Integration: InovativeServiceSection renders and handles basic user interaction" time="0.01">
    </testcase>
  </testsuite>
  <testsuite name="Integration: WhitepaperCrumbSection" errors="0" failures="0" skipped="0" timestamp="2025-04-24T12:39:51" time="0.727" tests="1">
    <testcase classname="Integration: WhitepaperCrumbSection renders and handles basic user interaction" name="Integration: WhitepaperCrumbSection renders and handles basic user interaction" time="0.017">
    </testcase>
  </testsuite>
  <testsuite name="Integration: RelatedProjectSection" errors="0" failures="0" skipped="0" timestamp="2025-04-24T12:39:51" time="0.839" tests="1">
    <testcase classname="Integration: RelatedProjectSection renders and handles basic user interaction" name="Integration: RelatedProjectSection renders and handles basic user interaction" time="0.023">
    </testcase>
  </testsuite>
  <testsuite name="Integration: ProjectDetailsSection" errors="0" failures="0" skipped="0" timestamp="2025-04-24T12:39:51" time="0.951" tests="1">
    <testcase classname="Integration: ProjectDetailsSection renders and handles basic user interaction" name="Integration: ProjectDetailsSection renders and handles basic user interaction" time="0.013">
    </testcase>
  </testsuite>
  <testsuite name="Integration: FilterGallaryOne" errors="0" failures="0" skipped="0" timestamp="2025-04-24T12:39:49" time="3.034" tests="1">
    <testcase classname="Integration: FilterGallaryOne renders and safely cleans up" name="Integration: FilterGallaryOne renders and safely cleans up" time="0.135">
    </testcase>
  </testsuite>
  <testsuite name="Integration: ChooseServiceSection" errors="0" failures="0" skipped="0" timestamp="2025-04-24T12:39:52" time="1.018" tests="1">
    <testcase classname="Integration: ChooseServiceSection renders and handles basic user interaction" name="Integration: ChooseServiceSection renders and handles basic user interaction" time="0.027">
    </testcase>
  </testsuite>
  <testsuite name="Integration: CommunicationSection" errors="0" failures="0" skipped="0" timestamp="2025-04-24T12:39:52" time="1.137" tests="1">
    <testcase classname="Integration: CommunicationSection renders and handles basic user interaction" name="Integration: CommunicationSection renders and handles basic user interaction" time="0.026">
    </testcase>
  </testsuite>
  <testsuite name="Integration: CommentInputSection" errors="0" failures="0" skipped="0" timestamp="2025-04-24T12:39:53" time="0.865" tests="1">
    <testcase classname="Integration: CommentInputSection renders and handles basic user interaction" name="Integration: CommentInputSection renders and handles basic user interaction" time="0.024">
    </testcase>
  </testsuite>
  <testsuite name="Integration: SingleBlogContainer" errors="0" failures="0" skipped="0" timestamp="2025-04-24T12:39:52" time="1.606" tests="1">
    <testcase classname="Integration: SingleBlogContainer renders and handles basic user interaction" name="Integration: SingleBlogContainer renders and handles basic user interaction" time="0.157">
    </testcase>
  </testsuite>
  <testsuite name="Integration: BlogDarkInnerSection" errors="0" failures="0" skipped="0" timestamp="2025-04-24T12:39:51" time="2.937" tests="1">
    <testcase classname="Integration: BlogDarkInnerSection renders and handles basic user interaction" name="Integration: BlogDarkInnerSection renders and handles basic user interaction" time="1.612">
    </testcase>
  </testsuite>
  <testsuite name="Integration: ProjectThumbSection" errors="0" failures="0" skipped="0" timestamp="2025-04-24T12:39:53" time="1.095" tests="1">
    <testcase classname="Integration: ProjectThumbSection renders and handles basic user interaction" name="Integration: ProjectThumbSection renders and handles basic user interaction" time="0.009">
    </testcase>
  </testsuite>
  <testsuite name="Integration: ProjectAboutSection" errors="0" failures="0" skipped="0" timestamp="2025-04-24T12:39:54" time="0.959" tests="1">
    <testcase classname="Integration: ProjectAboutSection renders and handles basic user interaction" name="Integration: ProjectAboutSection renders and handles basic user interaction" time="0.011">
    </testcase>
  </testsuite>
  <testsuite name="Integration: BlogSidebarSection" errors="0" failures="0" skipped="0" timestamp="2025-04-24T12:39:54" time="1.346" tests="1">
    <testcase classname="Integration: BlogSidebarSection renders and handles basic user interaction" name="Integration: BlogSidebarSection renders and handles basic user interaction" time="0.075">
    </testcase>
  </testsuite>
  <testsuite name="Integration: CommentListSection" errors="0" failures="0" skipped="0" timestamp="2025-04-24T12:39:55" time="0.885" tests="1">
    <testcase classname="Integration: CommentListSection renders and handles basic user interaction" name="Integration: CommentListSection renders and handles basic user interaction" time="0.018">
    </testcase>
  </testsuite>
  <testsuite name="Integration: TestimonialSliderOne" errors="0" failures="0" skipped="0" timestamp="2025-04-24T12:39:51" time="4.437" tests="1">
    <testcase classname="Integration: TestimonialSliderOne renders and handles basic user interaction" name="Integration: TestimonialSliderOne renders and handles basic user interaction" time="0.013">
    </testcase>
  </testsuite>
  <testsuite name="Integration: TestimonialSliderTwo" errors="0" failures="0" skipped="0" timestamp="2025-04-24T12:39:51" time="4.663" tests="1">
    <testcase classname="Integration: TestimonialSliderTwo renders and handles basic user interaction" name="Integration: TestimonialSliderTwo renders and handles basic user interaction" time="0.203">
    </testcase>
  </testsuite>
  <testsuite name="Integration: BlogContentSection" errors="0" failures="0" skipped="0" timestamp="2025-04-24T12:39:55" time="1.986" tests="1">
    <testcase classname="Integration: BlogContentSection renders and handles basic user interaction" name="Integration: BlogContentSection renders and handles basic user interaction" time="0.295">
    </testcase>
  </testsuite>
  <testsuite name="Integration: ContactFormSection" errors="0" failures="0" skipped="0" timestamp="2025-04-24T12:39:55" time="1.878" tests="1">
    <testcase classname="Integration: ContactFormSection renders and handles basic user interaction" name="Integration: ContactFormSection renders and handles basic user interaction" time="0.069">
    </testcase>
  </testsuite>
  <testsuite name="Integration: ContactFormSection" errors="0" failures="0" skipped="0" timestamp="2025-04-24T12:39:56" time="1.434" tests="1">
    <testcase classname="Integration: ContactFormSection renders and handles basic user interaction" name="Integration: ContactFormSection renders and handles basic user interaction" time="0.054">
    </testcase>
  </testsuite>
  <testsuite name="Integration: BlogSidebarSection" errors="0" failures="0" skipped="0" timestamp="2025-04-24T12:39:56" time="1.086" tests="1">
    <testcase classname="Integration: BlogSidebarSection renders and handles basic user interaction" name="Integration: BlogSidebarSection renders and handles basic user interaction" time="0.067">
    </testcase>
  </testsuite>
  <testsuite name="Integration: BreadcrumbsSection" errors="0" failures="0" skipped="0" timestamp="2025-04-24T12:39:56" time="1.165" tests="1">
    <testcase classname="Integration: BreadcrumbsSection renders and handles basic user interaction" name="Integration: BreadcrumbsSection renders and handles basic user interaction" time="0.041">
    </testcase>
  </testsuite>
  <testsuite name="Integration: JobPositionSection" errors="0" failures="0" skipped="0" timestamp="2025-04-24T12:39:56" time="1.495" tests="1">
    <testcase classname="Integration: JobPositionSection renders and handles basic user interaction" name="Integration: JobPositionSection renders and handles basic user interaction" time="0.108">
    </testcase>
  </testsuite>
  <testsuite name="undefined" errors="0" failures="0" skipped="0" timestamp="2025-04-24T12:39:48" time="10.101" tests="1">
    <testcase classname=" renders heading, paragraph, and swiper slides" name=" renders heading, paragraph, and swiper slides" time="3.796">
    </testcase>
  </testsuite>
  <testsuite name="Integration: BreadcrumbsSection" errors="0" failures="0" skipped="0" timestamp="2025-04-24T12:39:57" time="1.136" tests="1">
    <testcase classname="Integration: BreadcrumbsSection renders and handles basic user interaction" name="Integration: BreadcrumbsSection renders and handles basic user interaction" time="0.046">
    </testcase>
  </testsuite>
  <testsuite name="Integration: TestimonialSection" errors="0" failures="0" skipped="0" timestamp="2025-04-24T12:39:57" time="1.551" tests="1">
    <testcase classname="Integration: TestimonialSection renders and handles basic user interaction" name="Integration: TestimonialSection renders and handles basic user interaction" time="0.068">
    </testcase>
  </testsuite>
  <testsuite name="Integration: BreadcrumbsSection" errors="0" failures="0" skipped="0" timestamp="2025-04-24T12:39:57" time="1.053" tests="1">
    <testcase classname="Integration: BreadcrumbsSection renders and handles basic user interaction" name="Integration: BreadcrumbsSection renders and handles basic user interaction" time="0.036">
    </testcase>
  </testsuite>
  <testsuite name="Integration: CommunicateSection" errors="0" failures="0" skipped="0" timestamp="2025-04-24T12:39:57" time="1.282" tests="1">
    <testcase classname="Integration: CommunicateSection renders and handles basic user interaction" name="Integration: CommunicateSection renders and handles basic user interaction" time="0.04">
    </testcase>
  </testsuite>
  <testsuite name="Integration: BreadcrumbsSection" errors="0" failures="0" skipped="0" timestamp="2025-04-24T12:39:58" time="1.303" tests="1">
    <testcase classname="Integration: BreadcrumbsSection renders and handles basic user interaction" name="Integration: BreadcrumbsSection renders and handles basic user interaction" time="0.055">
    </testcase>
  </testsuite>
  <testsuite name="Integration: FeatureOneSection" errors="0" failures="0" skipped="0" timestamp="2025-04-24T12:39:59" time="0.94" tests="1">
    <testcase classname="Integration: FeatureOneSection renders and handles basic user interaction" name="Integration: FeatureOneSection renders and handles basic user interaction" time="0.014">
    </testcase>
  </testsuite>
  <testsuite name="Integration: PricingSectionOne" errors="0" failures="0" skipped="0" timestamp="2025-04-24T12:39:58" time="1.215" tests="1">
    <testcase classname="Integration: PricingSectionOne renders and handles basic user interaction" name="Integration: PricingSectionOne renders and handles basic user interaction" time="0.04">
    </testcase>
  </testsuite>
  <testsuite name="Integration: FeatureSectionTwo" errors="0" failures="0" skipped="0" timestamp="2025-04-24T12:39:58" time="1.09" tests="1">
    <testcase classname="Integration: FeatureSectionTwo renders and handles basic user interaction" name="Integration: FeatureSectionTwo renders and handles basic user interaction" time="0.016">
    </testcase>
  </testsuite>
  <testsuite name="Integration: PricingSectionTwo" errors="0" failures="0" skipped="0" timestamp="2025-04-24T12:39:58" time="1.549" tests="1">
    <testcase classname="Integration: PricingSectionTwo renders and handles basic user interaction" name="Integration: PricingSectionTwo renders and handles basic user interaction" time="0.091">
    </testcase>
  </testsuite>
  <testsuite name="Integration: VideoSectionThree" errors="0" failures="0" skipped="0" timestamp="2025-04-24T12:39:58" time="2.268" tests="1">
    <testcase classname="Integration: VideoSectionThree renders and handles basic user interaction" name="Integration: VideoSectionThree renders and handles basic user interaction" time="1.051">
    </testcase>
  </testsuite>
  <testsuite name="Integration: CounterOneSection" errors="0" failures="0" skipped="0" timestamp="2025-04-24T12:39:59" time="1.496" tests="1">
    <testcase classname="Integration: CounterOneSection renders and handles basic user interaction" name="Integration: CounterOneSection renders and handles basic user interaction" time="0.046">
    </testcase>
  </testsuite>
  <testsuite name="Integration: BreadcrumbSection" errors="0" failures="0" skipped="0" timestamp="2025-04-24T12:40:00" time="0.893" tests="1">
    <testcase classname="Integration: BreadcrumbSection renders and handles basic user interaction" name="Integration: BreadcrumbSection renders and handles basic user interaction" time="0.013">
    </testcase>
  </testsuite>
  <testsuite name="Integration: SingleTeamSection" errors="0" failures="0" skipped="0" timestamp="2025-04-24T12:40:00" time="1.124" tests="1">
    <testcase classname="Integration: SingleTeamSection renders and handles basic user interaction" name="Integration: SingleTeamSection renders and handles basic user interaction" time="0.036">
    </testcase>
  </testsuite>
  <testsuite name="Integration: WhitepaperSection" errors="0" failures="0" skipped="0" timestamp="2025-04-24T12:40:00" time="1.213" tests="1">
    <testcase classname="Integration: WhitepaperSection renders and handles basic user interaction" name="Integration: WhitepaperSection renders and handles basic user interaction" time="0.029">
    </testcase>
  </testsuite>
  <testsuite name="Integration: BreadcrumbSection" errors="0" failures="0" skipped="0" timestamp="2025-04-24T12:40:00" time="1.046" tests="1">
    <testcase classname="Integration: BreadcrumbSection renders and handles basic user interaction" name="Integration: BreadcrumbSection renders and handles basic user interaction" time="0.013">
    </testcase>
  </testsuite>
  <testsuite name="Integration: BreadcrumbSection" errors="0" failures="0" skipped="0" timestamp="2025-04-24T12:40:00" time="0.95" tests="1">
    <testcase classname="Integration: BreadcrumbSection renders and handles basic user interaction" name="Integration: BreadcrumbSection renders and handles basic user interaction" time="0.024">
    </testcase>
  </testsuite>
  <testsuite name="Integration: BreadcrumbSection" errors="0" failures="0" skipped="0" timestamp="2025-04-24T12:40:01" time="0.938" tests="1">
    <testcase classname="Integration: BreadcrumbSection renders and handles basic user interaction" name="Integration: BreadcrumbSection renders and handles basic user interaction" time="0.015">
    </testcase>
  </testsuite>
  <testsuite name="Integration: BreadcrumbSection" errors="0" failures="0" skipped="0" timestamp="2025-04-24T12:40:01" time="0.966" tests="1">
    <testcase classname="Integration: BreadcrumbSection renders and handles basic user interaction" name="Integration: BreadcrumbSection renders and handles basic user interaction" time="0.015">
    </testcase>
  </testsuite>
  <testsuite name="Integration: BreadcrumbSection" errors="0" failures="0" skipped="0" timestamp="2025-04-24T12:40:01" time="0.903" tests="1">
    <testcase classname="Integration: BreadcrumbSection renders and handles basic user interaction" name="Integration: BreadcrumbSection renders and handles basic user interaction" time="0.033">
    </testcase>
  </testsuite>
  <testsuite name="Integration: BreadcrumbSection" errors="0" failures="0" skipped="0" timestamp="2025-04-24T12:40:01" time="0.829" tests="1">
    <testcase classname="Integration: BreadcrumbSection renders and handles basic user interaction" name="Integration: BreadcrumbSection renders and handles basic user interaction" time="0.009">
    </testcase>
  </testsuite>
  <testsuite name="Integration: BreadcrumbSection" errors="0" failures="0" skipped="0" timestamp="2025-04-24T12:40:01" time="0.871" tests="1">
    <testcase classname="Integration: BreadcrumbSection renders and handles basic user interaction" name="Integration: BreadcrumbSection renders and handles basic user interaction" time="0.009">
    </testcase>
  </testsuite>
  <testsuite name="Integration: NewsletterSection" errors="0" failures="0" skipped="0" timestamp="2025-04-24T12:40:01" time="0.871" tests="1">
    <testcase classname="Integration: NewsletterSection renders and handles basic user interaction" name="Integration: NewsletterSection renders and handles basic user interaction" time="0.022">
    </testcase>
  </testsuite>
  <testsuite name="Integration: BreadcrumbSection" errors="0" failures="0" skipped="0" timestamp="2025-04-24T12:40:02" time="0.938" tests="1">
    <testcase classname="Integration: BreadcrumbSection renders and handles basic user interaction" name="Integration: BreadcrumbSection renders and handles basic user interaction" time="0.016">
    </testcase>
  </testsuite>
  <testsuite name="Integration: VideoSectionFour" errors="0" failures="0" skipped="0" timestamp="2025-04-24T12:40:02" time="1.072" tests="1">
    <testcase classname="Integration: VideoSectionFour renders and handles basic user interaction" name="Integration: VideoSectionFour renders and handles basic user interaction" time="0.152">
    </testcase>
  </testsuite>
  <testsuite name="Integration: VideoSectionFive" errors="0" failures="0" skipped="0" timestamp="2025-04-24T12:40:02" time="1.11" tests="1">
    <testcase classname="Integration: VideoSectionFive renders and handles basic user interaction" name="Integration: VideoSectionFive renders and handles basic user interaction" time="0.191">
    </testcase>
  </testsuite>
  <testsuite name="Integration: FilterGallaryTwo" errors="0" failures="0" skipped="0" timestamp="2025-04-24T12:40:02" time="1.268" tests="1">
    <testcase classname="Integration: FilterGallaryTwo renders and handles basic user interaction" name="Integration: FilterGallaryTwo renders and handles basic user interaction" time="0.076">
    </testcase>
  </testsuite>
  <testsuite name="Integration: BlogInnerSection" errors="0" failures="0" skipped="0" timestamp="2025-04-24T12:40:03" time="1.106" tests="1">
    <testcase classname="Integration: BlogInnerSection renders and handles basic user interaction" name="Integration: BlogInnerSection renders and handles basic user interaction" time="0.177">
    </testcase>
  </testsuite>
  <testsuite name="Integration: CountdownSection" errors="0" failures="0" skipped="0" timestamp="2025-04-24T12:40:03" time="1.053" tests="1">
    <testcase classname="Integration: CountdownSection renders and handles basic user interaction" name="Integration: CountdownSection renders and handles basic user interaction" time="0.033">
    </testcase>
  </testsuite>
  <testsuite name="Integration: BlogInnerSection" errors="0" failures="0" skipped="0" timestamp="2025-04-24T12:40:03" time="1.127" tests="1">
    <testcase classname="Integration: BlogInnerSection renders and handles basic user interaction" name="Integration: BlogInnerSection renders and handles basic user interaction" time="0.259">
    </testcase>
  </testsuite>
  <testsuite name="Integration: BlogInnerSection" errors="0" failures="0" skipped="0" timestamp="2025-04-24T12:40:03" time="2.14" tests="1">
    <testcase classname="Integration: BlogInnerSection renders and handles basic user interaction" name="Integration: BlogInnerSection renders and handles basic user interaction" time="1.016">
    </testcase>
  </testsuite>
  <testsuite name="Integration: TextSliderThree" errors="0" failures="0" skipped="0" timestamp="2025-04-24T12:40:04" time="1.027" tests="1">
    <testcase classname="Integration: TextSliderThree renders and handles basic user interaction" name="Integration: TextSliderThree renders and handles basic user interaction" time="0.075">
    </testcase>
  </testsuite>
  <testsuite name="Integration: ClientSliderOne" errors="0" failures="0" skipped="0" timestamp="2025-04-24T12:40:04" time="0.936" tests="1">
    <testcase classname="Integration: ClientSliderOne renders and handles basic user interaction" name="Integration: ClientSliderOne renders and handles basic user interaction" time="0.134">
    </testcase>
  </testsuite>
  <testsuite name="Integration: ClientSliderTwo" errors="0" failures="0" skipped="0" timestamp="2025-04-24T12:40:04" time="1.195" tests="1">
    <testcase classname="Integration: ClientSliderTwo renders and handles basic user interaction" name="Integration: ClientSliderTwo renders and handles basic user interaction" time="0.18">
    </testcase>
  </testsuite>
  <testsuite name="Integration: HeaderHomeThree" errors="0" failures="0" skipped="0" timestamp="2025-04-24T12:40:05" time="1.467" tests="1">
    <testcase classname="Integration: HeaderHomeThree renders and handles basic user interaction" name="Integration: HeaderHomeThree renders and handles basic user interaction" time="0.198">
    </testcase>
  </testsuite>
  <testsuite name="Integration: FooterHomeThree" errors="0" failures="0" skipped="0" timestamp="2025-04-24T12:40:05" time="1.122" tests="1">
    <testcase classname="Integration: FooterHomeThree renders and handles basic user interaction" name="Integration: FooterHomeThree renders and handles basic user interaction" time="0.05">
    </testcase>
  </testsuite>
  <testsuite name="Integration: VideoSectionTwo" errors="0" failures="0" skipped="0" timestamp="2025-04-24T12:40:05" time="1.073" tests="1">
    <testcase classname="Integration: VideoSectionTwo renders and handles basic user interaction" name="Integration: VideoSectionTwo renders and handles basic user interaction" time="0.085">
    </testcase>
  </testsuite>
  <testsuite name="Integration: VideoSectionSix" errors="0" failures="0" skipped="0" timestamp="2025-04-24T12:40:06" time="1.202" tests="1">
    <testcase classname="Integration: VideoSectionSix renders and handles basic user interaction" name="Integration: VideoSectionSix renders and handles basic user interaction" time="0.155">
    </testcase>
  </testsuite>
  <testsuite name="Integration: VideoSectionOne" errors="0" failures="0" skipped="0" timestamp="2025-04-24T12:40:07" time="1.147" tests="1">
    <testcase classname="Integration: VideoSectionOne renders and handles basic user interaction" name="Integration: VideoSectionOne renders and handles basic user interaction" time="0.1">
    </testcase>
  </testsuite>
  <testsuite name="Integration: BlogPostSection" errors="0" failures="0" skipped="0" timestamp="2025-04-24T12:40:07" time="0.958" tests="1">
    <testcase classname="Integration: BlogPostSection renders and handles basic user interaction" name="Integration: BlogPostSection renders and handles basic user interaction" time="0.075">
    </testcase>
  </testsuite>
  <testsuite name="Integration: TeamInfoSection" errors="0" failures="0" skipped="0" timestamp="2025-04-24T12:40:08" time="0.845" tests="1">
    <testcase classname="Integration: TeamInfoSection renders and handles basic user interaction" name="Integration: TeamInfoSection renders and handles basic user interaction" time="0.019">
    </testcase>
  </testsuite>
  <testsuite name="Integration: FeaturesSection" errors="0" failures="0" skipped="0" timestamp="2025-04-24T12:40:08" time="0.7" tests="1">
    <testcase classname="Integration: FeaturesSection renders and handles basic user interaction" name="Integration: FeaturesSection renders and handles basic user interaction" time="0.024">
    </testcase>
  </testsuite>
  <testsuite name="Integration: HeaderHomeFour" errors="0" failures="0" skipped="0" timestamp="2025-04-24T12:40:09" time="0.749" tests="1">
    <testcase classname="Integration: HeaderHomeFour renders and handles basic user interaction" name="Integration: HeaderHomeFour renders and handles basic user interaction" time="0.105">
    </testcase>
  </testsuite>
  <testsuite name="Integration: HeaderHomeFive" errors="0" failures="0" skipped="0" timestamp="2025-04-24T12:40:09" time="0.902" tests="1">
    <testcase classname="Integration: HeaderHomeFive renders and handles basic user interaction" name="Integration: HeaderHomeFive renders and handles basic user interaction" time="0.115">
    </testcase>
  </testsuite>
  <testsuite name="Integration: HeaderErrorSix" errors="0" failures="0" skipped="0" timestamp="2025-04-24T12:40:09" time="0.906" tests="1">
    <testcase classname="Integration: HeaderErrorSix renders and handles basic user interaction" name="Integration: HeaderErrorSix renders and handles basic user interaction" time="0.062">
    </testcase>
  </testsuite>
  <testsuite name="Integration: FooterHomeFour" errors="0" failures="0" skipped="0" timestamp="2025-04-24T12:40:10" time="0.861" tests="1">
    <testcase classname="Integration: FooterHomeFour renders and handles basic user interaction" name="Integration: FooterHomeFour renders and handles basic user interaction" time="0.025">
    </testcase>
  </testsuite>
  <testsuite name="Integration: FooterHomeFive" errors="0" failures="0" skipped="0" timestamp="2025-04-24T12:40:10" time="0.644" tests="1">
    <testcase classname="Integration: FooterHomeFive renders and handles basic user interaction" name="Integration: FooterHomeFive renders and handles basic user interaction" time="0.03">
    </testcase>
  </testsuite>
  <testsuite name="Integration: SingleBlogPost" errors="0" failures="0" skipped="0" timestamp="2025-04-24T12:40:11" time="0.582" tests="1">
    <testcase classname="Integration: SingleBlogPost renders and handles basic user interaction" name="Integration: SingleBlogPost renders and handles basic user interaction" time="0.05">
    </testcase>
  </testsuite>
  <testsuite name="Integration: BlogTopSection" errors="0" failures="0" skipped="0" timestamp="2025-04-24T12:40:11" time="0.562" tests="1">
    <testcase classname="Integration: BlogTopSection renders and handles basic user interaction" name="Integration: BlogTopSection renders and handles basic user interaction" time="0.013">
    </testcase>
  </testsuite>
  <testsuite name="Integration: BlogPagination" errors="0" failures="0" skipped="0" timestamp="2025-04-24T12:40:11" time="0.609" tests="1">
    <testcase classname="Integration: BlogPagination renders and handles basic user interaction" name="Integration: BlogPagination renders and handles basic user interaction" time="0.046">
    </testcase>
  </testsuite>
  <testsuite name="Integration: HumbRevolution" errors="0" failures="0" skipped="0" timestamp="2025-04-24T12:40:12" time="0.638" tests="1">
    <testcase classname="Integration: HumbRevolution renders and handles basic user interaction" name="Integration: HumbRevolution renders and handles basic user interaction" time="0.01">
    </testcase>
  </testsuite>
  <testsuite name="Integration: WhitepaperPost" errors="0" failures="0" skipped="0" timestamp="2025-04-24T12:40:12" time="0.541" tests="1">
    <testcase classname="Integration: WhitepaperPost renders and handles basic user interaction" name="Integration: WhitepaperPost renders and handles basic user interaction" time="0.02">
    </testcase>
  </testsuite>
  <testsuite name="Integration: ContactSection" errors="0" failures="0" skipped="0" timestamp="2025-04-24T12:40:12" time="0.627" tests="1">
    <testcase classname="Integration: ContactSection renders and handles basic user interaction" name="Integration: ContactSection renders and handles basic user interaction" time="0.033">
    </testcase>
  </testsuite>
  <testsuite name="Integration: BlogPagination" errors="0" failures="0" skipped="0" timestamp="2025-04-24T12:40:12" time="0.507" tests="1">
    <testcase classname="Integration: BlogPagination renders and handles basic user interaction" name="Integration: BlogPagination renders and handles basic user interaction" time="0.026">
    </testcase>
  </testsuite>
  <testsuite name="Integration: BlogPagination" errors="0" failures="0" skipped="0" timestamp="2025-04-24T12:40:13" time="0.505" tests="1">
    <testcase classname="Integration: BlogPagination renders and handles basic user interaction" name="Integration: BlogPagination renders and handles basic user interaction" time="0.044">
    </testcase>
  </testsuite>
  <testsuite name="Integration: BlogPagination" errors="0" failures="0" skipped="0" timestamp="2025-04-24T12:40:13" time="0.494" tests="1">
    <testcase classname="Integration: BlogPagination renders and handles basic user interaction" name="Integration: BlogPagination renders and handles basic user interaction" time="0.02">
    </testcase>
  </testsuite>
  <testsuite name="Integration: FaqAccordionOne" errors="0" failures="0" skipped="0" timestamp="2025-04-24T12:40:07" time="7.249" tests="1">
    <testcase classname="Integration: FaqAccordionOne renders and handles basic user interaction" name="Integration: FaqAccordionOne renders and handles basic user interaction" time="0.039">
    </testcase>
  </testsuite>
  <testsuite name="Integration: FaqAccordionTwo" errors="0" failures="0" skipped="0" timestamp="2025-04-24T12:40:07" time="7.367" tests="1">
    <testcase classname="Integration: FaqAccordionTwo renders and handles basic user interaction" name="Integration: FaqAccordionTwo renders and handles basic user interaction" time="0.043">
    </testcase>
  </testsuite>
  <testsuite name="Integration: FaqAccordionThree" errors="0" failures="0" skipped="0" timestamp="2025-04-24T12:39:59" time="15.102" tests="1">
    <testcase classname="Integration: FaqAccordionThree renders and handles basic user interaction" name="Integration: FaqAccordionThree renders and handles basic user interaction" time="0.048">
    </testcase>
  </testsuite>
  <testsuite name="Integration: FaqAccordionFour" errors="0" failures="0" skipped="0" timestamp="2025-04-24T12:40:02" time="11.815" tests="1">
    <testcase classname="Integration: FaqAccordionFour renders and handles basic user interaction" name="Integration: FaqAccordionFour renders and handles basic user interaction" time="0.042">
    </testcase>
  </testsuite>
  <testsuite name="Integration: FilterFaqGallary" errors="0" failures="0" skipped="0" timestamp="2025-04-24T12:40:02" time="12.125" tests="1">
    <testcase classname="Integration: FilterFaqGallary renders and handles basic user interaction" name="Integration: FilterFaqGallary renders and handles basic user interaction" time="0.162">
    </testcase>
  </testsuite>
  <testsuite name="Integration: FeatureSection" errors="0" failures="0" skipped="0" timestamp="2025-04-24T12:40:14" time="0.793" tests="1">
    <testcase classname="Integration: FeatureSection renders and handles basic user interaction" name="Integration: FeatureSection renders and handles basic user interaction" time="0.016">
    </testcase>
  </testsuite>
  <testsuite name="Integration: TextSliderTwo" errors="0" failures="0" skipped="0" timestamp="2025-04-24T12:40:14" time="1.019" tests="1">
    <testcase classname="Integration: TextSliderTwo renders and handles basic user interaction" name="Integration: TextSliderTwo renders and handles basic user interaction" time="0.073">
    </testcase>
  </testsuite>
  <testsuite name="Integration: TextSliderOne" errors="0" failures="0" skipped="0" timestamp="2025-04-24T12:40:14" time="1.194" tests="1">
    <testcase classname="Integration: TextSliderOne renders and handles basic user interaction" name="Integration: TextSliderOne renders and handles basic user interaction" time="0.109">
    </testcase>
  </testsuite>
  <testsuite name="Integration: CardSliderTwo" errors="0" failures="0" skipped="0" timestamp="2025-04-24T12:40:14" time="1.334" tests="1">
    <testcase classname="Integration: CardSliderTwo renders and handles basic user interaction" name="Integration: CardSliderTwo renders and handles basic user interaction" time="0.221">
    </testcase>
  </testsuite>
  <testsuite name="Integration: HeaderHomeTwo" errors="0" failures="0" skipped="0" timestamp="2025-04-24T12:40:14" time="1.469" tests="1">
    <testcase classname="Integration: HeaderHomeTwo renders and handles basic user interaction" name="Integration: HeaderHomeTwo renders and handles basic user interaction" time="0.178">
    </testcase>
  </testsuite>
  <testsuite name="Integration: CardSliderOne" errors="0" failures="0" skipped="0" timestamp="2025-04-24T12:40:14" time="1.597" tests="1">
    <testcase classname="Integration: CardSliderOne renders and handles basic user interaction" name="Integration: CardSliderOne renders and handles basic user interaction" time="0.198">
    </testcase>
  </testsuite>
  <testsuite name="Integration: FooterHomeTwo" errors="0" failures="0" skipped="0" timestamp="2025-04-24T12:40:15" time="1.167" tests="1">
    <testcase classname="Integration: FooterHomeTwo renders and handles basic user interaction" name="Integration: FooterHomeTwo renders and handles basic user interaction" time="0.03">
    </testcase>
  </testsuite>
  <testsuite name="Integration: HeaderHomeOne" errors="0" failures="0" skipped="0" timestamp="2025-04-24T12:40:14" time="1.595" tests="1">
    <testcase classname="Integration: HeaderHomeOne renders and handles basic user interaction" name="Integration: HeaderHomeOne renders and handles basic user interaction" time="0.148">
    </testcase>
  </testsuite>
  <testsuite name="Integration: FooterHomeOne" errors="0" failures="0" skipped="0" timestamp="2025-04-24T12:40:15" time="1.347" tests="1">
    <testcase classname="Integration: FooterHomeOne renders and handles basic user interaction" name="Integration: FooterHomeOne renders and handles basic user interaction" time="0.064">
    </testcase>
  </testsuite>
  <testsuite name="Integration: BreadcrumbOne" errors="0" failures="0" skipped="0" timestamp="2025-04-24T12:40:15" time="1.188" tests="1">
    <testcase classname="Integration: BreadcrumbOne renders and handles basic user interaction" name="Integration: BreadcrumbOne renders and handles basic user interaction" time="0.018">
    </testcase>
  </testsuite>
  <testsuite name="Integration: MissionVision" errors="0" failures="0" skipped="0" timestamp="2025-04-24T12:40:16" time="1.019" tests="1">
    <testcase classname="Integration: MissionVision renders and handles basic user interaction" name="Integration: MissionVision renders and handles basic user interaction" time="0.016">
    </testcase>
  </testsuite>
  <testsuite name="Integration: MegaMenuItem" errors="0" failures="0" skipped="0" timestamp="2025-04-24T12:40:16" time="1.105" tests="1">
    <testcase classname="Integration: MegaMenuItem renders and handles basic user interaction" name="Integration: MegaMenuItem renders and handles basic user interaction" time="0.007">
    </testcase>
  </testsuite>
  <testsuite name="Integration: BlogFiltering" errors="0" failures="0" skipped="0" timestamp="2025-04-24T12:40:16" time="1.462" tests="1">
    <testcase classname="Integration: BlogFiltering renders and handles basic user interaction" name="Integration: BlogFiltering renders and handles basic user interaction" time="0.33">
    </testcase>
  </testsuite>
  <testsuite name="Integration: BlogFiltering" errors="0" failures="0" skipped="0" timestamp="2025-04-24T12:40:16" time="1.648" tests="1">
    <testcase classname="Integration: BlogFiltering renders and handles basic user interaction" name="Integration: BlogFiltering renders and handles basic user interaction" time="0.369">
    </testcase>
  </testsuite>
  <testsuite name="Integration: InnserSection" errors="0" failures="0" skipped="0" timestamp="2025-04-24T12:40:15" time="2.187" tests="1">
    <testcase classname="Integration: InnserSection renders and handles basic user interaction" name="Integration: InnserSection renders and handles basic user interaction" time="0.155">
    </testcase>
  </testsuite>
  <testsuite name="Integration: TeamHomeFour" errors="0" failures="0" skipped="0" timestamp="2025-04-24T12:40:16" time="1.647" tests="1">
    <testcase classname="Integration: TeamHomeFour renders and handles basic user interaction" name="Integration: TeamHomeFour renders and handles basic user interaction" time="0.05">
    </testcase>
  </testsuite>
  <testsuite name="Integration: ChartSection" errors="0" failures="0" skipped="0" timestamp="2025-04-24T12:40:17" time="1.25" tests="1">
    <testcase classname="Integration: ChartSection renders and handles basic user interaction" name="Integration: ChartSection renders and handles basic user interaction" time="0.016">
    </testcase>
  </testsuite>
  <testsuite name="Integration: InnerSection" errors="0" failures="0" skipped="0" timestamp="2025-04-24T12:40:17" time="1.137" tests="1">
    <testcase classname="Integration: InnerSection renders and handles basic user interaction" name="Integration: InnerSection renders and handles basic user interaction" time="0.056">
    </testcase>
  </testsuite>
  <testsuite name="second-level-dropdown-item" errors="0" failures="0" skipped="0" timestamp="2025-04-24T12:40:17" time="1.17" tests="1">
    <testcase classname="second-level-dropdown-item renders without crashing" name="second-level-dropdown-item renders without crashing" time="0.017">
    </testcase>
  </testsuite>
  <testsuite name="Integration: VideoSection" errors="0" failures="0" skipped="0" timestamp="2025-04-24T12:40:17" time="1.303" tests="1">
    <testcase classname="Integration: VideoSection renders and handles basic user interaction" name="Integration: VideoSection renders and handles basic user interaction" time="0.17">
    </testcase>
  </testsuite>
  <testsuite name="undefined" errors="0" failures="0" skipped="0" timestamp="2025-04-24T12:40:18" time="0.956" tests="1">
    <testcase classname=" should render dropdown item with href" name=" should render dropdown item with href" time="0.024">
    </testcase>
  </testsuite>
  <testsuite name="Integration: InnerSection" errors="0" failures="0" skipped="0" timestamp="2025-04-24T12:40:17" time="2.508" tests="1">
    <testcase classname="Integration: InnerSection renders and handles basic user interaction" name="Integration: InnerSection renders and handles basic user interaction" time="0.119">
    </testcase>
  </testsuite>
  <testsuite name="Integration: TeamSection" errors="0" failures="0" skipped="0" timestamp="2025-04-24T12:40:18" time="1.011" tests="1">
    <testcase classname="Integration: TeamSection renders and handles basic user interaction" name="Integration: TeamSection renders and handles basic user interaction" time="0.181">
    </testcase>
  </testsuite>
  <testsuite name="Integration: TeamSection" errors="0" failures="0" skipped="0" timestamp="2025-04-24T12:40:18" time="1.29" tests="1">
    <testcase classname="Integration: TeamSection renders and handles basic user interaction" name="Integration: TeamSection renders and handles basic user interaction" time="0.163">
    </testcase>
  </testsuite>
  <testsuite name="Integration: HeroSection" errors="0" failures="0" skipped="0" timestamp="2025-04-24T12:40:19" time="1.249" tests="1">
    <testcase classname="Integration: HeroSection renders and handles basic user interaction" name="Integration: HeroSection renders and handles basic user interaction" time="0.065">
    </testcase>
  </testsuite>
  <testsuite name="Integration: LogoSection" errors="0" failures="0" skipped="0" timestamp="2025-04-24T12:40:19" time="1.582" tests="1">
    <testcase classname="Integration: LogoSection renders and handles basic user interaction" name="Integration: LogoSection renders and handles basic user interaction" time="0.085">
    </testcase>
  </testsuite>
  <testsuite name="Integration: TeamSection" errors="0" failures="0" skipped="0" timestamp="2025-04-24T12:40:19" time="1.814" tests="1">
    <testcase classname="Integration: TeamSection renders and handles basic user interaction" name="Integration: TeamSection renders and handles basic user interaction" time="0.074">
    </testcase>
  </testsuite>
  <testsuite name="Integration: TeamSection" errors="0" failures="0" skipped="0" timestamp="2025-04-24T12:40:18" time="2.149" tests="1">
    <testcase classname="Integration: TeamSection renders and handles basic user interaction" name="Integration: TeamSection renders and handles basic user interaction" time="0.232">
    </testcase>
  </testsuite>
  <testsuite name="Integration: BlogSection" errors="0" failures="0" skipped="0" timestamp="2025-04-24T12:40:19" time="1.491" tests="1">
    <testcase classname="Integration: BlogSection renders and handles basic user interaction" name="Integration: BlogSection renders and handles basic user interaction" time="0.025">
    </testcase>
  </testsuite>
  <testsuite name="Integration: TeamSection" errors="0" failures="0" skipped="0" timestamp="2025-04-24T12:40:19" time="1.472" tests="1">
    <testcase classname="Integration: TeamSection renders and handles basic user interaction" name="Integration: TeamSection renders and handles basic user interaction" time="0.053">
    </testcase>
  </testsuite>
  <testsuite name="Integration: LocationPin" errors="0" failures="0" skipped="0" timestamp="2025-04-24T12:40:19" time="1.558" tests="1">
    <testcase classname="Integration: LocationPin renders and handles basic user interaction" name="Integration: LocationPin renders and handles basic user interaction" time="0.008">
    </testcase>
  </testsuite>
  <testsuite name="Integration: FaqHomeOne" errors="0" failures="0" skipped="0" timestamp="2025-04-24T12:40:20" time="1.18" tests="1">
    <testcase classname="Integration: FaqHomeOne renders and handles basic user interaction" name="Integration: FaqHomeOne renders and handles basic user interaction" time="0.024">
    </testcase>
  </testsuite>
  <testsuite name="Integration: CtaHomeOne" errors="0" failures="0" skipped="0" timestamp="2025-04-24T12:40:21" time="1.044" tests="1">
    <testcase classname="Integration: CtaHomeOne renders and handles basic user interaction" name="Integration: CtaHomeOne renders and handles basic user interaction" time="0.036">
    </testcase>
  </testsuite>
  <testsuite name="Integration: FaqSection" errors="0" failures="0" skipped="0" timestamp="2025-04-24T12:40:21" time="1.082" tests="1">
    <testcase classname="Integration: FaqSection renders and handles basic user interaction" name="Integration: FaqSection renders and handles basic user interaction" time="0.015">
    </testcase>
  </testsuite>
  <testsuite name="Integration: SectionOne" errors="0" failures="0" skipped="0" timestamp="2025-04-24T12:40:21" time="0.939" tests="1">
    <testcase classname="Integration: SectionOne renders and handles basic user interaction" name="Integration: SectionOne renders and handles basic user interaction" time="0.01">
    </testcase>
  </testsuite>
  <testsuite name="Integration: Breadcrumb" errors="0" failures="0" skipped="0" timestamp="2025-04-24T12:40:21" time="0.947" tests="1">
    <testcase classname="Integration: Breadcrumb renders and handles basic user interaction" name="Integration: Breadcrumb renders and handles basic user interaction" time="0.016">
    </testcase>
  </testsuite>
  <testsuite name="Integration: SectionOne" errors="0" failures="0" skipped="0" timestamp="2025-04-24T12:40:21" time="1.19" tests="1">
    <testcase classname="Integration: SectionOne renders and handles basic user interaction" name="Integration: SectionOne renders and handles basic user interaction" time="0.039">
    </testcase>
  </testsuite>
  <testsuite name="Integration: Breadcrumb" errors="0" failures="0" skipped="0" timestamp="2025-04-24T12:40:21" time="1.062" tests="1">
    <testcase classname="Integration: Breadcrumb renders and handles basic user interaction" name="Integration: Breadcrumb renders and handles basic user interaction" time="0.015">
    </testcase>
  </testsuite>
  <testsuite name="Integration: Breadcrumb" errors="0" failures="0" skipped="0" timestamp="2025-04-24T12:40:22" time="0.959" tests="1">
    <testcase classname="Integration: Breadcrumb renders and handles basic user interaction" name="Integration: Breadcrumb renders and handles basic user interaction" time="0.016">
    </testcase>
  </testsuite>
  <testsuite name="Integration: Breadcrumb" errors="0" failures="0" skipped="0" timestamp="2025-04-24T12:40:22" time="0.886" tests="1">
    <testcase classname="Integration: Breadcrumb renders and handles basic user interaction" name="Integration: Breadcrumb renders and handles basic user interaction" time="0.018">
    </testcase>
  </testsuite>
  <testsuite name="Integration: Breadcrumb" errors="0" failures="0" skipped="0" timestamp="2025-04-24T12:40:22" time="1.002" tests="1">
    <testcase classname="Integration: Breadcrumb renders and handles basic user interaction" name="Integration: Breadcrumb renders and handles basic user interaction" time="0.014">
    </testcase>
  </testsuite>
  <testsuite name="Integration: Preloader" errors="0" failures="0" skipped="0" timestamp="2025-04-24T12:40:22" time="0.946" tests="1">
    <testcase classname="Integration: Preloader renders and handles basic user interaction" name="Integration: Preloader renders and handles basic user interaction" time="0.009">
    </testcase>
  </testsuite>
  <testsuite name="Integration: BlogPost" errors="0" failures="0" skipped="0" timestamp="2025-04-24T12:40:22" time="0.898" tests="1">
    <testcase classname="Integration: BlogPost renders and handles basic user interaction" name="Integration: BlogPost renders and handles basic user interaction" time="0.02">
    </testcase>
  </testsuite>
  <testsuite name="Integration: NavItem" errors="0" failures="0" skipped="0" timestamp="2025-04-24T12:40:22" time="0.97" tests="1">
    <testcase classname="Integration: NavItem renders and handles basic user interaction" name="Integration: NavItem renders and handles basic user interaction" time="0.061">
    </testcase>
  </testsuite>
  <testsuite name="Integration: Trading" errors="0" failures="0" skipped="0" timestamp="2025-04-24T12:40:22" time="1.061" tests="1">
    <testcase classname="Integration: Trading renders and handles basic user interaction" name="Integration: Trading renders and handles basic user interaction" time="0.103">
    </testcase>
  </testsuite>
  <testsuite name="Integration: Navbar" errors="0" failures="0" skipped="0" timestamp="2025-04-24T12:40:23" time="0.87" tests="1">
    <testcase classname="Integration: Navbar renders and handles basic user interaction" name="Integration: Navbar renders and handles basic user interaction" time="0.007">
    </testcase>
  </testsuite>
  <testsuite name="Integration: Profit" errors="0" failures="0" skipped="0" timestamp="2025-04-24T12:40:23" time="1.044" tests="1">
    <testcase classname="Integration: Profit renders and handles basic user interaction" name="Integration: Profit renders and handles basic user interaction" time="0.049">
    </testcase>
  </testsuite>
  <testsuite name="Integration: Instant" errors="0" failures="0" skipped="0" timestamp="2025-04-24T12:40:23" time="1.14" tests="1">
    <testcase classname="Integration: Instant renders and handles basic user interaction" name="Integration: Instant renders and handles basic user interaction" time="0.014">
    </testcase>
  </testsuite>
  <testsuite name="Integration: Index" errors="0" failures="0" skipped="0" timestamp="2025-04-24T12:40:23" time="0.922" tests="1">
    <testcase classname="Integration: Index renders and handles basic user interaction" name="Integration: Index renders and handles basic user interaction" time="0.025">
    </testcase>
  </testsuite>
  <testsuite name="MegaDropdownItem Unit Test" errors="0" failures="0" skipped="0" timestamp="2025-04-24T12:40:23" time="0.914" tests="1">
    <testcase classname="MegaDropdownItem Unit Test renders without crashing" name="MegaDropdownItem Unit Test renders without crashing" time="0.029">
    </testcase>
  </testsuite>
  <testsuite name="breadcrumb" errors="0" failures="0" skipped="0" timestamp="2025-04-24T12:40:23" time="0.971" tests="1">
    <testcase classname="breadcrumb renders without crashing" name="breadcrumb renders without crashing" time="0.017">
    </testcase>
  </testsuite>
  <testsuite name="mega-menu" errors="0" failures="0" skipped="0" timestamp="2025-04-24T12:40:23" time="1" tests="1">
    <testcase classname="mega-menu renders without crashing" name="mega-menu renders without crashing" time="0.125">
    </testcase>
  </testsuite>
  <testsuite name="democratising-healthcare-single-blogs-details" errors="0" failures="0" skipped="0" timestamp="2025-04-24T12:40:24" time="1.135" tests="1">
    <testcase classname="democratising-healthcare-single-blogs-details renders without crashing" name="democratising-healthcare-single-blogs-details renders without crashing" time="0.047">
    </testcase>
  </testsuite>
  <testsuite name="tokenization-single-blogs-details" errors="0" failures="0" skipped="0" timestamp="2025-04-24T12:40:24" time="1.33" tests="1">
    <testcase classname="tokenization-single-blogs-details renders without crashing" name="tokenization-single-blogs-details renders without crashing" time="0.04">
    </testcase>
  </testsuite>
  <testsuite name="DropdownMenu unit test" errors="0" failures="0" skipped="0" timestamp="2025-04-24T12:40:24" time="1.466" tests="1">
    <testcase classname="DropdownMenu unit test renders without crashing" name="DropdownMenu unit test renders without crashing" time="0.009">
    </testcase>
  </testsuite>
  <testsuite name="blockchain-transforming-healthcar" errors="0" failures="0" skipped="0" timestamp="2025-04-24T12:40:24" time="1.173" tests="1">
    <testcase classname="blockchain-transforming-healthcar renders without crashing" name="blockchain-transforming-healthcar renders without crashing" time="0.037">
    </testcase>
  </testsuite>
  <testsuite name="whitepaper-single-blogs-details" errors="0" failures="0" skipped="0" timestamp="2025-04-24T12:40:24" time="1.292" tests="1">
    <testcase classname="whitepaper-single-blogs-details renders without crashing" name="whitepaper-single-blogs-details renders without crashing" time="0.037">
    </testcase>
  </testsuite>
  <testsuite name="undefined" errors="0" failures="0" skipped="0" timestamp="2025-04-24T12:40:24" time="2.432" tests="1">
    <testcase classname=" should render map section with location" name=" should render map section with location" time="0.277">
    </testcase>
  </testsuite>
  <testsuite name="MapSection Unit Test" errors="0" failures="0" skipped="0" timestamp="2025-04-24T12:40:24" time="2.176" tests="1">
    <testcase classname="MapSection Unit Test renders without crashing" name="MapSection Unit Test renders without crashing" time="0.299">
    </testcase>
  </testsuite>
  <testsuite name="BreadcrumbSection" errors="0" failures="0" skipped="0" timestamp="2025-04-24T12:40:26" time="0.798" tests="1">
    <testcase classname="BreadcrumbSection renders without crashing" name="BreadcrumbSection renders without crashing" time="0.021">
    </testcase>
  </testsuite>
  <testsuite name="BreadcrumbSection" errors="0" failures="0" skipped="0" timestamp="2025-04-24T12:40:26" time="0.914" tests="1">
    <testcase classname="BreadcrumbSection renders without crashing" name="BreadcrumbSection renders without crashing" time="0.018">
    </testcase>
  </testsuite>
  <testsuite name="BreadcrumbSection" errors="0" failures="0" skipped="0" timestamp="2025-04-24T12:40:26" time="0.794" tests="1">
    <testcase classname="BreadcrumbSection renders without crashing" name="BreadcrumbSection renders without crashing" time="0.019">
    </testcase>
  </testsuite>
  <testsuite name="BreadcrumbSection" errors="0" failures="0" skipped="0" timestamp="2025-04-24T12:40:26" time="0.846" tests="1">
    <testcase classname="BreadcrumbSection renders without crashing" name="BreadcrumbSection renders without crashing" time="0.02">
    </testcase>
  </testsuite>
  <testsuite name="BreadcrumbSection" errors="0" failures="0" skipped="0" timestamp="2025-04-24T12:40:26" time="0.783" tests="1">
    <testcase classname="BreadcrumbSection renders without crashing" name="BreadcrumbSection renders without crashing" time="0.009">
    </testcase>
  </testsuite>
  <testsuite name="BreadcrumbSection" errors="0" failures="0" skipped="0" timestamp="2025-04-24T12:40:26" time="0.818" tests="1">
    <testcase classname="BreadcrumbSection renders without crashing" name="BreadcrumbSection renders without crashing" time="0.017">
    </testcase>
  </testsuite>
  <testsuite name="content-with-photo-section-two" errors="0" failures="0" skipped="0" timestamp="2025-04-24T12:40:26" time="0.834" tests="1">
    <testcase classname="content-with-photo-section-two renders without crashing" name="content-with-photo-section-two renders without crashing" time="0.033">
    </testcase>
  </testsuite>
  <testsuite name="single-blog-sidebar-section" errors="0" failures="0" skipped="0" timestamp="2025-04-24T12:40:26" time="1.049" tests="1">
    <testcase classname="single-blog-sidebar-section renders without crashing" name="single-blog-sidebar-section renders without crashing" time="0.037">
    </testcase>
  </testsuite>
  <testsuite name="CardSliderTwo" errors="0" failures="0" skipped="0" timestamp="2025-04-24T12:40:27" time="1.597" tests="1">
    <testcase classname="CardSliderTwo renders without crashing" name="CardSliderTwo renders without crashing" time="0.516">
    </testcase>
  </testsuite>
  <testsuite name="CardSliderOne" errors="0" failures="0" skipped="0" timestamp="2025-04-24T12:40:26" time="1.286" tests="1">
    <testcase classname="CardSliderOne renders without crashing" name="CardSliderOne renders without crashing" time="0.333">
    </testcase>
  </testsuite>
  <testsuite name="whitepaper-sidebar-section" errors="0" failures="0" skipped="0" timestamp="2025-04-24T12:40:27" time="1.336" tests="1">
    <testcase classname="whitepaper-sidebar-section renders without crashing" name="whitepaper-sidebar-section renders without crashing" time="0.033">
    </testcase>
  </testsuite>
  <testsuite name="healthcare-and-cryptoworld" errors="0" failures="0" skipped="0" timestamp="2025-04-24T12:40:27" time="1.536" tests="1">
    <testcase classname="healthcare-and-cryptoworld renders without crashing" name="healthcare-and-cryptoworld renders without crashing" time="0.047">
    </testcase>
  </testsuite>
  <testsuite name="content-with-photo-section" errors="0" failures="0" skipped="0" timestamp="2025-04-24T12:40:27" time="1.535" tests="1">
    <testcase classname="content-with-photo-section renders without crashing" name="content-with-photo-section renders without crashing" time="0.053">
    </testcase>
  </testsuite>
  <testsuite name="project-execution-section" errors="0" failures="0" skipped="0" timestamp="2025-04-24T12:40:27" time="1.434" tests="1">
    <testcase classname="project-execution-section renders without crashing" name="project-execution-section renders without crashing" time="0.034">
    </testcase>
  </testsuite>
  <testsuite name="inovative-service-section" errors="0" failures="0" skipped="0" timestamp="2025-04-24T12:40:28" time="1.021" tests="1">
    <testcase classname="inovative-service-section renders without crashing" name="inovative-service-section renders without crashing" time="0.054">
    </testcase>
  </testsuite>
  <testsuite name="related-project-section" errors="0" failures="0" skipped="0" timestamp="2025-04-24T12:40:29" time="1.12" tests="1">
    <testcase classname="related-project-section renders without crashing" name="related-project-section renders without crashing" time="0.048">
    </testcase>
  </testsuite>
  <testsuite name="whitepaperCrumb-section" errors="0" failures="0" skipped="0" timestamp="2025-04-24T12:40:29" time="1.175" tests="1">
    <testcase classname="whitepaperCrumb-section renders without crashing" name="whitepaperCrumb-section renders without crashing" time="0.059">
    </testcase>
  </testsuite>
  <testsuite name="blog-dark-inner-section" errors="0" failures="0" skipped="0" timestamp="2025-04-24T12:40:29" time="1.186" tests="1">
    <testcase classname="blog-dark-inner-section renders without crashing" name="blog-dark-inner-section renders without crashing" time="0.069">
    </testcase>
  </testsuite>
  <testsuite name="project-details-section" errors="0" failures="0" skipped="0" timestamp="2025-04-24T12:40:29" time="1.295" tests="1">
    <testcase classname="project-details-section renders without crashing" name="project-details-section renders without crashing" time="0.036">
    </testcase>
  </testsuite>
  <testsuite name="testimonial-slider-two" errors="0" failures="0" skipped="0" timestamp="2025-04-24T12:40:29" time="1.422" tests="1">
    <testcase classname="testimonial-slider-two renders without crashing" name="testimonial-slider-two renders without crashing" time="0.037">
    </testcase>
  </testsuite>
  <testsuite name="testimonial-slider-one" errors="0" failures="0" skipped="0" timestamp="2025-04-24T12:40:29" time="1.243" tests="1">
    <testcase classname="testimonial-slider-one renders without crashing" name="testimonial-slider-one renders without crashing" time="0.042">
    </testcase>
  </testsuite>
  <testsuite name="choose-service-section" errors="0" failures="0" skipped="0" timestamp="2025-04-24T12:40:30" time="0.991" tests="1">
    <testcase classname="choose-service-section renders without crashing" name="choose-service-section renders without crashing" time="0.037">
    </testcase>
  </testsuite>
  <testsuite name="comment-input-section" errors="0" failures="0" skipped="0" timestamp="2025-04-24T12:40:30" time="0.985" tests="1">
    <testcase classname="comment-input-section renders without crashing" name="comment-input-section renders without crashing" time="0.04">
    </testcase>
  </testsuite>
  <testsuite name="single-blog-container" errors="0" failures="0" skipped="0" timestamp="2025-04-24T12:40:30" time="1.249" tests="1">
    <testcase classname="single-blog-container renders without crashing" name="single-blog-container renders without crashing" time="0.056">
    </testcase>
  </testsuite>
  <testsuite name="project-thumb-section" errors="0" failures="0" skipped="0" timestamp="2025-04-24T12:40:30" time="1.078" tests="1">
    <testcase classname="project-thumb-section renders without crashing" name="project-thumb-section renders without crashing" time="0.045">
    </testcase>
  </testsuite>
  <testsuite name="project-about-section" errors="0" failures="0" skipped="0" timestamp="2025-04-24T12:40:30" time="0.917" tests="1">
    <testcase classname="project-about-section renders without crashing" name="project-about-section renders without crashing" time="0.034">
    </testcase>
  </testsuite>
  <testsuite name="communication-section" errors="0" failures="0" skipped="0" timestamp="2025-04-24T12:40:31" time="0.934" tests="1">
    <testcase classname="communication-section renders without crashing" name="communication-section renders without crashing" time="0.046">
    </testcase>
  </testsuite>
  <testsuite name="blog-sidebar-section" errors="0" failures="0" skipped="0" timestamp="2025-04-24T12:40:31" time="1.014" tests="1">
    <testcase classname="blog-sidebar-section renders without crashing" name="blog-sidebar-section renders without crashing" time="0.037">
    </testcase>
  </testsuite>
  <testsuite name="blog-content-section" errors="0" failures="0" skipped="0" timestamp="2025-04-24T12:40:31" time="0.867" tests="1">
    <testcase classname="blog-content-section renders without crashing" name="blog-content-section renders without crashing" time="0.028">
    </testcase>
  </testsuite>
  <testsuite name="comment-list-section" errors="0" failures="0" skipped="0" timestamp="2025-04-24T12:40:31" time="0.893" tests="1">
    <testcase classname="comment-list-section renders without crashing" name="comment-list-section renders without crashing" time="0.06">
    </testcase>
  </testsuite>
  <testsuite name="contact-form-section" errors="0" failures="0" skipped="0" timestamp="2025-04-24T12:40:31" time="1.001" tests="1">
    <testcase classname="contact-form-section renders without crashing" name="contact-form-section renders without crashing" time="0.045">
    </testcase>
  </testsuite>
  <testsuite name="contact-form-section" errors="0" failures="0" skipped="0" timestamp="2025-04-24T12:40:31" time="1.017" tests="1">
    <testcase classname="contact-form-section renders without crashing" name="contact-form-section renders without crashing" time="0.051">
    </testcase>
  </testsuite>
  <testsuite name="job-position-section" errors="0" failures="0" skipped="0" timestamp="2025-04-24T12:40:31" time="1.056" tests="1">
    <testcase classname="job-position-section renders without crashing" name="job-position-section renders without crashing" time="0.042">
    </testcase>
  </testsuite>
  <testsuite name="video-section-three" errors="0" failures="0" skipped="0" timestamp="2025-04-24T12:40:32" time="1.02" tests="1">
    <testcase classname="video-section-three renders without crashing" name="video-section-three renders without crashing" time="0.039">
    </testcase>
  </testsuite>
  <testsuite name="pricing-section-two" errors="0" failures="0" skipped="0" timestamp="2025-04-24T12:40:32" time="1.071" tests="1">
    <testcase classname="pricing-section-two renders without crashing" name="pricing-section-two renders without crashing" time="0.037">
    </testcase>
  </testsuite>
  <testsuite name="pricing-section-one" errors="0" failures="0" skipped="0" timestamp="2025-04-24T12:40:32" time="1.056" tests="1">
    <testcase classname="pricing-section-one renders without crashing" name="pricing-section-one renders without crashing" time="0.034">
    </testcase>
  </testsuite>
  <testsuite name="feature-section-two" errors="0" failures="0" skipped="0" timestamp="2025-04-24T12:40:32" time="1.031" tests="1">
    <testcase classname="feature-section-two renders without crashing" name="feature-section-two renders without crashing" time="0.043">
    </testcase>
  </testsuite>
  <testsuite name="feature-one-section" errors="0" failures="0" skipped="0" timestamp="2025-04-24T12:40:32" time="1.069" tests="1">
    <testcase classname="feature-one-section renders without crashing" name="feature-one-section renders without crashing" time="0.047">
    </testcase>
  </testsuite>
  <testsuite name="faq-accordion-three" errors="0" failures="0" skipped="0" timestamp="2025-04-24T12:40:32" time="1.249" tests="1">
    <testcase classname="faq-accordion-three renders without crashing" name="faq-accordion-three renders without crashing" time="0.035">
    </testcase>
  </testsuite>
  <testsuite name="counter-one-section" errors="0" failures="0" skipped="0" timestamp="2025-04-24T12:40:33" time="1.058" tests="1">
    <testcase classname="counter-one-section renders without crashing" name="counter-one-section renders without crashing" time="0.029">
    </testcase>
  </testsuite>
  <testsuite name="breadcrumbs-section" errors="0" failures="0" skipped="0" timestamp="2025-04-24T12:40:33" time="1.018" tests="1">
    <testcase classname="breadcrumbs-section renders without crashing" name="breadcrumbs-section renders without crashing" time="0.063">
    </testcase>
  </testsuite>
  <testsuite name="testimonial-section" errors="0" failures="0" skipped="0" timestamp="2025-04-24T12:40:33" time="0.998" tests="1">
    <testcase classname="testimonial-section renders without crashing" name="testimonial-section renders without crashing" time="0.043">
    </testcase>
  </testsuite>
  <testsuite name="single-team-section" errors="0" failures="0" skipped="0" timestamp="2025-04-24T12:40:33" time="0.928" tests="1">
    <testcase classname="single-team-section renders without crashing" name="single-team-section renders without crashing" time="0.049">
    </testcase>
  </testsuite>
  <testsuite name="breadcrumbs-section" errors="0" failures="0" skipped="0" timestamp="2025-04-24T12:40:33" time="0.967" tests="1">
    <testcase classname="breadcrumbs-section renders without crashing" name="breadcrumbs-section renders without crashing" time="0.04">
    </testcase>
  </testsuite>
  <testsuite name="communicate-section" errors="0" failures="0" skipped="0" timestamp="2025-04-24T12:40:33" time="0.92" tests="1">
    <testcase classname="communicate-section renders without crashing" name="communicate-section renders without crashing" time="0.031">
    </testcase>
  </testsuite>
  <testsuite name="breadcrumbs-section" errors="0" failures="0" skipped="0" timestamp="2025-04-24T12:40:34" time="0.96" tests="1">
[...]
    </testcase>
  </testsuite>
  <testsuite name="breadcrumb-section" errors="0" failures="0" skipped="0" timestamp="2025-04-24T12:40:35" time="1.066" tests="1">
    <testcase classname="breadcrumb-section renders without crashing" name="breadcrumb-section renders without crashing" time="0.083">
    </testcase>
  </testsuite>
  <testsuite name="newsletter-section" errors="0" failures="0" skipped="0" timestamp="2025-04-24T12:40:36" time="0.99" tests="1">
    <testcase classname="newsletter-section renders without crashing" name="newsletter-section renders without crashing" time="0.047">
    </testcase>
  </testsuite>
  <testsuite name="blog-inner-section" errors="0" failures="0" skipped="0" timestamp="2025-04-24T12:40:36" time="0.939" tests="1">
    <testcase classname="blog-inner-section renders without crashing" name="blog-inner-section renders without crashing" time="0.029">
    </testcase>
  </testsuite>
  <testsuite name="blog-inner-section" errors="0" failures="0" skipped="0" timestamp="2025-04-24T12:40:36" time="0.954" tests="1">
    <testcase classname="blog-inner-section renders without crashing" name="blog-inner-section renders without crashing" time="0.069">
    </testcase>
  </testsuite>
  <testsuite name="blog-inner-section" errors="0" failures="0" skipped="0" timestamp="2025-04-24T12:40:36" time="1.034" tests="1">
    <testcase classname="blog-inner-section renders without crashing" name="blog-inner-section renders without crashing" time="0.041">
    </testcase>
  </testsuite>
  <testsuite name="text-slider-three" errors="0" failures="0" skipped="0" timestamp="2025-04-24T12:40:36" time="1.026" tests="1">
    <testcase classname="text-slider-three renders without crashing" name="text-slider-three renders without crashing" time="0.029">
    </testcase>
  </testsuite>
  <testsuite name="client-slider-two" errors="0" failures="0" skipped="0" timestamp="2025-04-24T12:40:37" time="1.054" tests="1">
    <testcase classname="client-slider-two renders without crashing" name="client-slider-two renders without crashing" time="0.031">
    </testcase>
  </testsuite>
  <testsuite name="client-slider-one" errors="0" failures="0" skipped="0" timestamp="2025-04-24T12:40:37" time="1.062" tests="1">
    <testcase classname="client-slider-one renders without crashing" name="client-slider-one renders without crashing" time="0.035">
    </testcase>
  </testsuite>
  <testsuite name="header-home-three" errors="0" failures="0" skipped="0" timestamp="2025-04-24T12:40:37" time="1.044" tests="1">
    <testcase classname="header-home-three renders without crashing" name="header-home-three renders without crashing" time="0.049">
    </testcase>
  </testsuite>
  <testsuite name="footer-home-three" errors="0" failures="0" skipped="0" timestamp="2025-04-24T12:40:37" time="1.253" tests="1">
    <testcase classname="footer-home-three renders without crashing" name="footer-home-three renders without crashing" time="0.058">
    </testcase>
  </testsuite>
  <testsuite name="video-section-two" errors="0" failures="0" skipped="0" timestamp="2025-04-24T12:40:37" time="1.172" tests="1">
    <testcase classname="video-section-two renders without crashing" name="video-section-two renders without crashing" time="0.042">
    </testcase>
  </testsuite>
  <testsuite name="video-section-six" errors="0" failures="0" skipped="0" timestamp="2025-04-24T12:40:37" time="1.039" tests="1">
    <testcase classname="video-section-six renders without crashing" name="video-section-six renders without crashing" time="0.031">
    </testcase>
  </testsuite>
  <testsuite name="video-section-one" errors="0" failures="0" skipped="0" timestamp="2025-04-24T12:40:38" time="0.96" tests="1">
    <testcase classname="video-section-one renders without crashing" name="video-section-one renders without crashing" time="0.051">
    </testcase>
  </testsuite>
  <testsuite name="faq-accordion-two" errors="0" failures="0" skipped="0" timestamp="2025-04-24T12:40:38" time="1.333" tests="1">
    <testcase classname="faq-accordion-two renders without crashing" name="faq-accordion-two renders without crashing" time="0.034">
    </testcase>
  </testsuite>
  <testsuite name="faq-accordion-one" errors="0" failures="0" skipped="0" timestamp="2025-04-24T12:40:38" time="1.308" tests="1">
    <testcase classname="faq-accordion-one renders without crashing" name="faq-accordion-one renders without crashing" time="0.041">
    </testcase>
  </testsuite>
  <testsuite name="team-info-section" errors="0" failures="0" skipped="0" timestamp="2025-04-24T12:40:38" time="0.831" tests="1">
    <testcase classname="team-info-section renders without crashing" name="team-info-section renders without crashing" time="0.032">
    </testcase>
  </testsuite>
  <testsuite name="blog-post-section" errors="0" failures="0" skipped="0" timestamp="2025-04-24T12:40:38" time="0.923" tests="1">
    <testcase classname="blog-post-section renders without crashing" name="blog-post-section renders without crashing" time="0.034">
    </testcase>
  </testsuite>
  <testsuite name="countdown-section" errors="0" failures="0" skipped="0" timestamp="2025-04-24T12:40:39" time="0.948" tests="1">
    <testcase classname="countdown-section renders without crashing" name="countdown-section renders without crashing" time="0.043">
    </testcase>
  </testsuite>
  <testsuite name="header-home-four" errors="0" failures="0" skipped="0" timestamp="2025-04-24T12:40:39" time="0.954" tests="1">
    <testcase classname="header-home-four renders without crashing" name="header-home-four renders without crashing" time="0.033">
    </testcase>
  </testsuite>
  <testsuite name="header-home-five" errors="0" failures="0" skipped="0" timestamp="2025-04-24T12:40:39" time="0.964" tests="1">
    <testcase classname="header-home-five renders without crashing" name="header-home-five renders without crashing" time="0.033">
    </testcase>
  </testsuite>
  <testsuite name="footer-home-four" errors="0" failures="0" skipped="0" timestamp="2025-04-24T12:40:39" time="1.023" tests="1">
    <testcase classname="footer-home-four renders without crashing" name="footer-home-four renders without crashing" time="0.057">
    </testcase>
  </testsuite>
  <testsuite name="features-section" errors="0" failures="0" skipped="0" timestamp="2025-04-24T12:40:39" time="0.971" tests="1">
    <testcase classname="features-section renders without crashing" name="features-section renders without crashing" time="0.042">
    </testcase>
  </testsuite>
  <testsuite name="footer-home-five" errors="0" failures="0" skipped="0" timestamp="2025-04-24T12:40:39" time="1.088" tests="1">
    <testcase classname="footer-home-five renders without crashing" name="footer-home-five renders without crashing" time="0.032">
    </testcase>
  </testsuite>
  <testsuite name="header-error-six" errors="0" failures="0" skipped="0" timestamp="2025-04-24T12:40:39" time="1.305" tests="1">
    <testcase classname="header-error-six renders without crashing" name="header-error-six renders without crashing" time="0.036">
    </testcase>
  </testsuite>
  <testsuite name="single-blog-post" errors="0" failures="0" skipped="0" timestamp="2025-04-24T12:40:40" time="1.115" tests="1">
    <testcase classname="single-blog-post renders without crashing" name="single-blog-post renders without crashing" time="0.036">
    </testcase>
  </testsuite>
  <testsuite name="blog-top-section" errors="0" failures="0" skipped="0" timestamp="2025-04-24T12:40:40" time="1.104" tests="1">
    <testcase classname="blog-top-section renders without crashing" name="blog-top-section renders without crashing" time="0.064">
    </testcase>
  </testsuite>
  <testsuite name="text-slider-two" errors="0" failures="0" skipped="0" timestamp="2025-04-24T12:40:40" time="1.029" tests="1">
    <testcase classname="text-slider-two renders without crashing" name="text-slider-two renders without crashing" time="0.036">
    </testcase>
  </testsuite>
  <testsuite name="text-slider-one" errors="0" failures="0" skipped="0" timestamp="2025-04-24T12:40:40" time="1" tests="1">
    <testcase classname="text-slider-one renders without crashing" name="text-slider-one renders without crashing" time="0.046">
    </testcase>
  </testsuite>
  <testsuite name="footer-home-two" errors="0" failures="0" skipped="0" timestamp="2025-04-24T12:40:41" time="0.938" tests="1">
    <testcase classname="footer-home-two renders without crashing" name="footer-home-two renders without crashing" time="0.04">
    </testcase>
  </testsuite>
  <testsuite name="header-home-two" errors="0" failures="0" skipped="0" timestamp="2025-04-24T12:40:41" time="1.037" tests="1">
    <testcase classname="header-home-two renders without crashing" name="header-home-two renders without crashing" time="0.027">
    </testcase>
  </testsuite>
  <testsuite name="footer-home-one" errors="0" failures="0" skipped="0" timestamp="2025-04-24T12:40:41" time="1.005" tests="1">
    <testcase classname="footer-home-one renders without crashing" name="footer-home-one renders without crashing" time="0.031">
    </testcase>
  </testsuite>
  <testsuite name="header-home-one" errors="0" failures="0" skipped="0" timestamp="2025-04-24T12:40:41" time="1.218" tests="1">
    <testcase classname="header-home-one renders without crashing" name="header-home-one renders without crashing" time="0.048">
    </testcase>
  </testsuite>
  <testsuite name="humb-revolution" errors="0" failures="0" skipped="0" timestamp="2025-04-24T12:40:41" time="0.992" tests="1">
    <testcase classname="humb-revolution renders without crashing" name="humb-revolution renders without crashing" time="0.029">
    </testcase>
  </testsuite>
  <testsuite name="blog-pagination" errors="0" failures="0" skipped="0" timestamp="2025-04-24T12:40:41" time="1.165" tests="1">
    <testcase classname="blog-pagination renders without crashing" name="blog-pagination renders without crashing" time="0.032">
    </testcase>
  </testsuite>
  <testsuite name="whitepaper-post" errors="0" failures="0" skipped="0" timestamp="2025-04-24T12:40:42" time="0.991" tests="1">
    <testcase classname="whitepaper-post renders without crashing" name="whitepaper-post renders without crashing" time="0.038">
    </testcase>
  </testsuite>
  <testsuite name="contact-section" errors="0" failures="0" skipped="0" timestamp="2025-04-24T12:40:42" time="1.178" tests="1">
    <testcase classname="contact-section renders without crashing" name="contact-section renders without crashing" time="0.041">
    </testcase>
  </testsuite>
  <testsuite name="blog-pagination" errors="0" failures="0" skipped="0" timestamp="2025-04-24T12:40:42" time="1.142" tests="1">
    <testcase classname="blog-pagination renders without crashing" name="blog-pagination renders without crashing" time="0.042">
    </testcase>
  </testsuite>
  <testsuite name="mega-menu-item" errors="0" failures="0" skipped="0" timestamp="2025-04-24T12:40:42" time="0.914" tests="1">
    <testcase classname="mega-menu-item renders without crashing" name="mega-menu-item renders without crashing" time="0.035">
    </testcase>
  </testsuite>
  <testsuite name="blog-pagination" errors="0" failures="0" skipped="0" timestamp="2025-04-24T12:40:42" time="1.063" tests="1">
    <testcase classname="blog-pagination renders without crashing" name="blog-pagination renders without crashing" time="0.066">
    </testcase>
  </testsuite>
  <testsuite name="team-home-four" errors="0" failures="0" skipped="0" timestamp="2025-04-24T12:40:42" time="0.993" tests="1">
    <testcase classname="team-home-four renders without crashing" name="team-home-four renders without crashing" time="0.034">
    </testcase>
  </testsuite>
  <testsuite name="breadcrumb-one" errors="0" failures="0" skipped="0" timestamp="2025-04-24T12:40:42" time="1.052" tests="1">
    <testcase classname="breadcrumb-one renders without crashing" name="breadcrumb-one renders without crashing" time="0.042">
    </testcase>
  </testsuite>
  <testsuite name="innser-section" errors="0" failures="0" skipped="0" timestamp="2025-04-24T12:40:43" time="1.002" tests="1">
    <testcase classname="innser-section renders without crashing" name="innser-section renders without crashing" time="0.039">
    </testcase>
  </testsuite>
  <testsuite name="blog-filtering" errors="0" failures="0" skipped="0" timestamp="2025-04-24T12:40:43" time="0.976" tests="1">
    <testcase classname="blog-filtering renders without crashing" name="blog-filtering renders without crashing" time="0.029">
    </testcase>
  </testsuite>
  <testsuite name="blog-filtering" errors="0" failures="0" skipped="0" timestamp="2025-04-24T12:40:43" time="1.034" tests="1">
    <testcase classname="blog-filtering renders without crashing" name="blog-filtering renders without crashing" time="0.063">
    </testcase>
  </testsuite>
  <testsuite name="inner-section" errors="0" failures="0" skipped="0" timestamp="2025-04-24T12:40:43" time="1.057" tests="1">
    <testcase classname="inner-section renders without crashing" name="inner-section renders without crashing" time="0.045">
    </testcase>
  </testsuite>
  <testsuite name="chart-section" errors="0" failures="0" skipped="0" timestamp="2025-04-24T12:40:43" time="0.925" tests="1">
    <testcase classname="chart-section renders without crashing" name="chart-section renders without crashing" time="0.033">
    </testcase>
  </testsuite>
  <testsuite name="inner-section" errors="0" failures="0" skipped="0" timestamp="2025-04-24T12:40:44" time="1.063" tests="1">
    <testcase classname="inner-section renders without crashing" name="inner-section renders without crashing" time="0.03">
    </testcase>
  </testsuite>
  <testsuite name="faq-home-one" errors="0" failures="0" skipped="0" timestamp="2025-04-24T12:40:44" time="0.994" tests="1">
    <testcase classname="faq-home-one renders without crashing" name="faq-home-one renders without crashing" time="0.043">
    </testcase>
  </testsuite>
  <testsuite name="team-section" errors="0" failures="0" skipped="0" timestamp="2025-04-24T12:40:44" time="0.965" tests="1">
    <testcase classname="team-section renders without crashing" name="team-section renders without crashing" time="0.041">
    </testcase>
  </testsuite>
  <testsuite name="team-section" errors="0" failures="0" skipped="0" timestamp="2025-04-24T12:40:44" time="1.1" tests="1">
    <testcase classname="team-section renders without crashing" name="team-section renders without crashing" time="0.028">
    </testcase>
  </testsuite>
  <testsuite name="team-section" errors="0" failures="0" skipped="0" timestamp="2025-04-24T12:40:44" time="1.009" tests="1">
    <testcase classname="team-section renders without crashing" name="team-section renders without crashing" time="0.035">
    </testcase>
  </testsuite>
  <testsuite name="hero-section" errors="0" failures="0" skipped="0" timestamp="2025-04-24T12:40:45" time="0.957" tests="1">
    <testcase classname="hero-section renders without crashing" name="hero-section renders without crashing" time="0.031">
    </testcase>
  </testsuite>
  <testsuite name="team-section" errors="0" failures="0" skipped="0" timestamp="2025-04-24T12:40:44" time="1.057" tests="1">
    <testcase classname="team-section renders without crashing" name="team-section renders without crashing" time="0.03">
    </testcase>
  </testsuite>
  <testsuite name="cta-home-one" errors="0" failures="0" skipped="0" timestamp="2025-04-24T12:40:45" time="0.946" tests="1">
    <testcase classname="cta-home-one renders without crashing" name="cta-home-one renders without crashing" time="0.033">
    </testcase>
  </testsuite>
  <testsuite name="logo-section" errors="0" failures="0" skipped="0" timestamp="2025-04-24T12:40:45" time="1.062" tests="1">
    <testcase classname="logo-section renders without crashing" name="logo-section renders without crashing" time="0.053">
    </testcase>
  </testsuite>
  <testsuite name="faq-section" errors="0" failures="0" skipped="0" timestamp="2025-04-24T12:40:45" time="0.968" tests="1">
    <testcase classname="faq-section renders without crashing" name="faq-section renders without crashing" time="0.048">
    </testcase>
  </testsuite>
  <testsuite name="section-one" errors="0" failures="0" skipped="0" timestamp="2025-04-24T12:40:45" time="0.944" tests="1">
    <testcase classname="section-one renders without crashing" name="section-one renders without crashing" time="0.03">
    </testcase>
  </testsuite>
  <testsuite name="LocationPin" errors="0" failures="0" skipped="0" timestamp="2025-04-24T12:40:46" time="0.793" tests="1">
    <testcase classname="LocationPin renders without crashing" name="LocationPin renders without crashing" time="0.009">
    </testcase>
  </testsuite>
  <testsuite name="section-one" errors="0" failures="0" skipped="0" timestamp="2025-04-24T12:40:46" time="0.826" tests="1">
    <testcase classname="section-one renders without crashing" name="section-one renders without crashing" time="0.032">
    </testcase>
  </testsuite>
  <testsuite name="breadcrumb" errors="0" failures="0" skipped="0" timestamp="2025-04-24T12:40:46" time="0.993" tests="1">
    <testcase classname="breadcrumb renders without crashing" name="breadcrumb renders without crashing" time="0.031">
    </testcase>
  </testsuite>
  <testsuite name="breadcrumb" errors="0" failures="0" skipped="0" timestamp="2025-04-24T12:40:46" time="0.9" tests="1">
    <testcase classname="breadcrumb renders without crashing" name="breadcrumb renders without crashing" time="0.028">
    </testcase>
  </testsuite>
  <testsuite name="breadcrumb" errors="0" failures="0" skipped="0" timestamp="2025-04-24T12:40:46" time="0.902" tests="1">
    <testcase classname="breadcrumb renders without crashing" name="breadcrumb renders without crashing" time="0.045">
    </testcase>
  </testsuite>
  <testsuite name="preloader" errors="0" failures="0" skipped="0" timestamp="2025-04-24T12:40:46" time="0.851" tests="1">
    <testcase classname="preloader renders without crashing" name="preloader renders without crashing" time="0.039">
    </testcase>
  </testsuite>
  <testsuite name="trading" errors="0" failures="0" skipped="0" timestamp="2025-04-24T12:40:46" time="0.904" tests="1">
    <testcase classname="trading renders without crashing" name="trading renders without crashing" time="0.028">
    </testcase>
  </testsuite>
  <testsuite name="nav-item" errors="0" failures="0" skipped="0" timestamp="2025-04-24T12:40:46" time="1.023" tests="1">
    <testcase classname="nav-item renders without crashing" name="nav-item renders without crashing" time="0.039">
    </testcase>
  </testsuite>
  <testsuite name="instant" errors="0" failures="0" skipped="0" timestamp="2025-04-24T12:40:47" time="0.825" tests="1">
    <testcase classname="instant renders without crashing" name="instant renders without crashing" time="0.041">
    </testcase>
  </testsuite>
  <testsuite name="profit" errors="0" failures="0" skipped="0" timestamp="2025-04-24T12:40:47" time="0.793" tests="1">
    <testcase classname="profit renders without crashing" name="profit renders without crashing" time="0.036">
    </testcase>
  </testsuite>
  <testsuite name="navbar" errors="0" failures="0" skipped="0" timestamp="2025-04-24T12:40:47" time="0.811" tests="1">
    <testcase classname="navbar renders without crashing" name="navbar renders without crashing" time="0.041">
    </testcase>
  </testsuite>
  <testsuite name="index" errors="0" failures="0" skipped="0" timestamp="2025-04-24T12:40:47" time="0.853" tests="1">
    <testcase classname="index renders without crashing" name="index renders without crashing" time="0.04">
    </testcase>
  </testsuite>
  <testsuite name="undefined" errors="0" failures="0" skipped="0" timestamp="2025-04-24T12:40:47" time="0.917" tests="1">
    <testcase classname=" renders without crashing" name=" renders without crashing" time="0.026">
    </testcase>
  </testsuite>
</testsuites>