<?xml version="1.0" encoding="UTF-8"?>
<testsuites name="jest tests" tests="191" failures="0" errors="0" time="73.38">
  <testsuite name="roadmap-section" errors="0" failures="0" skipped="0" timestamp="2025-04-10T10:44:01" time="7.998" tests="1">
    <testcase classname="roadmap-section renders without crashing" name="roadmap-section renders without crashing" time="0.188">
    </testcase>
  </testsuite>
  <testsuite name="index" errors="0" failures="0" skipped="0" timestamp="2025-04-10T10:44:01" time="7.946" tests="1">
    <testcase classname="index renders without crashing" name="index renders without crashing" time="0.161">
    </testcase>
  </testsuite>
  <testsuite name="tokenization-single-blogs-details" errors="0" failures="0" skipped="0" timestamp="2025-04-10T10:44:01" time="8.517" tests="1">
    <testcase classname="tokenization-single-blogs-details renders without crashing" name="tokenization-single-blogs-details renders without crashing" time="0.279">
    </testcase>
  </testsuite>
  <testsuite name="faq-accordion-three" errors="0" failures="0" skipped="0" timestamp="2025-04-10T10:44:01" time="9.378" tests="1">
    <testcase classname="faq-accordion-three renders without crashing" name="faq-accordion-three renders without crashing" time="0.201">
    </testcase>
  </testsuite>
  <testsuite name="faq-accordion-two" errors="0" failures="0" skipped="0" timestamp="2025-04-10T10:44:01" time="9.63" tests="1">
    <testcase classname="faq-accordion-two renders without crashing" name="faq-accordion-two renders without crashing" time="0.207">
    </testcase>
  </testsuite>
  <testsuite name="filter-faq-gallary" errors="0" failures="0" skipped="0" timestamp="2025-04-10T10:44:01" time="9.788" tests="1">
    <testcase classname="filter-faq-gallary renders without crashing" name="filter-faq-gallary renders without crashing" time="0.196">
    </testcase>
  </testsuite>
  <testsuite name="faq-accordion-four" errors="0" failures="0" skipped="0" timestamp="2025-04-10T10:44:01" time="9.605" tests="1">
    <testcase classname="faq-accordion-four renders without crashing" name="faq-accordion-four renders without crashing" time="0.179">
    </testcase>
  </testsuite>
  <testsuite name="feature-section" errors="0" failures="0" skipped="0" timestamp="2025-04-10T10:44:10" time="1.83" tests="1">
    <testcase classname="feature-section renders without crashing" name="feature-section renders without crashing" time="0.063">
    </testcase>
  </testsuite>
  <testsuite name="whitepaper-section" errors="0" failures="0" skipped="0" timestamp="2025-04-10T10:44:11" time="2.86" tests="1">
    <testcase classname="whitepaper-section renders without crashing" name="whitepaper-section renders without crashing" time="0.078">
    </testcase>
  </testsuite>
  <testsuite name="text-slider-three" errors="0" failures="0" skipped="0" timestamp="2025-04-10T10:44:10" time="4.484" tests="1">
    <testcase classname="text-slider-three renders without crashing" name="text-slider-three renders without crashing" time="0.051">
    </testcase>
  </testsuite>
  <testsuite name="header-home-two" errors="0" failures="0" skipped="0" timestamp="2025-04-10T10:44:11" time="3.584" tests="1">
    <testcase classname="header-home-two renders without crashing" name="header-home-two renders without crashing" time="0.042">
    </testcase>
  </testsuite>
  <testsuite name="blog-content-section" errors="0" failures="0" skipped="0" timestamp="2025-04-10T10:44:11" time="3.321" tests="1">
    <testcase classname="blog-content-section renders without crashing" name="blog-content-section renders without crashing" time="0.062">
    </testcase>
  </testsuite>
  <testsuite name="team-section" errors="0" failures="0" skipped="0" timestamp="2025-04-10T10:44:11" time="4.175" tests="1">
    <testcase classname="team-section renders without crashing" name="team-section renders without crashing" time="0.083">
    </testcase>
  </testsuite>
  <testsuite name="faq-accordion-one" errors="0" failures="0" skipped="0" timestamp="2025-04-10T10:44:12" time="3.163" tests="1">
    <testcase classname="faq-accordion-one renders without crashing" name="faq-accordion-one renders without crashing" time="0.044">
    </testcase>
  </testsuite>
  <testsuite name="index" errors="0" failures="0" skipped="0" timestamp="2025-04-10T10:44:10" time="6.061" tests="1">
    <testcase classname="index renders without crashing" name="index renders without crashing" time="0.054">
    </testcase>
  </testsuite>
  <testsuite name="section-one" errors="0" failures="0" skipped="0" timestamp="2025-04-10T10:44:15" time="1.707" tests="1">
    <testcase classname="section-one renders without crashing" name="section-one renders without crashing" time="0.072">
    </testcase>
  </testsuite>
  <testsuite name="countdown-section" errors="0" failures="0" skipped="0" timestamp="2025-04-10T10:44:15" time="1.648" tests="1">
    <testcase classname="countdown-section renders without crashing" name="countdown-section renders without crashing" time="0.064">
    </testcase>
  </testsuite>
  <testsuite name="section-one" errors="0" failures="0" skipped="0" timestamp="2025-04-10T10:44:14" time="2.474" tests="1">
    <testcase classname="section-one renders without crashing" name="section-one renders without crashing" time="0.058">
    </testcase>
  </testsuite>
  <testsuite name="feature-one-section" errors="0" failures="0" skipped="0" timestamp="2025-04-10T10:44:15" time="1.579" tests="1">
    <testcase classname="feature-one-section renders without crashing" name="feature-one-section renders without crashing" time="0.048">
    </testcase>
  </testsuite>
  <testsuite name="single-card-slider-two" errors="0" failures="0" skipped="0" timestamp="2025-04-10T10:44:16" time="1.533" tests="1">
    <testcase classname="single-card-slider-two renders without crashing" name="single-card-slider-two renders without crashing" time="0.032">
    </testcase>
  </testsuite>
  <testsuite name="chart-section" errors="0" failures="0" skipped="0" timestamp="2025-04-10T10:44:16" time="1.426" tests="1">
    <testcase classname="chart-section renders without crashing" name="chart-section renders without crashing" time="0.076">
    </testcase>
  </testsuite>
  <testsuite name="blog-filtering" errors="0" failures="0" skipped="0" timestamp="2025-04-10T10:44:14" time="2.783" tests="1">
    <testcase classname="blog-filtering renders without crashing" name="blog-filtering renders without crashing" time="0.082">
    </testcase>
  </testsuite>
  <testsuite name="content-with-photo-section" errors="0" failures="0" skipped="0" timestamp="2025-04-10T10:44:17" time="1.639" tests="1">
    <testcase classname="content-with-photo-section renders without crashing" name="content-with-photo-section renders without crashing" time="0.036">
    </testcase>
  </testsuite>
  <testsuite name="team-section" errors="0" failures="0" skipped="0" timestamp="2025-04-10T10:44:17" time="2.024" tests="1">
    <testcase classname="team-section renders without crashing" name="team-section renders without crashing" time="0.088">
    </testcase>
  </testsuite>
  <testsuite name="CardSliderOne" errors="0" failures="0" skipped="0" timestamp="2025-04-10T10:44:17" time="2.299" tests="1">
    <testcase classname="CardSliderOne renders without crashing" name="CardSliderOne renders without crashing" time="0.437">
    </testcase>
  </testsuite>
  <testsuite name="pricing-section-one" errors="0" failures="0" skipped="0" timestamp="2025-04-10T10:44:18" time="1.688" tests="1">
    <testcase classname="pricing-section-one renders without crashing" name="pricing-section-one renders without crashing" time="0.037">
    </testcase>
  </testsuite>
  <testsuite name="blog-filtering" errors="0" failures="0" skipped="0" timestamp="2025-04-10T10:44:17" time="2.646" tests="1">
    <testcase classname="blog-filtering renders without crashing" name="blog-filtering renders without crashing" time="0.042">
    </testcase>
  </testsuite>
  <testsuite name="innser-section" errors="0" failures="0" skipped="0" timestamp="2025-04-10T10:44:17" time="2.851" tests="1">
    <testcase classname="innser-section renders without crashing" name="innser-section renders without crashing" time="0.036">
    </testcase>
  </testsuite>
  <testsuite name="wallet-section" errors="0" failures="0" skipped="0" timestamp="2025-04-10T10:44:17" time="3.105" tests="1">
    <testcase classname="wallet-section renders without crashing" name="wallet-section renders without crashing" time="0.029">
    </testcase>
  </testsuite>
  <testsuite name="team-section" errors="0" failures="0" skipped="0" timestamp="2025-04-10T10:44:19" time="1.786" tests="1">
    <testcase classname="team-section renders without crashing" name="team-section renders without crashing" time="0.039">
    </testcase>
  </testsuite>
  <testsuite name="map-section" errors="0" failures="0" skipped="0" timestamp="2025-04-10T10:44:19" time="1.57" tests="1">
    <testcase classname="map-section renders without crashing" name="map-section renders without crashing" time="0.034">
    </testcase>
  </testsuite>
  <testsuite name="blog-section" errors="0" failures="0" skipped="0" timestamp="2025-04-10T10:44:19" time="2.083" tests="1">
    <testcase classname="blog-section renders without crashing" name="blog-section renders without crashing" time="0.063">
    </testcase>
  </testsuite>
  <testsuite name="faq-section" errors="0" failures="0" skipped="0" timestamp="2025-04-10T10:44:20" time="1.688" tests="1">
    <testcase classname="faq-section renders without crashing" name="faq-section renders without crashing" time="0.05">
    </testcase>
  </testsuite>
  <testsuite name="breadcrumb-section" errors="0" failures="0" skipped="0" timestamp="2025-04-10T10:44:20" time="1.683" tests="1">
    <testcase classname="breadcrumb-section renders without crashing" name="breadcrumb-section renders without crashing" time="0.03">
    </testcase>
  </testsuite>
  <testsuite name="second-level-dropdown-menu" errors="0" failures="0" skipped="0" timestamp="2025-04-10T10:44:20" time="1.632" tests="1">
    <testcase classname="second-level-dropdown-menu renders without crashing" name="second-level-dropdown-menu renders without crashing" time="0.063">
    </testcase>
  </testsuite>
  <testsuite name="CardSliderTwo" errors="0" failures="0" skipped="0" timestamp="2025-04-10T10:44:21" time="1.871" tests="1">
    <testcase classname="CardSliderTwo renders without crashing" name="CardSliderTwo renders without crashing" time="0.312">
    </testcase>
  </testsuite>
  <testsuite name="blog-post-section" errors="0" failures="0" skipped="0" timestamp="2025-04-10T10:44:22" time="1.414" tests="1">
    <testcase classname="blog-post-section renders without crashing" name="blog-post-section renders without crashing" time="0.074">
    </testcase>
  </testsuite>
  <testsuite name="team-section" errors="0" failures="0" skipped="0" timestamp="2025-04-10T10:44:21" time="2.597" tests="1">
    <testcase classname="team-section renders without crashing" name="team-section renders without crashing" time="0.044">
    </testcase>
  </testsuite>
  <testsuite name="single-blog-post" errors="0" failures="0" skipped="0" timestamp="2025-04-10T10:44:21" time="2.291" tests="1">
    <testcase classname="single-blog-post renders without crashing" name="single-blog-post renders without crashing" time="0.103">
    </testcase>
  </testsuite>
  <testsuite name="blog-dark-inner-section" errors="0" failures="0" skipped="0" timestamp="2025-04-10T10:44:22" time="2.071" tests="1">
    <testcase classname="blog-dark-inner-section renders without crashing" name="blog-dark-inner-section renders without crashing" time="0.066">
    </testcase>
  </testsuite>
  <testsuite name="client-slider-two" errors="0" failures="0" skipped="0" timestamp="2025-04-10T10:44:22" time="1.825" tests="1">
    <testcase classname="client-slider-two renders without crashing" name="client-slider-two renders without crashing" time="0.037">
    </testcase>
  </testsuite>
  <testsuite name="testimonial-section" errors="0" failures="0" skipped="0" timestamp="2025-04-10T10:44:22" time="2.388" tests="1">
    <testcase classname="testimonial-section renders without crashing" name="testimonial-section renders without crashing" time="0.042">
    </testcase>
  </testsuite>
  <testsuite name="footer-home-two" errors="0" failures="0" skipped="0" timestamp="2025-04-10T10:44:23" time="1.614" tests="1">
    <testcase classname="footer-home-two renders without crashing" name="footer-home-two renders without crashing" time="0.102">
    </testcase>
  </testsuite>
  <testsuite name="breadcrumb-section" errors="0" failures="0" skipped="0" timestamp="2025-04-10T10:44:23" time="1.539" tests="1">
    <testcase classname="breadcrumb-section renders without crashing" name="breadcrumb-section renders without crashing" time="0.053">
    </testcase>
  </testsuite>
  <testsuite name="cta-section" errors="0" failures="0" skipped="0" timestamp="2025-04-10T10:44:24" time="1.507" tests="1">
    <testcase classname="cta-section renders without crashing" name="cta-section renders without crashing" time="0.03">
    </testcase>
  </testsuite>
  <testsuite name="testimonial-slider-two" errors="0" failures="0" skipped="0" timestamp="2025-04-10T10:44:24" time="1.499" tests="1">
    <testcase classname="testimonial-slider-two renders without crashing" name="testimonial-slider-two renders without crashing" time="0.029">
    </testcase>
  </testsuite>
  <testsuite name="Team" errors="0" failures="0" skipped="0" timestamp="2025-04-10T10:44:24" time="1.825" tests="1">
    <testcase classname="Team renders without crashing" name="Team renders without crashing" time="0.089">
    </testcase>
  </testsuite>
  <testsuite name="whitepaper-sidebar-section" errors="0" failures="0" skipped="0" timestamp="2025-04-10T10:44:25" time="1.3" tests="1">
    <testcase classname="whitepaper-sidebar-section renders without crashing" name="whitepaper-sidebar-section renders without crashing" time="0.031">
    </testcase>
  </testsuite>
  <testsuite name="header-home-three" errors="0" failures="0" skipped="0" timestamp="2025-04-10T10:44:24" time="1.77" tests="1">
    <testcase classname="header-home-three renders without crashing" name="header-home-three renders without crashing" time="0.043">
    </testcase>
  </testsuite>
  <testsuite name="navbar" errors="0" failures="0" skipped="0" timestamp="2025-04-10T10:44:26" time="1.133" tests="1">
    <testcase classname="navbar renders without crashing" name="navbar renders without crashing" time="0.033">
    </testcase>
  </testsuite>
  <testsuite name="pricing-section-two" errors="0" failures="0" skipped="0" timestamp="2025-04-10T10:44:25" time="1.482" tests="1">
    <testcase classname="pricing-section-two renders without crashing" name="pricing-section-two renders without crashing" time="0.046">
    </testcase>
  </testsuite>
  <testsuite name="single-blog-container" errors="0" failures="0" skipped="0" timestamp="2025-04-10T10:44:25" time="1.816" tests="1">
    <testcase classname="single-blog-container renders without crashing" name="single-blog-container renders without crashing" time="0.061">
    </testcase>
  </testsuite>
  <testsuite name="filter-gallary-one" errors="0" failures="0" skipped="0" timestamp="2025-04-10T10:44:25" time="2.095" tests="1">
    <testcase classname="filter-gallary-one renders without crashing" name="filter-gallary-one renders without crashing" time="0.053">
    </testcase>
  </testsuite>
  <testsuite name="team-home-four" errors="0" failures="0" skipped="0" timestamp="2025-04-10T10:44:25" time="2.083" tests="1">
    <testcase classname="team-home-four renders without crashing" name="team-home-four renders without crashing" time="0.034">
    </testcase>
  </testsuite>
  <testsuite name="hero-section" errors="0" failures="0" skipped="0" timestamp="2025-04-10T10:44:26" time="1.514" tests="1">
    <testcase classname="hero-section renders without crashing" name="hero-section renders without crashing" time="0.043">
    </testcase>
  </testsuite>
  <testsuite name="text-slider-one" errors="0" failures="0" skipped="0" timestamp="2025-04-10T10:44:26" time="1.878" tests="1">
    <testcase classname="text-slider-one renders without crashing" name="text-slider-one renders without crashing" time="0.036">
    </testcase>
  </testsuite>
  <testsuite name="vision-section" errors="0" failures="0" skipped="0" timestamp="2025-04-10T10:44:27" time="1.617" tests="1">
    <testcase classname="vision-section renders without crashing" name="vision-section renders without crashing" time="0.049">
    </testcase>
  </testsuite>
  <testsuite name="breadcrumb-section" errors="0" failures="0" skipped="0" timestamp="2025-04-10T10:44:27" time="1.647" tests="1">
    <testcase classname="breadcrumb-section renders without crashing" name="breadcrumb-section renders without crashing" time="0.052">
    </testcase>
  </testsuite>
  <testsuite name="team-section" errors="0" failures="0" skipped="0" timestamp="2025-04-10T10:44:27" time="1.538" tests="1">
    <testcase classname="team-section renders without crashing" name="team-section renders without crashing" time="0.121">
    </testcase>
  </testsuite>
  <testsuite name="blog-post" errors="0" failures="0" skipped="0" timestamp="2025-04-10T10:44:28" time="1.352" tests="1">
    <testcase classname="blog-post renders without crashing" name="blog-post renders without crashing" time="0.03">
    </testcase>
  </testsuite>
  <testsuite name="humb-revolution" errors="0" failures="0" skipped="0" timestamp="2025-04-10T10:44:28" time="1.458" tests="1">
    <testcase classname="humb-revolution renders without crashing" name="humb-revolution renders without crashing" time="0.052">
    </testcase>
  </testsuite>
  <testsuite name="single-blog-sidebar-section" errors="0" failures="0" skipped="0" timestamp="2025-04-10T10:44:28" time="1.33" tests="1">
    <testcase classname="single-blog-sidebar-section renders without crashing" name="single-blog-sidebar-section renders without crashing" time="0.038">
    </testcase>
  </testsuite>
  <testsuite name="contact-form-section" errors="0" failures="0" skipped="0" timestamp="2025-04-10T10:44:28" time="1.793" tests="1">
    <testcase classname="contact-form-section renders without crashing" name="contact-form-section renders without crashing" time="0.081">
    </testcase>
  </testsuite>
  <testsuite name="contact-form-section" errors="0" failures="0" skipped="0" timestamp="2025-04-10T10:44:29" time="1.544" tests="1">
    <testcase classname="contact-form-section renders without crashing" name="contact-form-section renders without crashing" time="0.041">
    </testcase>
  </testsuite>
  <testsuite name="testimonial-section" errors="0" failures="0" skipped="0" timestamp="2025-04-10T10:44:29" time="1.747" tests="1">
    <testcase classname="testimonial-section renders without crashing" name="testimonial-section renders without crashing" time="0.052">
    </testcase>
  </testsuite>
  <testsuite name="filter-gallary-two" errors="0" failures="0" skipped="0" timestamp="2025-04-10T10:44:29" time="2.024" tests="1">
    <testcase classname="filter-gallary-two renders without crashing" name="filter-gallary-two renders without crashing" time="0.071">
    </testcase>
  </testsuite>
  <testsuite name="hero-section" errors="0" failures="0" skipped="0" timestamp="2025-04-10T10:44:29" time="1.673" tests="1">
    <testcase classname="hero-section renders without crashing" name="hero-section renders without crashing" time="0.039">
    </testcase>
  </testsuite>
  <testsuite name="menu-data" errors="0" failures="0" skipped="0" timestamp="2025-04-10T10:44:30" time="1.686" tests="1">
    <testcase classname="menu-data renders without crashing" name="menu-data renders without crashing" time="0.041">
    </testcase>
  </testsuite>
  <testsuite name="content-with-photo-section-two" errors="0" failures="0" skipped="0" timestamp="2025-04-10T10:44:30" time="1.598" tests="1">
    <testcase classname="content-with-photo-section-two renders without crashing" name="content-with-photo-section-two renders without crashing" time="0.067">
    </testcase>
  </testsuite>
  <testsuite name="feature-section" errors="0" failures="0" skipped="0" timestamp="2025-04-10T10:44:30" time="1.735" tests="1">
    <testcase classname="feature-section renders without crashing" name="feature-section renders without crashing" time="0.041">
    </testcase>
  </testsuite>
  <testsuite name="preloader" errors="0" failures="0" skipped="0" timestamp="2025-04-10T10:44:31" time="1.413" tests="1">
    <testcase classname="preloader renders without crashing" name="preloader renders without crashing" time="0.055">
    </testcase>
  </testsuite>
  <testsuite name="blog-sidebar-section" errors="0" failures="0" skipped="0" timestamp="2025-04-10T10:44:31" time="1.204" tests="1">
    <testcase classname="blog-sidebar-section renders without crashing" name="blog-sidebar-section renders without crashing" time="0.039">
    </testcase>
  </testsuite>
  <testsuite name="job-position-section" errors="0" failures="0" skipped="0" timestamp="2025-04-10T10:44:31" time="2.046" tests="1">
    <testcase classname="job-position-section renders without crashing" name="job-position-section renders without crashing" time="0.056">
    </testcase>
  </testsuite>
  <testsuite name="project-execution-section" errors="0" failures="0" skipped="0" timestamp="2025-04-10T10:44:31" time="1.248" tests="1">
    <testcase classname="project-execution-section renders without crashing" name="project-execution-section renders without crashing" time="0.04">
    </testcase>
  </testsuite>
  <testsuite name="breadcrumb-section" errors="0" failures="0" skipped="0" timestamp="2025-04-10T10:44:31" time="1.454" tests="1">
    <testcase classname="breadcrumb-section renders without crashing" name="breadcrumb-section renders without crashing" time="0.047">
    </testcase>
  </testsuite>
  <testsuite name="feature-section-two" errors="0" failures="0" skipped="0" timestamp="2025-04-10T10:44:32" time="1.368" tests="1">
    <testcase classname="feature-section-two renders without crashing" name="feature-section-two renders without crashing" time="0.048">
    </testcase>
  </testsuite>
  <testsuite name="text-slider-two" errors="0" failures="0" skipped="0" timestamp="2025-04-10T10:44:32" time="1.27" tests="1">
    <testcase classname="text-slider-two renders without crashing" name="text-slider-two renders without crashing" time="0.044">
    </testcase>
  </testsuite>
  <testsuite name="client-slider-one" errors="0" failures="0" skipped="0" timestamp="2025-04-10T10:44:32" time="1.195" tests="1">
    <testcase classname="client-slider-one renders without crashing" name="client-slider-one renders without crashing" time="0.063">
    </testcase>
  </testsuite>
  <testsuite name="team-section" errors="0" failures="0" skipped="0" timestamp="2025-04-10T10:44:32" time="1.507" tests="1">
    <testcase classname="team-section renders without crashing" name="team-section renders without crashing" time="0.036">
    </testcase>
  </testsuite>
  <testsuite name="breadcrumb" errors="0" failures="0" skipped="0" timestamp="2025-04-10T10:44:33" time="1.239" tests="1">
    <testcase classname="breadcrumb renders without crashing" name="breadcrumb renders without crashing" time="0.051">
    </testcase>
  </testsuite>
  <testsuite name="video-section-four" errors="0" failures="0" skipped="0" timestamp="2025-04-10T10:44:33" time="1.42" tests="1">
    <testcase classname="video-section-four renders without crashing" name="video-section-four renders without crashing" time="0.068">
    </testcase>
  </testsuite>
  <testsuite name="art-work-section" errors="0" failures="0" skipped="0" timestamp="2025-04-10T10:44:33" time="1.393" tests="1">
    <testcase classname="art-work-section renders without crashing" name="art-work-section renders without crashing" time="0.044">
    </testcase>
  </testsuite>
  <testsuite name="inner-section" errors="0" failures="0" skipped="0" timestamp="2025-04-10T10:44:33" time="1.759" tests="1">
    <testcase classname="inner-section renders without crashing" name="inner-section renders without crashing" time="0.038">
    </testcase>
  </testsuite>
  <testsuite name="header-home-four" errors="0" failures="0" skipped="0" timestamp="2025-04-10T10:44:33" time="1.309" tests="1">
    <testcase classname="header-home-four renders without crashing" name="header-home-four renders without crashing" time="0.039">
    </testcase>
  </testsuite>
  <testsuite name="counter-one-section" errors="0" failures="0" skipped="0" timestamp="2025-04-10T10:44:34" time="1.498" tests="1">
    <testcase classname="counter-one-section renders without crashing" name="counter-one-section renders without crashing" time="0.056">
    </testcase>
  </testsuite>
  <testsuite name="faq-section" errors="0" failures="0" skipped="0" timestamp="2025-04-10T10:44:34" time="1.544" tests="1">
    <testcase classname="faq-section renders without crashing" name="faq-section renders without crashing" time="0.073">
    </testcase>
  </testsuite>
  <testsuite name="comment-list-section" errors="0" failures="0" skipped="0" timestamp="2025-04-10T10:44:35" time="1.261" tests="1">
    <testcase classname="comment-list-section renders without crashing" name="comment-list-section renders without crashing" time="0.037">
    </testcase>
  </testsuite>
  <testsuite name="inner-section" errors="0" failures="0" skipped="0" timestamp="2025-04-10T10:44:34" time="1.856" tests="1">
    <testcase classname="inner-section renders without crashing" name="inner-section renders without crashing" time="0.053">
    </testcase>
  </testsuite>
  <testsuite name="home-two-hero-section" errors="0" failures="0" skipped="0" timestamp="2025-04-10T10:44:35" time="1.465" tests="1">
    <testcase classname="home-two-hero-section renders without crashing" name="home-two-hero-section renders without crashing" time="0.04">
    </testcase>
  </testsuite>
  <testsuite name="healthcare-and-cryptoworld" errors="0" failures="0" skipped="0" timestamp="2025-04-10T10:44:35" time="1.581" tests="1">
    <testcase classname="healthcare-and-cryptoworld renders without crashing" name="healthcare-and-cryptoworld renders without crashing" time="0.041">
    </testcase>
  </testsuite>
  <testsuite name="filter-gallary-three" errors="0" failures="0" skipped="0" timestamp="2025-04-10T10:44:34" time="2.047" tests="1">
    <testcase classname="filter-gallary-three renders without crashing" name="filter-gallary-three renders without crashing" time="0.046">
    </testcase>
  </testsuite>
  <testsuite name="newsletter-section" errors="0" failures="0" skipped="0" timestamp="2025-04-10T10:44:36" time="1.314" tests="1">
    <testcase classname="newsletter-section renders without crashing" name="newsletter-section renders without crashing" time="0.031">
    </testcase>
  </testsuite>
  <testsuite name="nav-item" errors="0" failures="0" skipped="0" timestamp="2025-04-10T10:44:35" time="1.803" tests="1">
    <testcase classname="nav-item renders without crashing" name="nav-item renders without crashing" time="0.083">
    </testcase>
  </testsuite>
  <testsuite name="blog-top-section" errors="0" failures="0" skipped="0" timestamp="2025-04-10T10:44:37" time="1.098" tests="1">
    <testcase classname="blog-top-section renders without crashing" name="blog-top-section renders without crashing" time="0.027">
    </testcase>
  </testsuite>
  <testsuite name="video-section-two" errors="0" failures="0" skipped="0" timestamp="2025-04-10T10:44:36" time="1.702" tests="1">
    <testcase classname="video-section-two renders without crashing" name="video-section-two renders without crashing" time="0.073">
    </testcase>
  </testsuite>
  <testsuite name="single-team-section" errors="0" failures="0" skipped="0" timestamp="2025-04-10T10:44:36" time="1.692" tests="1">
    <testcase classname="single-team-section renders without crashing" name="single-team-section renders without crashing" time="0.036">
    </testcase>
  </testsuite>
  <testsuite name="breadcrumb" errors="0" failures="0" skipped="0" timestamp="2025-04-10T10:44:37" time="1.462" tests="1">
    <testcase classname="breadcrumb renders without crashing" name="breadcrumb renders without crashing" time="0.034">
    </testcase>
  </testsuite>
  <testsuite name="video-section-three" errors="0" failures="0" skipped="0" timestamp="2025-04-10T10:44:37" time="1.286" tests="1">
    <testcase classname="video-section-three renders without crashing" name="video-section-three renders without crashing" time="0.039">
    </testcase>
  </testsuite>
  <testsuite name="dropdown-menu" errors="0" failures="0" skipped="0" timestamp="2025-04-10T10:44:37" time="1.265" tests="1">
    <testcase classname="dropdown-menu renders without crashing" name="dropdown-menu renders without crashing" time="0.038">
    </testcase>
  </testsuite>
  <testsuite name="footer-home-three" errors="0" failures="0" skipped="0" timestamp="2025-04-10T10:44:37" time="1.504" tests="1">
    <testcase classname="footer-home-three renders without crashing" name="footer-home-three renders without crashing" time="0.093">
    </testcase>
  </testsuite>
  <testsuite name="logo-section" errors="0" failures="0" skipped="0" timestamp="2025-04-10T10:44:38" time="1.211" tests="1">
    <testcase classname="logo-section renders without crashing" name="logo-section renders without crashing" time="0.038">
    </testcase>
  </testsuite>
  <testsuite name="democratising-healthcare-single-blogs-details" errors="0" failures="0" skipped="0" timestamp="2025-04-10T10:44:38" time="1.42" tests="1">
    <testcase classname="democratising-healthcare-single-blogs-details renders without crashing" name="democratising-healthcare-single-blogs-details renders without crashing" time="0.053">
    </testcase>
  </testsuite>
  <testsuite name="breadcrumb" errors="0" failures="0" skipped="0" timestamp="2025-04-10T10:44:38" time="1.21" tests="1">
    <testcase classname="breadcrumb renders without crashing" name="breadcrumb renders without crashing" time="0.047">
    </testcase>
  </testsuite>
  <testsuite name="hero-section" errors="0" failures="0" skipped="0" timestamp="2025-04-10T10:44:38" time="1.508" tests="1">
    <testcase classname="hero-section renders without crashing" name="hero-section renders without crashing" time="0.049">
    </testcase>
  </testsuite>
  <testsuite name="filter-gallary-four" errors="0" failures="0" skipped="0" timestamp="2025-04-10T10:44:38" time="1.796" tests="1">
    <testcase classname="filter-gallary-four renders without crashing" name="filter-gallary-four renders without crashing" time="0.036">
    </testcase>
  </testsuite>
  <testsuite name="trading-section-two" errors="0" failures="0" skipped="0" timestamp="2025-04-10T10:44:39" time="1.349" tests="1">
    <testcase classname="trading-section-two renders without crashing" name="trading-section-two renders without crashing" time="0.039">
    </testcase>
  </testsuite>
  <testsuite name="blog-inner-section" errors="0" failures="0" skipped="0" timestamp="2025-04-10T10:44:39" time="1.563" tests="1">
    <testcase classname="blog-inner-section renders without crashing" name="blog-inner-section renders without crashing" time="0.036">
    </testcase>
  </testsuite>
  <testsuite name="communicate-section" errors="0" failures="0" skipped="0" timestamp="2025-04-10T10:44:39" time="1.639" tests="1">
    <testcase classname="communicate-section renders without crashing" name="communicate-section renders without crashing" time="0.031">
    </testcase>
  </testsuite>
  <testsuite name="breadcrumb" errors="0" failures="0" skipped="0" timestamp="2025-04-10T10:44:40" time="1.413" tests="1">
    <testcase classname="breadcrumb renders without crashing" name="breadcrumb renders without crashing" time="0.064">
    </testcase>
  </testsuite>
  <testsuite name="blog-pagination" errors="0" failures="0" skipped="0" timestamp="2025-04-10T10:44:40" time="1.316" tests="1">
    <testcase classname="blog-pagination renders without crashing" name="blog-pagination renders without crashing" time="0.046">
    </testcase>
  </testsuite>
  <testsuite name="inner-section" errors="0" failures="0" skipped="0" timestamp="2025-04-10T10:44:40" time="1.57" tests="1">
    <testcase classname="inner-section renders without crashing" name="inner-section renders without crashing" time="0.039">
    </testcase>
  </testsuite>
  <testsuite name="post-navigation" errors="0" failures="0" skipped="0" timestamp="2025-04-10T10:44:40" time="1.511" tests="1">
    <testcase classname="post-navigation renders without crashing" name="post-navigation renders without crashing" time="0.048">
    </testcase>
  </testsuite>
  <testsuite name="profit" errors="0" failures="0" skipped="0" timestamp="2025-04-10T10:44:40" time="1.491" tests="1">
    <testcase classname="profit renders without crashing" name="profit renders without crashing" time="0.052">
    </testcase>
  </testsuite>
  <testsuite name="about-hero-section" errors="0" failures="0" skipped="0" timestamp="2025-04-10T10:44:41" time="1.337" tests="1">
    <testcase classname="about-hero-section renders without crashing" name="about-hero-section renders without crashing" time="0.035">
    </testcase>
  </testsuite>
  <testsuite name="testimonial-slider-one" errors="0" failures="0" skipped="0" timestamp="2025-04-10T10:44:41" time="1.402" tests="1">
    <testcase classname="testimonial-slider-one renders without crashing" name="testimonial-slider-one renders without crashing" time="0.033">
    </testcase>
  </testsuite>
  <testsuite name="breadcrumbs-section" errors="0" failures="0" skipped="0" timestamp="2025-04-10T10:44:41" time="1.382" tests="1">
    <testcase classname="breadcrumbs-section renders without crashing" name="breadcrumbs-section renders without crashing" time="0.035">
    </testcase>
  </testsuite>
  <testsuite name="mission-vision" errors="0" failures="0" skipped="0" timestamp="2025-04-10T10:44:42" time="1.437" tests="1">
    <testcase classname="mission-vision renders without crashing" name="mission-vision renders without crashing" time="0.044">
    </testcase>
  </testsuite>
  <testsuite name="feature-section" errors="0" failures="0" skipped="0" timestamp="2025-04-10T10:44:42" time="1.425" tests="1">
    <testcase classname="feature-section renders without crashing" name="feature-section renders without crashing" time="0.063">
    </testcase>
  </testsuite>
  <testsuite name="blockquote-section" errors="0" failures="0" skipped="0" timestamp="2025-04-10T10:44:42" time="1.33" tests="1">
    <testcase classname="blockquote-section renders without crashing" name="blockquote-section renders without crashing" time="0.099">
    </testcase>
  </testsuite>
  <testsuite name="news-letter" errors="0" failures="0" skipped="0" timestamp="2025-04-10T10:44:42" time="1.343" tests="1">
    <testcase classname="news-letter renders without crashing" name="news-letter renders without crashing" time="0.057">
    </testcase>
  </testsuite>
  <testsuite name="feature-section-two" errors="0" failures="0" skipped="0" timestamp="2025-04-10T10:44:42" time="1.548" tests="1">
    <testcase classname="feature-section-two renders without crashing" name="feature-section-two renders without crashing" time="0.044">
    </testcase>
  </testsuite>
  <testsuite name="artwork-section" errors="0" failures="0" skipped="0" timestamp="2025-04-10T10:44:43" time="1.502" tests="1">
    <testcase classname="artwork-section renders without crashing" name="artwork-section renders without crashing" time="0.067">
    </testcase>
  </testsuite>
  <testsuite name="breadcrumb-section" errors="0" failures="0" skipped="0" timestamp="2025-04-10T10:44:43" time="1.486" tests="1">
    <testcase classname="breadcrumb-section renders without crashing" name="breadcrumb-section renders without crashing" time="0.041">
    </testcase>
  </testsuite>
  <testsuite name="breadcrumbs-section" errors="0" failures="0" skipped="0" timestamp="2025-04-10T10:44:43" time="1.505" tests="1">
    <testcase classname="breadcrumbs-section renders without crashing" name="breadcrumbs-section renders without crashing" time="0.045">
    </testcase>
  </testsuite>
  <testsuite name="breadcrumb-section" errors="0" failures="0" skipped="0" timestamp="2025-04-10T10:44:44" time="1.201" tests="1">
    <testcase classname="breadcrumb-section renders without crashing" name="breadcrumb-section renders without crashing" time="0.033">
    </testcase>
  </testsuite>
  <testsuite name="trading" errors="0" failures="0" skipped="0" timestamp="2025-04-10T10:44:44" time="1.518" tests="1">
    <testcase classname="trading renders without crashing" name="trading renders without crashing" time="0.091">
    </testcase>
  </testsuite>
  <testsuite name="footer-home-five" errors="0" failures="0" skipped="0" timestamp="2025-04-10T10:44:44" time="1.309" tests="1">
    <testcase classname="footer-home-five renders without crashing" name="footer-home-five renders without crashing" time="0.061">
    </testcase>
  </testsuite>
  <testsuite name="comment-respond-section" errors="0" failures="0" skipped="0" timestamp="2025-04-10T10:44:44" time="1.299" tests="1">
    <testcase classname="comment-respond-section renders without crashing" name="comment-respond-section renders without crashing" time="0.041">
    </testcase>
  </testsuite>
  <testsuite name="hero-thumb-section" errors="0" failures="0" skipped="0" timestamp="2025-04-10T10:44:44" time="1.371" tests="1">
    <testcase classname="hero-thumb-section renders without crashing" name="hero-thumb-section renders without crashing" time="0.031">
    </testcase>
  </testsuite>
  <testsuite name="counter-section" errors="0" failures="0" skipped="0" timestamp="2025-04-10T10:44:45" time="1.251" tests="1">
    <testcase classname="counter-section renders without crashing" name="counter-section renders without crashing" time="0.045">
    </testcase>
  </testsuite>
  <testsuite name="comment-input-section" errors="0" failures="0" skipped="0" timestamp="2025-04-10T10:44:45" time="1.077" tests="1">
    <testcase classname="comment-input-section renders without crashing" name="comment-input-section renders without crashing" time="0.038">
    </testcase>
  </testsuite>
  <testsuite name="header-home-one" errors="0" failures="0" skipped="0" timestamp="2025-04-10T10:44:45" time="1.477" tests="1">
    <testcase classname="header-home-one renders without crashing" name="header-home-one renders without crashing" time="0.043">
    </testcase>
  </testsuite>
  <testsuite name="tag-section" errors="0" failures="0" skipped="0" timestamp="2025-04-10T10:44:45" time="1.276" tests="1">
    <testcase classname="tag-section renders without crashing" name="tag-section renders without crashing" time="0.055">
    </testcase>
  </testsuite>
  <testsuite name="breadcrumb-section" errors="0" failures="0" skipped="0" timestamp="2025-04-10T10:44:45" time="1.485" tests="1">
    <testcase classname="breadcrumb-section renders without crashing" name="breadcrumb-section renders without crashing" time="0.069">
    </testcase>
  </testsuite>
  <testsuite name="features-section" errors="0" failures="0" skipped="0" timestamp="2025-04-10T10:44:46" time="1.257" tests="1">
    <testcase classname="features-section renders without crashing" name="features-section renders without crashing" time="0.056">
    </testcase>
  </testsuite>
  <testsuite name="video-section" errors="0" failures="0" skipped="0" timestamp="2025-04-10T10:44:46" time="1.626" tests="1">
    <testcase classname="video-section renders without crashing" name="video-section renders without crashing" time="0.035">
    </testcase>
  </testsuite>
  <testsuite name="about-section" errors="0" failures="0" skipped="0" timestamp="2025-04-10T10:44:46" time="1.39" tests="1">
    <testcase classname="about-section renders without crashing" name="about-section renders without crashing" time="0.054">
    </testcase>
  </testsuite>
  <testsuite name="blog-pagination" errors="0" failures="0" skipped="0" timestamp="2025-04-10T10:44:46" time="1.411" tests="1">
    <testcase classname="blog-pagination renders without crashing" name="blog-pagination renders without crashing" time="0.05">
    </testcase>
  </testsuite>
  <testsuite name="contact-section" errors="0" failures="0" skipped="0" timestamp="2025-04-10T10:44:47" time="1.519" tests="1">
    <testcase classname="contact-section renders without crashing" name="contact-section renders without crashing" time="0.05">
    </testcase>
  </testsuite>
  <testsuite name="feature-section" errors="0" failures="0" skipped="0" timestamp="2025-04-10T10:44:47" time="1.508" tests="1">
    <testcase classname="feature-section renders without crashing" name="feature-section renders without crashing" time="0.077">
    </testcase>
  </testsuite>
  <testsuite name="trading-section" errors="0" failures="0" skipped="0" timestamp="2025-04-10T10:44:47" time="1.516" tests="1">
    <testcase classname="trading-section renders without crashing" name="trading-section renders without crashing" time="0.054">
    </testcase>
  </testsuite>
  <testsuite name="team-info-section" errors="0" failures="0" skipped="0" timestamp="2025-04-10T10:44:47" time="1.882" tests="1">
    <testcase classname="team-info-section renders without crashing" name="team-info-section renders without crashing" time="0.04">
    </testcase>
  </testsuite>
  <testsuite name="video-section-six" errors="0" failures="0" skipped="0" timestamp="2025-04-10T10:44:48" time="1.553" tests="1">
    <testcase classname="video-section-six renders without crashing" name="video-section-six renders without crashing" time="0.07">
    </testcase>
  </testsuite>
  <testsuite name="blog-pagination" errors="0" failures="0" skipped="0" timestamp="2025-04-10T10:44:48" time="1.455" tests="1">
    <testcase classname="blog-pagination renders without crashing" name="blog-pagination renders without crashing" time="0.042">
    </testcase>
  </testsuite>
  <testsuite name="communication-section" errors="0" failures="0" skipped="0" timestamp="2025-04-10T10:44:48" time="1.633" tests="1">
    <testcase classname="communication-section renders without crashing" name="communication-section renders without crashing" time="0.065">
    </testcase>
  </testsuite>
  <testsuite name="breadcrumb-section" errors="0" failures="0" skipped="0" timestamp="2025-04-10T10:44:49" time="1.312" tests="1">
    <testcase classname="breadcrumb-section renders without crashing" name="breadcrumb-section renders without crashing" time="0.035">
    </testcase>
  </testsuite>
  <testsuite name="cta-home-one" errors="0" failures="0" skipped="0" timestamp="2025-04-10T10:44:49" time="1.37" tests="1">
    <testcase classname="cta-home-one renders without crashing" name="cta-home-one renders without crashing" time="0.035">
    </testcase>
  </testsuite>
  <testsuite name="breadcrumbs-section" errors="0" failures="0" skipped="0" timestamp="2025-04-10T10:44:49" time="1.42" tests="1">
    <testcase classname="breadcrumbs-section renders without crashing" name="breadcrumbs-section renders without crashing" time="0.109">
    </testcase>
  </testsuite>
  <testsuite name="related-project-section" errors="0" failures="0" skipped="0" timestamp="2025-04-10T10:44:49" time="1.206" tests="1">
    <testcase classname="related-project-section renders without crashing" name="related-project-section renders without crashing" time="0.035">
    </testcase>
  </testsuite>
  <testsuite name="instant" errors="0" failures="0" skipped="0" timestamp="2025-04-10T10:44:49" time="1.495" tests="1">
    <testcase classname="instant renders without crashing" name="instant renders without crashing" time="0.034">
    </testcase>
  </testsuite>
  <testsuite name="inovative-service-section" errors="0" failures="0" skipped="0" timestamp="2025-04-10T10:44:50" time="1.498" tests="1">
    <testcase classname="inovative-service-section renders without crashing" name="inovative-service-section renders without crashing" time="0.037">
    </testcase>
  </testsuite>
  <testsuite name="about-section" errors="0" failures="0" skipped="0" timestamp="2025-04-10T10:44:50" time="1.687" tests="1">
    <testcase classname="about-section renders without crashing" name="about-section renders without crashing" time="0.053">
    </testcase>
  </testsuite>
  <testsuite name="footer-home-one" errors="0" failures="0" skipped="0" timestamp="2025-04-10T10:44:50" time="1.532" tests="1">
    <testcase classname="footer-home-one renders without crashing" name="footer-home-one renders without crashing" time="0.076">
    </testcase>
  </testsuite>
  <testsuite name="blog-inner-section" errors="0" failures="0" skipped="0" timestamp="2025-04-10T10:44:50" time="2.003" tests="1">
    <testcase classname="blog-inner-section renders without crashing" name="blog-inner-section renders without crashing" time="0.108">
    </testcase>
  </testsuite>
  <testsuite name="mega-menu" errors="0" failures="0" skipped="0" timestamp="2025-04-10T10:44:51" time="1.75" tests="1">
    <testcase classname="mega-menu renders without crashing" name="mega-menu renders without crashing" time="0.072">
    </testcase>
  </testsuite>
  <testsuite name="blockchain-transforming-healthcar" errors="0" failures="0" skipped="0" timestamp="2025-04-10T10:44:51" time="2.006" tests="1">
    <testcase classname="blockchain-transforming-healthcar renders without crashing" name="blockchain-transforming-healthcar renders without crashing" time="0.038">
    </testcase>
  </testsuite>
  <testsuite name="breadcrumb" errors="0" failures="0" skipped="0" timestamp="2025-04-10T10:44:51" time="1.922" tests="1">
    <testcase classname="breadcrumb renders without crashing" name="breadcrumb renders without crashing" time="0.071">
    </testcase>
  </testsuite>
  <testsuite name="dropdown-item" errors="0" failures="0" skipped="0" timestamp="2025-04-10T10:44:52" time="1.906" tests="1">
    <testcase classname="dropdown-item renders without crashing" name="dropdown-item renders without crashing" time="0.03">
    </testcase>
  </testsuite>
  <testsuite name="newsletter-section" errors="0" failures="0" skipped="0" timestamp="2025-04-10T10:44:52" time="1.397" tests="1">
    <testcase classname="newsletter-section renders without crashing" name="newsletter-section renders without crashing" time="0.039">
    </testcase>
  </testsuite>
  <testsuite name="single-blog-post" errors="0" failures="0" skipped="0" timestamp="2025-04-10T10:44:52" time="1.666" tests="1">
    <testcase classname="single-blog-post renders without crashing" name="single-blog-post renders without crashing" time="0.04">
    </testcase>
  </testsuite>
  <testsuite name="video-section-five" errors="0" failures="0" skipped="0" timestamp="2025-04-10T10:44:53" time="1.463" tests="1">
    <testcase classname="video-section-five renders without crashing" name="video-section-five renders without crashing" time="0.032">
    </testcase>
  </testsuite>
  <testsuite name="project-details-section" errors="0" failures="0" skipped="0" timestamp="2025-04-10T10:44:53" time="1.291" tests="1">
    <testcase classname="project-details-section renders without crashing" name="project-details-section renders without crashing" time="0.033">
    </testcase>
  </testsuite>
  <testsuite name="breadcrumb-section" errors="0" failures="0" skipped="0" timestamp="2025-04-10T10:44:54" time="1.151" tests="1">
    <testcase classname="breadcrumb-section renders without crashing" name="breadcrumb-section renders without crashing" time="0.056">
    </testcase>
  </testsuite>
  <testsuite name="breadcrumbs-section" errors="0" failures="0" skipped="0" timestamp="2025-04-10T10:44:54" time="1.311" tests="1">
    <testcase classname="breadcrumbs-section renders without crashing" name="breadcrumbs-section renders without crashing" time="0.045">
    </testcase>
  </testsuite>
  <testsuite name="header-home-five" errors="0" failures="0" skipped="0" timestamp="2025-04-10T10:44:53" time="2.046" tests="1">
    <testcase classname="header-home-five renders without crashing" name="header-home-five renders without crashing" time="0.197">
    </testcase>
  </testsuite>
  <testsuite name="hero-section" errors="0" failures="0" skipped="0" timestamp="2025-04-10T10:44:54" time="1.855" tests="1">
    <testcase classname="hero-section renders without crashing" name="hero-section renders without crashing" time="0.147">
    </testcase>
  </testsuite>
  <testsuite name="breadcrumb-one" errors="0" failures="0" skipped="0" timestamp="2025-04-10T10:44:54" time="1.79" tests="1">
    <testcase classname="breadcrumb-one renders without crashing" name="breadcrumb-one renders without crashing" time="0.088">
    </testcase>
  </testsuite>
  <testsuite name="header-error-six" errors="0" failures="0" skipped="0" timestamp="2025-04-10T10:44:54" time="1.809" tests="1">
    <testcase classname="header-error-six renders without crashing" name="header-error-six renders without crashing" time="0.039">
    </testcase>
  </testsuite>
  <testsuite name="mega-dropdown-item" errors="0" failures="0" skipped="0" timestamp="2025-04-10T10:44:55" time="1.62" tests="1">
    <testcase classname="mega-dropdown-item renders without crashing" name="mega-dropdown-item renders without crashing" time="0.051">
    </testcase>
  </testsuite>
  <testsuite name="comment-section" errors="0" failures="0" skipped="0" timestamp="2025-04-10T10:44:55" time="1.752" tests="1">
    <testcase classname="comment-section renders without crashing" name="comment-section renders without crashing" time="0.029">
    </testcase>
  </testsuite>
  <testsuite name="choose-service-section" errors="0" failures="0" skipped="0" timestamp="2025-04-10T10:44:56" time="1.731" tests="1">
    <testcase classname="choose-service-section renders without crashing" name="choose-service-section renders without crashing" time="0.031">
    </testcase>
  </testsuite>
  <testsuite name="whitepaper-post" errors="0" failures="0" skipped="0" timestamp="2025-04-10T10:44:56" time="1.659" tests="1">
    <testcase classname="whitepaper-post renders without crashing" name="whitepaper-post renders without crashing" time="0.034">
    </testcase>
  </testsuite>
  <testsuite name="breadcrumb-section" errors="0" failures="0" skipped="0" timestamp="2025-04-10T10:44:56" time="1.525" tests="1">
    <testcase classname="breadcrumb-section renders without crashing" name="breadcrumb-section renders without crashing" time="0.069">
    </testcase>
  </testsuite>
  <testsuite name="video-section" errors="0" failures="0" skipped="0" timestamp="2025-04-10T10:44:57" time="1.949" tests="1">
    <testcase classname="video-section renders without crashing" name="video-section renders without crashing" time="0.045">
    </testcase>
  </testsuite>
  <testsuite name="blog-inner-section" errors="0" failures="0" skipped="0" timestamp="2025-04-10T10:44:57" time="1.587" tests="1">
    <testcase classname="blog-inner-section renders without crashing" name="blog-inner-section renders without crashing" time="0.04">
    </testcase>
  </testsuite>
  <testsuite name="project-thumb-section" errors="0" failures="0" skipped="0" timestamp="2025-04-10T10:44:58" time="1.736" tests="1">
    <testcase classname="project-thumb-section renders without crashing" name="project-thumb-section renders without crashing" time="0.071">
    </testcase>
  </testsuite>
  <testsuite name="second-level-dropdown-item" errors="0" failures="0" skipped="0" timestamp="2025-04-10T10:44:58" time="1.558" tests="1">
    <testcase classname="second-level-dropdown-item renders without crashing" name="second-level-dropdown-item renders without crashing" time="0.056">
    </testcase>
  </testsuite>
  <testsuite name="faq-home-one" errors="0" failures="0" skipped="0" timestamp="2025-04-10T10:44:58" time="1.773" tests="1">
    <testcase classname="faq-home-one renders without crashing" name="faq-home-one renders without crashing" time="0.044">
    </testcase>
  </testsuite>
  <testsuite name="whitepaper-single-blogs-details" errors="0" failures="0" skipped="0" timestamp="2025-04-10T10:44:59" time="1.669" tests="1">
    <testcase classname="whitepaper-single-blogs-details renders without crashing" name="whitepaper-single-blogs-details renders without crashing" time="0.038">
    </testcase>
  </testsuite>
  <testsuite name="feature-section" errors="0" failures="0" skipped="0" timestamp="2025-04-10T10:44:59" time="1.733" tests="1">
    <testcase classname="feature-section renders without crashing" name="feature-section renders without crashing" time="0.056">
    </testcase>
  </testsuite>
  <testsuite name="video-section-one" errors="0" failures="0" skipped="0" timestamp="2025-04-10T10:44:59" time="1.465" tests="1">
    <testcase classname="video-section-one renders without crashing" name="video-section-one renders without crashing" time="0.045">
    </testcase>
  </testsuite>
  <testsuite name="whitepaperCrumb-section" errors="0" failures="0" skipped="0" timestamp="2025-04-10T10:45:00" time="1.609" tests="1">
    <testcase classname="whitepaperCrumb-section renders without crashing" name="whitepaperCrumb-section renders without crashing" time="0.05">
    </testcase>
  </testsuite>
  <testsuite name="blog-sidebar-section" errors="0" failures="0" skipped="0" timestamp="2025-04-10T10:45:00" time="1.469" tests="1">
    <testcase classname="blog-sidebar-section renders without crashing" name="blog-sidebar-section renders without crashing" time="0.084">
    </testcase>
  </testsuite>
  <testsuite name="footer-home-four" errors="0" failures="0" skipped="0" timestamp="2025-04-10T10:45:00" time="1.505" tests="1">
    <testcase classname="footer-home-four renders without crashing" name="footer-home-four renders without crashing" time="0.041">
    </testcase>
  </testsuite>
  <testsuite name="mega-menu-item" errors="0" failures="0" skipped="0" timestamp="2025-04-10T10:45:00" time="1.442" tests="1">
    <testcase classname="mega-menu-item renders without crashing" name="mega-menu-item renders without crashing" time="0.035">
    </testcase>
  </testsuite>
  <testsuite name="breadcrumb-section" errors="0" failures="0" skipped="0" timestamp="2025-04-10T10:45:01" time="1.336" tests="1">
    <testcase classname="breadcrumb-section renders without crashing" name="breadcrumb-section renders without crashing" time="0.055">
    </testcase>
  </testsuite>
  <testsuite name="nft-roadmap" errors="0" failures="0" skipped="0" timestamp="2025-04-10T10:45:01" time="1.556" tests="1">
    <testcase classname="nft-roadmap renders without crashing" name="nft-roadmap renders without crashing" time="0.031">
    </testcase>
  </testsuite>
  <testsuite name="project-about-section" errors="0" failures="0" skipped="0" timestamp="2025-04-10T10:45:01" time="1.24" tests="1">
    <testcase classname="project-about-section renders without crashing" name="project-about-section renders without crashing" time="0.037">
    </testcase>
  </testsuite>
  <testsuite name="blog-pagination" errors="0" failures="0" skipped="0" timestamp="2025-04-10T10:45:02" time="1.134" tests="1">
    <testcase classname="blog-pagination renders without crashing" name="blog-pagination renders without crashing" time="0.031">
    </testcase>
  </testsuite>
  <testsuite name="LocationPin" errors="0" failures="0" skipped="0" timestamp="2025-04-10T10:45:02" time="1.089" tests="1">
    <testcase classname="LocationPin renders without crashing" name="LocationPin renders without crashing" time="0.022">
    </testcase>
  </testsuite>
  <testsuite name="about-section" errors="0" failures="0" skipped="0" timestamp="2025-04-10T10:45:02" time="9.76" tests="1">
    <testcase classname="about-section renders without crashing" name="about-section renders without crashing" time="0.024">
    </testcase>
  </testsuite>
</testsuites>