<?xml version="1.0" encoding="UTF-8"?>
<coverage generated="1745575304611" clover="3.2.0">
  <project timestamp="1745575304612" name="All files">
    <metrics statements="382" coveredstatements="329" conditionals="185" coveredconditionals="109" methods="252" coveredmethods="210" elements="819" coveredelements="648" complexity="0" loc="382" ncloc="382" packages="47" files="151" classes="151"/>
    <package name="components.about">
      <metrics statements="13" coveredstatements="12" conditionals="0" coveredconditionals="0" methods="14" coveredmethods="13"/>
      <file name="about-section.js" path="C:\Users\ADMIN\humb-id\components\about\about-section.js">
        <metrics statements="4" coveredstatements="4" conditionals="0" coveredconditionals="0" methods="6" coveredmethods="6"/>
        <line num="7" count="1" type="stmt"/>
        <line num="10" count="1" type="stmt"/>
        <line num="22" count="1" type="stmt"/>
        <line num="38" count="3" type="stmt"/>
      </file>
      <file name="breadcrumb.js" path="C:\Users\ADMIN\humb-id\components\about\breadcrumb.js">
        <metrics statements="1" coveredstatements="1" conditionals="0" coveredconditionals="0" methods="1" coveredmethods="1"/>
        <line num="6" count="3" type="stmt"/>
      </file>
      <file name="feature-section.js" path="C:\Users\ADMIN\humb-id\components\about\feature-section.js">
        <metrics statements="1" coveredstatements="1" conditionals="0" coveredconditionals="0" methods="1" coveredmethods="1"/>
        <line num="4" count="5" type="stmt"/>
      </file>
      <file name="mission-vision.js" path="C:\Users\ADMIN\humb-id\components\about\mission-vision.js">
        <metrics statements="1" coveredstatements="1" conditionals="0" coveredconditionals="0" methods="1" coveredmethods="1"/>
        <line num="5" count="5" type="stmt"/>
      </file>
      <file name="team-section.js" path="C:\Users\ADMIN\humb-id\components\about\team-section.js">
        <metrics statements="1" coveredstatements="1" conditionals="0" coveredconditionals="0" methods="1" coveredmethods="1"/>
        <line num="6" count="9" type="stmt"/>
      </file>
      <file name="video-section.js" path="C:\Users\ADMIN\humb-id\components\about\video-section.js">
        <metrics statements="5" coveredstatements="4" conditionals="0" coveredconditionals="0" methods="4" coveredmethods="3"/>
        <line num="5" count="2" type="stmt"/>
        <line num="8" count="4" type="stmt"/>
        <line num="9" count="3" type="stmt"/>
        <line num="28" count="1" type="stmt"/>
        <line num="41" count="0" type="stmt"/>
      </file>
    </package>
    <package name="components.blog">
      <metrics statements="5" coveredstatements="5" conditionals="0" coveredconditionals="0" methods="5" coveredmethods="5"/>
      <file name="blog-pagination.js" path="C:\Users\ADMIN\humb-id\components\blog\blog-pagination.js">
        <metrics statements="1" coveredstatements="1" conditionals="0" coveredconditionals="0" methods="1" coveredmethods="1"/>
        <line num="6" count="2" type="stmt"/>
      </file>
      <file name="blog-post.js" path="C:\Users\ADMIN\humb-id\components\blog\blog-post.js">
        <metrics statements="1" coveredstatements="1" conditionals="0" coveredconditionals="0" methods="1" coveredmethods="1"/>
        <line num="8" count="4" type="stmt"/>
      </file>
      <file name="blog-section.js" path="C:\Users\ADMIN\humb-id\components\blog\blog-section.js">
        <metrics statements="1" coveredstatements="1" conditionals="0" coveredconditionals="0" methods="1" coveredmethods="1"/>
        <line num="6" count="3" type="stmt"/>
      </file>
      <file name="blog-sidebar-section.js" path="C:\Users\ADMIN\humb-id\components\blog\blog-sidebar-section.js">
        <metrics statements="1" coveredstatements="1" conditionals="0" coveredconditionals="0" methods="1" coveredmethods="1"/>
        <line num="6" count="1" type="stmt"/>
      </file>
      <file name="breadcrumb-section.js" path="C:\Users\ADMIN\humb-id\components\blog\breadcrumb-section.js">
        <metrics statements="1" coveredstatements="1" conditionals="0" coveredconditionals="0" methods="1" coveredmethods="1"/>
        <line num="6" count="2" type="stmt"/>
      </file>
    </package>
    <package name="components.blog-dark">
      <metrics statements="18" coveredstatements="16" conditionals="4" coveredconditionals="3" methods="11" coveredmethods="10"/>
      <file name="blog-dark-inner-section.js" path="C:\Users\ADMIN\humb-id\components\blog-dark\blog-dark-inner-section.js">
        <metrics statements="2" coveredstatements="2" conditionals="0" coveredconditionals="0" methods="2" coveredmethods="2"/>
        <line num="8" count="2" type="stmt"/>
        <line num="12" count="3" type="stmt"/>
      </file>
      <file name="blog-filtering.js" path="C:\Users\ADMIN\humb-id\components\blog-dark\blog-filtering.js">
        <metrics statements="14" coveredstatements="12" conditionals="4" coveredconditionals="3" methods="7" coveredmethods="6"/>
        <line num="8" count="3" type="stmt"/>
        <line num="9" count="3" type="stmt"/>
        <line num="10" count="3" type="stmt"/>
        <line num="11" count="3" type="stmt"/>
        <line num="12" count="3" type="stmt"/>
        <line num="18" count="3" type="stmt"/>
        <line num="21" count="3" type="stmt"/>
        <line num="22" count="3" type="cond" truecount="1" falsecount="1"/>
        <line num="27" count="15" type="stmt"/>
        <line num="28" count="0" type="stmt"/>
        <line num="29" count="0" type="stmt"/>
        <line num="32" count="3" type="stmt"/>
        <line num="33" count="15" type="cond" truecount="2" falsecount="0"/>
        <line num="35" count="3" type="stmt"/>
      </file>
      <file name="blog-pagination.js" path="C:\Users\ADMIN\humb-id\components\blog-dark\blog-pagination.js">
        <metrics statements="1" coveredstatements="1" conditionals="0" coveredconditionals="0" methods="1" coveredmethods="1"/>
        <line num="5" count="4" type="stmt"/>
      </file>
      <file name="breadcrumbs-section.js" path="C:\Users\ADMIN\humb-id\components\blog-dark\breadcrumbs-section.js">
        <metrics statements="1" coveredstatements="1" conditionals="0" coveredconditionals="0" methods="1" coveredmethods="1"/>
        <line num="4" count="1" type="stmt"/>
      </file>
    </package>
    <package name="components.blog-dark-sidebar">
      <metrics statements="2" coveredstatements="2" conditionals="2" coveredconditionals="1" methods="1" coveredmethods="1"/>
      <file name="blog-inner-section.js" path="C:\Users\ADMIN\humb-id\components\blog-dark-sidebar\blog-inner-section.js">
        <metrics statements="2" coveredstatements="2" conditionals="2" coveredconditionals="1" methods="1" coveredmethods="1"/>
        <line num="7" count="1" type="cond" truecount="1" falsecount="1"/>
        <line num="8" count="1" type="stmt"/>
      </file>
    </package>
    <package name="components.blog-light">
      <metrics statements="19" coveredstatements="17" conditionals="4" coveredconditionals="3" methods="12" coveredmethods="11"/>
      <file name="blog-filtering.js" path="C:\Users\ADMIN\humb-id\components\blog-light\blog-filtering.js">
        <metrics statements="14" coveredstatements="12" conditionals="4" coveredconditionals="3" methods="7" coveredmethods="6"/>
        <line num="8" count="4" type="stmt"/>
        <line num="9" count="4" type="stmt"/>
        <line num="10" count="4" type="stmt"/>
        <line num="11" count="4" type="stmt"/>
        <line num="12" count="4" type="stmt"/>
        <line num="16" count="4" type="stmt"/>
        <line num="19" count="4" type="stmt"/>
        <line num="20" count="4" type="cond" truecount="1" falsecount="1"/>
        <line num="25" count="20" type="stmt"/>
        <line num="26" count="0" type="stmt"/>
        <line num="27" count="0" type="stmt"/>
        <line num="30" count="4" type="stmt"/>
        <line num="31" count="20" type="cond" truecount="2" falsecount="0"/>
        <line num="34" count="4" type="stmt"/>
      </file>
      <file name="blog-inner-section.js" path="C:\Users\ADMIN\humb-id\components\blog-light\blog-inner-section.js">
        <metrics statements="2" coveredstatements="2" conditionals="0" coveredconditionals="0" methods="2" coveredmethods="2"/>
        <line num="6" count="2" type="stmt"/>
        <line num="11" count="4" type="stmt"/>
      </file>
      <file name="blog-pagination.js" path="C:\Users\ADMIN\humb-id\components\blog-light\blog-pagination.js">
        <metrics statements="1" coveredstatements="1" conditionals="0" coveredconditionals="0" methods="1" coveredmethods="1"/>
        <line num="4" count="6" type="stmt"/>
      </file>
      <file name="blog-top-section.js" path="C:\Users\ADMIN\humb-id\components\blog-light\blog-top-section.js">
        <metrics statements="1" coveredstatements="1" conditionals="0" coveredconditionals="0" methods="1" coveredmethods="1"/>
        <line num="6" count="4" type="stmt"/>
      </file>
      <file name="breadcrumbs-section.js" path="C:\Users\ADMIN\humb-id\components\blog-light\breadcrumbs-section.js">
        <metrics statements="1" coveredstatements="1" conditionals="0" coveredconditionals="0" methods="1" coveredmethods="1"/>
        <line num="4" count="4" type="stmt"/>
      </file>
    </package>
    <package name="components.blog-light-sidebar">
      <metrics statements="2" coveredstatements="2" conditionals="2" coveredconditionals="1" methods="1" coveredmethods="1"/>
      <file name="blog-inner-section.js" path="C:\Users\ADMIN\humb-id\components\blog-light-sidebar\blog-inner-section.js">
        <metrics statements="2" coveredstatements="2" conditionals="2" coveredconditionals="1" methods="1" coveredmethods="1"/>
        <line num="6" count="1" type="cond" truecount="1" falsecount="1"/>
        <line num="7" count="1" type="stmt"/>
      </file>
    </package>
    <package name="components.blog.blogs-details">
      <metrics statements="3" coveredstatements="3" conditionals="0" coveredconditionals="0" methods="3" coveredmethods="3"/>
      <file name="blockchain-transforming-healthcar.js" path="C:\Users\ADMIN\humb-id\components\blog\blogs-details\blockchain-transforming-healthcar.js">
        <metrics statements="1" coveredstatements="1" conditionals="0" coveredconditionals="0" methods="1" coveredmethods="1"/>
        <line num="6" count="1" type="stmt"/>
      </file>
      <file name="healthcare-and-cryptoworld.js" path="C:\Users\ADMIN\humb-id\components\blog\blogs-details\healthcare-and-cryptoworld.js">
        <metrics statements="1" coveredstatements="1" conditionals="0" coveredconditionals="0" methods="1" coveredmethods="1"/>
        <line num="6" count="1" type="stmt"/>
      </file>
      <file name="humb-revolution.js" path="C:\Users\ADMIN\humb-id\components\blog\blogs-details\humb-revolution.js">
        <metrics statements="1" coveredstatements="1" conditionals="0" coveredconditionals="0" methods="1" coveredmethods="1"/>
        <line num="6" count="1" type="stmt"/>
      </file>
    </package>
    <package name="components.career">
      <metrics statements="2" coveredstatements="2" conditionals="0" coveredconditionals="0" methods="2" coveredmethods="2"/>
      <file name="job-position-section.js" path="C:\Users\ADMIN\humb-id\components\career\job-position-section.js">
        <metrics statements="1" coveredstatements="1" conditionals="0" coveredconditionals="0" methods="1" coveredmethods="1"/>
        <line num="6" count="1" type="stmt"/>
      </file>
      <file name="section-one.js" path="C:\Users\ADMIN\humb-id\components\career\section-one.js">
        <metrics statements="1" coveredstatements="1" conditionals="0" coveredconditionals="0" methods="1" coveredmethods="1"/>
        <line num="4" count="1" type="stmt"/>
      </file>
    </package>
    <package name="components.coming-soon">
      <metrics statements="7" coveredstatements="7" conditionals="0" coveredconditionals="0" methods="7" coveredmethods="7"/>
      <file name="countdown-section.js" path="C:\Users\ADMIN\humb-id\components\coming-soon\countdown-section.js">
        <metrics statements="5" coveredstatements="5" conditionals="0" coveredconditionals="0" methods="5" coveredmethods="5"/>
        <line num="4" count="1" type="stmt"/>
        <line num="9" count="2" type="stmt"/>
        <line num="17" count="2" type="stmt"/>
        <line num="25" count="2" type="stmt"/>
        <line num="33" count="2" type="stmt"/>
      </file>
      <file name="logo-section.js" path="C:\Users\ADMIN\humb-id\components\coming-soon\logo-section.js">
        <metrics statements="1" coveredstatements="1" conditionals="0" coveredconditionals="0" methods="1" coveredmethods="1"/>
        <line num="6" count="1" type="stmt"/>
      </file>
      <file name="newsletter-section.js" path="C:\Users\ADMIN\humb-id\components\coming-soon\newsletter-section.js">
        <metrics statements="1" coveredstatements="1" conditionals="0" coveredconditionals="0" methods="1" coveredmethods="1"/>
        <line num="3" count="1" type="stmt"/>
      </file>
    </package>
    <package name="components.common.blog">
      <metrics statements="6" coveredstatements="6" conditionals="2" coveredconditionals="1" methods="5" coveredmethods="5"/>
      <file name="blog-content-section.js" path="C:\Users\ADMIN\humb-id\components\common\blog\blog-content-section.js">
        <metrics statements="1" coveredstatements="1" conditionals="0" coveredconditionals="0" methods="1" coveredmethods="1"/>
        <line num="7" count="3" type="stmt"/>
      </file>
      <file name="blog-pagination.js" path="C:\Users\ADMIN\humb-id\components\common\blog\blog-pagination.js">
        <metrics statements="2" coveredstatements="2" conditionals="2" coveredconditionals="1" methods="1" coveredmethods="1"/>
        <line num="5" count="4" type="cond" truecount="1" falsecount="1"/>
        <line num="6" count="4" type="stmt"/>
      </file>
      <file name="blog-post-section.js" path="C:\Users\ADMIN\humb-id\components\common\blog\blog-post-section.js">
        <metrics statements="1" coveredstatements="1" conditionals="0" coveredconditionals="0" methods="1" coveredmethods="1"/>
        <line num="6" count="4" type="stmt"/>
      </file>
      <file name="blog-sidebar-section.js" path="C:\Users\ADMIN\humb-id\components\common\blog\blog-sidebar-section.js">
        <metrics statements="1" coveredstatements="1" conditionals="0" coveredconditionals="0" methods="1" coveredmethods="1"/>
        <line num="6" count="4" type="stmt"/>
      </file>
      <file name="breadcrumbs-section.js" path="C:\Users\ADMIN\humb-id\components\common\blog\breadcrumbs-section.js">
        <metrics statements="1" coveredstatements="1" conditionals="0" coveredconditionals="0" methods="1" coveredmethods="1"/>
        <line num="3" count="3" type="stmt"/>
      </file>
    </package>
    <package name="components.common.breadcrumb">
      <metrics statements="1" coveredstatements="1" conditionals="0" coveredconditionals="0" methods="1" coveredmethods="1"/>
      <file name="breadcrumb-one.js" path="C:\Users\ADMIN\humb-id\components\common\breadcrumb\breadcrumb-one.js">
        <metrics statements="1" coveredstatements="1" conditionals="0" coveredconditionals="0" methods="1" coveredmethods="1"/>
        <line num="6" count="1" type="stmt"/>
      </file>
    </package>
    <package name="components.common.counter">
      <metrics statements="1" coveredstatements="1" conditionals="0" coveredconditionals="0" methods="1" coveredmethods="1"/>
      <file name="counter-one-section.js" path="C:\Users\ADMIN\humb-id\components\common\counter\counter-one-section.js">
        <metrics statements="1" coveredstatements="1" conditionals="0" coveredconditionals="0" methods="1" coveredmethods="1"/>
        <line num="6" count="1" type="stmt"/>
      </file>
    </package>
    <package name="components.common.faq">
      <metrics statements="6" coveredstatements="6" conditionals="0" coveredconditionals="0" methods="6" coveredmethods="6"/>
      <file name="faq-accordion-four.js" path="C:\Users\ADMIN\humb-id\components\common\faq\faq-accordion-four.js">
        <metrics statements="1" coveredstatements="1" conditionals="0" coveredconditionals="0" methods="1" coveredmethods="1"/>
        <line num="6" count="1" type="stmt"/>
      </file>
      <file name="faq-accordion-one.js" path="C:\Users\ADMIN\humb-id\components\common\faq\faq-accordion-one.js">
        <metrics statements="1" coveredstatements="1" conditionals="0" coveredconditionals="0" methods="1" coveredmethods="1"/>
        <line num="4" count="1" type="stmt"/>
      </file>
      <file name="faq-accordion-three.js" path="C:\Users\ADMIN\humb-id\components\common\faq\faq-accordion-three.js">
        <metrics statements="1" coveredstatements="1" conditionals="0" coveredconditionals="0" methods="1" coveredmethods="1"/>
        <line num="5" count="1" type="stmt"/>
      </file>
      <file name="faq-accordion-two.js" path="C:\Users\ADMIN\humb-id\components\common\faq\faq-accordion-two.js">
        <metrics statements="1" coveredstatements="1" conditionals="0" coveredconditionals="0" methods="1" coveredmethods="1"/>
        <line num="6" count="1" type="stmt"/>
      </file>
      <file name="faq-home-one.js" path="C:\Users\ADMIN\humb-id\components\common\faq\faq-home-one.js">
        <metrics statements="1" coveredstatements="1" conditionals="0" coveredconditionals="0" methods="1" coveredmethods="1"/>
        <line num="6" count="1" type="stmt"/>
      </file>
      <file name="faq-section.js" path="C:\Users\ADMIN\humb-id\components\common\faq\faq-section.js">
        <metrics statements="1" coveredstatements="1" conditionals="0" coveredconditionals="0" methods="1" coveredmethods="1"/>
        <line num="6" count="1" type="stmt"/>
      </file>
    </package>
    <package name="components.common.feature">
      <metrics statements="2" coveredstatements="2" conditionals="0" coveredconditionals="0" methods="2" coveredmethods="2"/>
      <file name="feature-one-section.js" path="C:\Users\ADMIN\humb-id\components\common\feature\feature-one-section.js">
        <metrics statements="1" coveredstatements="1" conditionals="0" coveredconditionals="0" methods="1" coveredmethods="1"/>
        <line num="6" count="1" type="stmt"/>
      </file>
      <file name="feature-section-two.js" path="C:\Users\ADMIN\humb-id\components\common\feature\feature-section-two.js">
        <metrics statements="1" coveredstatements="1" conditionals="0" coveredconditionals="0" methods="1" coveredmethods="1"/>
        <line num="6" count="1" type="stmt"/>
      </file>
    </package>
    <package name="components.common.filter-gallary">
      <metrics statements="50" coveredstatements="37" conditionals="20" coveredconditionals="10" methods="24" coveredmethods="18"/>
      <file name="filter-faq-gallary.js" path="C:\Users\ADMIN\humb-id\components\common\filter-gallary\filter-faq-gallary.js">
        <metrics statements="1" coveredstatements="1" conditionals="0" coveredconditionals="0" methods="1" coveredmethods="1"/>
        <line num="6" count="1" type="stmt"/>
      </file>
      <file name="filter-gallary-one.js" path="C:\Users\ADMIN\humb-id\components\common\filter-gallary\filter-gallary-one.js">
        <metrics statements="16" coveredstatements="12" conditionals="6" coveredconditionals="3" methods="8" coveredmethods="6"/>
        <line num="7" count="1" type="stmt"/>
        <line num="8" count="1" type="stmt"/>
        <line num="9" count="1" type="stmt"/>
        <line num="10" count="1" type="stmt"/>
        <line num="11" count="1" type="stmt"/>
        <line num="12" count="0" type="stmt"/>
        <line num="24" count="1" type="stmt"/>
        <line num="28" count="1" type="stmt"/>
        <line num="29" count="1" type="cond" truecount="1" falsecount="1"/>
        <line num="30" count="0" type="cond" truecount="0" falsecount="2"/>
        <line num="35" count="6" type="stmt"/>
        <line num="36" count="0" type="stmt"/>
        <line num="37" count="0" type="stmt"/>
        <line num="40" count="1" type="stmt"/>
        <line num="41" count="6" type="cond" truecount="2" falsecount="0"/>
        <line num="43" count="1" type="stmt"/>
      </file>
      <file name="filter-gallary-three.js" path="C:\Users\ADMIN\humb-id\components\common\filter-gallary\filter-gallary-three.js">
        <metrics statements="18" coveredstatements="13" conditionals="8" coveredconditionals="4" methods="8" coveredmethods="6"/>
        <line num="7" count="2" type="stmt"/>
        <line num="8" count="2" type="stmt"/>
        <line num="9" count="2" type="stmt"/>
        <line num="11" count="2" type="stmt"/>
        <line num="12" count="2" type="stmt"/>
        <line num="13" count="0" type="stmt"/>
        <line num="24" count="2" type="stmt"/>
        <line num="25" count="2" type="cond" truecount="1" falsecount="1"/>
        <line num="26" count="0" type="stmt"/>
        <line num="31" count="2" type="stmt"/>
        <line num="32" count="2" type="cond" truecount="1" falsecount="1"/>
        <line num="33" count="0" type="cond" truecount="0" falsecount="2"/>
        <line num="39" count="10" type="stmt"/>
        <line num="40" count="0" type="stmt"/>
        <line num="41" count="0" type="stmt"/>
        <line num="44" count="2" type="stmt"/>
        <line num="45" count="10" type="cond" truecount="2" falsecount="0"/>
        <line num="48" count="2" type="stmt"/>
      </file>
      <file name="filter-gallary-two.js" path="C:\Users\ADMIN\humb-id\components\common\filter-gallary\filter-gallary-two.js">
        <metrics statements="15" coveredstatements="11" conditionals="6" coveredconditionals="3" methods="7" coveredmethods="5"/>
        <line num="8" count="1" type="stmt"/>
        <line num="9" count="1" type="stmt"/>
        <line num="10" count="1" type="stmt"/>
        <line num="12" count="1" type="stmt"/>
        <line num="13" count="1" type="stmt"/>
        <line num="14" count="0" type="stmt"/>
        <line num="23" count="1" type="stmt"/>
        <line num="24" count="1" type="cond" truecount="1" falsecount="1"/>
        <line num="25" count="0" type="cond" truecount="0" falsecount="2"/>
        <line num="30" count="5" type="stmt"/>
        <line num="31" count="0" type="stmt"/>
        <line num="32" count="0" type="stmt"/>
        <line num="35" count="1" type="stmt"/>
        <line num="36" count="5" type="cond" truecount="2" falsecount="0"/>
        <line num="39" count="1" type="stmt"/>
      </file>
    </package>
    <package name="components.common.preloader">
      <metrics statements="9" coveredstatements="7" conditionals="2" coveredconditionals="2" methods="5" coveredmethods="3"/>
      <file name="preloader.js" path="C:\Users\ADMIN\humb-id\components\common\preloader\preloader.js">
        <metrics statements="9" coveredstatements="7" conditionals="2" coveredconditionals="2" methods="5" coveredmethods="3"/>
        <line num="5" count="1" type="stmt"/>
        <line num="6" count="1" type="stmt"/>
        <line num="8" count="1" type="stmt"/>
        <line num="9" count="1" type="stmt"/>
        <line num="10" count="0" type="stmt"/>
        <line num="13" count="1" type="stmt"/>
        <line num="14" count="0" type="stmt"/>
        <line num="17" count="1" type="stmt"/>
        <line num="19" count="1" type="stmt"/>
      </file>
    </package>
    <package name="components.common.pricing">
      <metrics statements="8" coveredstatements="6" conditionals="28" coveredconditionals="14" methods="4" coveredmethods="2"/>
      <file name="pricing-section-one.js" path="C:\Users\ADMIN\humb-id\components\common\pricing\pricing-section-one.js">
        <metrics statements="4" coveredstatements="3" conditionals="12" coveredconditionals="6" methods="2" coveredmethods="1"/>
        <line num="6" count="1" type="stmt"/>
        <line num="8" count="1" type="stmt"/>
        <line num="9" count="0" type="stmt"/>
        <line num="11" count="1" type="stmt"/>
      </file>
      <file name="pricing-section-two.js" path="C:\Users\ADMIN\humb-id\components\common\pricing\pricing-section-two.js">
        <metrics statements="4" coveredstatements="3" conditionals="16" coveredconditionals="8" methods="2" coveredmethods="1"/>
        <line num="6" count="1" type="stmt"/>
        <line num="8" count="1" type="stmt"/>
        <line num="9" count="0" type="stmt"/>
        <line num="11" count="1" type="stmt"/>
      </file>
    </package>
    <package name="components.common.scroll-top">
      <metrics statements="9" coveredstatements="5" conditionals="4" coveredconditionals="1" methods="4" coveredmethods="2"/>
      <file name="index.js" path="C:\Users\ADMIN\humb-id\components\common\scroll-top\index.js">
        <metrics statements="9" coveredstatements="5" conditionals="4" coveredconditionals="1" methods="4" coveredmethods="2"/>
        <line num="6" count="1" type="stmt"/>
        <line num="8" count="1" type="stmt"/>
        <line num="9" count="1" type="stmt"/>
        <line num="10" count="0" type="cond" truecount="0" falsecount="2"/>
        <line num="11" count="0" type="stmt"/>
        <line num="13" count="0" type="stmt"/>
        <line num="18" count="1" type="stmt"/>
        <line num="19" count="0" type="stmt"/>
        <line num="24" count="1" type="stmt"/>
      </file>
    </package>
    <package name="components.common.sliders.card">
      <metrics statements="11" coveredstatements="11" conditionals="2" coveredconditionals="2" methods="7" coveredmethods="7"/>
      <file name="card-slider-one.js" path="C:\Users\ADMIN\humb-id\components\common\sliders\card\card-slider-one.js">
        <metrics statements="4" coveredstatements="4" conditionals="0" coveredconditionals="0" methods="3" coveredmethods="3"/>
        <line num="6" count="2" type="stmt"/>
        <line num="10" count="2" type="stmt"/>
        <line num="14" count="2" type="stmt"/>
        <line num="48" count="2" type="stmt"/>
      </file>
      <file name="card-slider-two.js" path="C:\Users\ADMIN\humb-id\components\common\sliders\card\card-slider-two.js">
        <metrics statements="4" coveredstatements="4" conditionals="0" coveredconditionals="0" methods="2" coveredmethods="2"/>
        <line num="9" count="2" type="stmt"/>
        <line num="55" count="2" type="stmt"/>
        <line num="94" count="2" type="stmt"/>
        <line num="110" count="12" type="stmt"/>
      </file>
      <file name="single-card-slider-two.js" path="C:\Users\ADMIN\humb-id\components\common\sliders\card\single-card-slider-two.js">
        <metrics statements="3" coveredstatements="3" conditionals="2" coveredconditionals="2" methods="2" coveredmethods="2"/>
        <line num="6" count="38" type="stmt"/>
        <line num="8" count="38" type="stmt"/>
        <line num="24" count="1" type="stmt"/>
      </file>
    </package>
    <package name="components.common.sliders.client">
      <metrics statements="4" coveredstatements="4" conditionals="0" coveredconditionals="0" methods="2" coveredmethods="2"/>
      <file name="client-slider-one.js" path="C:\Users\ADMIN\humb-id\components\common\sliders\client\client-slider-one.js">
        <metrics statements="2" coveredstatements="2" conditionals="0" coveredconditionals="0" methods="1" coveredmethods="1"/>
        <line num="6" count="1" type="stmt"/>
        <line num="39" count="1" type="stmt"/>
      </file>
      <file name="client-slider-two.js" path="C:\Users\ADMIN\humb-id\components\common\sliders\client\client-slider-two.js">
        <metrics statements="2" coveredstatements="2" conditionals="0" coveredconditionals="0" methods="1" coveredmethods="1"/>
        <line num="6" count="1" type="stmt"/>
        <line num="40" count="1" type="stmt"/>
      </file>
    </package>
    <package name="components.common.sliders.testimonial">
      <metrics statements="4" coveredstatements="4" conditionals="0" coveredconditionals="0" methods="2" coveredmethods="2"/>
      <file name="testimonial-slider-one.js" path="C:\Users\ADMIN\humb-id\components\common\sliders\testimonial\testimonial-slider-one.js">
        <metrics statements="2" coveredstatements="2" conditionals="0" coveredconditionals="0" methods="1" coveredmethods="1"/>
        <line num="6" count="1" type="stmt"/>
        <line num="29" count="1" type="stmt"/>
      </file>
      <file name="testimonial-slider-two.js" path="C:\Users\ADMIN\humb-id\components\common\sliders\testimonial\testimonial-slider-two.js">
        <metrics statements="2" coveredstatements="2" conditionals="0" coveredconditionals="0" methods="1" coveredmethods="1"/>
        <line num="7" count="1" type="stmt"/>
        <line num="30" count="1" type="stmt"/>
      </file>
    </package>
    <package name="components.common.sliders.text">
      <metrics statements="7" coveredstatements="7" conditionals="0" coveredconditionals="0" methods="3" coveredmethods="3"/>
      <file name="text-slider-one.js" path="C:\Users\ADMIN\humb-id\components\common\sliders\text\text-slider-one.js">
        <metrics statements="3" coveredstatements="3" conditionals="0" coveredconditionals="0" methods="1" coveredmethods="1"/>
        <line num="5" count="1" type="stmt"/>
        <line num="27" count="1" type="stmt"/>
        <line num="50" count="1" type="stmt"/>
      </file>
      <file name="text-slider-three.js" path="C:\Users\ADMIN\humb-id\components\common\sliders\text\text-slider-three.js">
        <metrics statements="2" coveredstatements="2" conditionals="0" coveredconditionals="0" methods="1" coveredmethods="1"/>
        <line num="5" count="1" type="stmt"/>
        <line num="27" count="1" type="stmt"/>
      </file>
      <file name="text-slider-two.js" path="C:\Users\ADMIN\humb-id\components\common\sliders\text\text-slider-two.js">
        <metrics statements="2" coveredstatements="2" conditionals="0" coveredconditionals="0" methods="1" coveredmethods="1"/>
        <line num="5" count="1" type="stmt"/>
        <line num="27" count="1" type="stmt"/>
      </file>
    </package>
    <package name="components.common.team">
      <metrics statements="1" coveredstatements="1" conditionals="0" coveredconditionals="0" methods="1" coveredmethods="1"/>
      <file name="team-home-four.js" path="C:\Users\ADMIN\humb-id\components\common\team\team-home-four.js">
        <metrics statements="1" coveredstatements="1" conditionals="0" coveredconditionals="0" methods="1" coveredmethods="1"/>
        <line num="6" count="1" type="stmt"/>
      </file>
    </package>
    <package name="components.common.video">
      <metrics statements="29" coveredstatements="18" conditionals="2" coveredconditionals="1" methods="23" coveredmethods="12"/>
      <file name="video-section-five.js" path="C:\Users\ADMIN\humb-id\components\common\video\video-section-five.js">
        <metrics statements="5" coveredstatements="3" conditionals="0" coveredconditionals="0" methods="4" coveredmethods="2"/>
        <line num="5" count="2" type="stmt"/>
        <line num="8" count="2" type="stmt"/>
        <line num="9" count="1" type="stmt"/>
        <line num="19" count="0" type="stmt"/>
        <line num="32" count="0" type="stmt"/>
      </file>
      <file name="video-section-four.js" path="C:\Users\ADMIN\humb-id\components\common\video\video-section-four.js">
        <metrics statements="5" coveredstatements="3" conditionals="0" coveredconditionals="0" methods="4" coveredmethods="2"/>
        <line num="6" count="2" type="stmt"/>
        <line num="9" count="2" type="stmt"/>
        <line num="10" count="1" type="stmt"/>
        <line num="17" count="0" type="stmt"/>
        <line num="57" count="0" type="stmt"/>
      </file>
      <file name="video-section-one.js" path="C:\Users\ADMIN\humb-id\components\common\video\video-section-one.js">
        <metrics statements="5" coveredstatements="3" conditionals="2" coveredconditionals="1" methods="4" coveredmethods="2"/>
        <line num="5" count="2" type="stmt"/>
        <line num="8" count="1" type="stmt"/>
        <line num="9" count="1" type="stmt"/>
        <line num="19" count="0" type="stmt"/>
        <line num="30" count="0" type="stmt"/>
      </file>
      <file name="video-section-six.js" path="C:\Users\ADMIN\humb-id\components\common\video\video-section-six.js">
        <metrics statements="5" coveredstatements="3" conditionals="0" coveredconditionals="0" methods="4" coveredmethods="2"/>
        <line num="6" count="2" type="stmt"/>
        <line num="9" count="2" type="stmt"/>
        <line num="10" count="1" type="stmt"/>
        <line num="17" count="0" type="stmt"/>
        <line num="46" count="0" type="stmt"/>
      </file>
      <file name="video-section-three.js" path="C:\Users\ADMIN\humb-id\components\common\video\video-section-three.js">
        <metrics statements="5" coveredstatements="3" conditionals="0" coveredconditionals="0" methods="4" coveredmethods="2"/>
        <line num="5" count="2" type="stmt"/>
        <line num="8" count="2" type="stmt"/>
        <line num="10" count="1" type="stmt"/>
        <line num="29" count="0" type="stmt"/>
        <line num="40" count="0" type="stmt"/>
      </file>
      <file name="video-section-two.js" path="C:\Users\ADMIN\humb-id\components\common\video\video-section-two.js">
        <metrics statements="4" coveredstatements="3" conditionals="0" coveredconditionals="0" methods="3" coveredmethods="2"/>
        <line num="5" count="2" type="stmt"/>
        <line num="8" count="2" type="stmt"/>
        <line num="9" count="1" type="stmt"/>
        <line num="75" count="0" type="stmt"/>
      </file>
    </package>
    <package name="components.contact">
      <metrics statements="7" coveredstatements="7" conditionals="8" coveredconditionals="4" methods="6" coveredmethods="4"/>
      <file name="LocationPin.js" path="C:\Users\ADMIN\humb-id\components\contact\LocationPin.js">
        <metrics statements="1" coveredstatements="1" conditionals="0" coveredconditionals="0" methods="1" coveredmethods="1"/>
        <line num="3" count="4" type="stmt"/>
      </file>
      <file name="communicate-section.js" path="C:\Users\ADMIN\humb-id\components\contact\communicate-section.js">
        <metrics statements="1" coveredstatements="1" conditionals="0" coveredconditionals="0" methods="1" coveredmethods="1"/>
        <line num="6" count="1" type="stmt"/>
      </file>
      <file name="contact-form-section.js" path="C:\Users\ADMIN\humb-id\components\contact\contact-form-section.js">
        <metrics statements="3" coveredstatements="3" conditionals="8" coveredconditionals="4" methods="2" coveredmethods="1"/>
        <line num="12" count="6" type="stmt"/>
        <line num="13" count="6" type="stmt"/>
        <line num="14" count="6" type="stmt"/>
      </file>
      <file name="map-section.js" path="C:\Users\ADMIN\humb-id\components\contact\map-section.js">
        <metrics statements="2" coveredstatements="2" conditionals="0" coveredconditionals="0" methods="2" coveredmethods="1"/>
        <line num="5" count="2" type="stmt"/>
        <line num="7" count="2" type="stmt"/>
      </file>
    </package>
    <package name="components.contact-dark">
      <metrics statements="5" coveredstatements="5" conditionals="8" coveredconditionals="4" methods="4" coveredmethods="3"/>
      <file name="breadcrumb-section.js" path="C:\Users\ADMIN\humb-id\components\contact-dark\breadcrumb-section.js">
        <metrics statements="1" coveredstatements="1" conditionals="0" coveredconditionals="0" methods="1" coveredmethods="1"/>
        <line num="4" count="2" type="stmt"/>
      </file>
      <file name="contact-section.js" path="C:\Users\ADMIN\humb-id\components\contact-dark\contact-section.js">
        <metrics statements="3" coveredstatements="3" conditionals="8" coveredconditionals="4" methods="2" coveredmethods="1"/>
        <line num="11" count="4" type="stmt"/>
        <line num="12" count="4" type="stmt"/>
        <line num="14" count="4" type="stmt"/>
      </file>
      <file name="inner-section.js" path="C:\Users\ADMIN\humb-id\components\contact-dark\inner-section.js">
        <metrics statements="1" coveredstatements="1" conditionals="0" coveredconditionals="0" methods="1" coveredmethods="1"/>
        <line num="8" count="1" type="stmt"/>
      </file>
    </package>
    <package name="components.contact-us">
      <metrics statements="25" coveredstatements="22" conditionals="34" coveredconditionals="18" methods="4" coveredmethods="4"/>
      <file name="breadcrumb-section.js" path="C:\Users\ADMIN\humb-id\components\contact-us\breadcrumb-section.js">
        <metrics statements="1" coveredstatements="1" conditionals="0" coveredconditionals="0" methods="1" coveredmethods="1"/>
        <line num="4" count="2" type="stmt"/>
      </file>
      <file name="communication-section.js" path="C:\Users\ADMIN\humb-id\components\contact-us\communication-section.js">
        <metrics statements="1" coveredstatements="1" conditionals="0" coveredconditionals="0" methods="1" coveredmethods="1"/>
        <line num="7" count="1" type="stmt"/>
      </file>
      <file name="contact-form-section.js" path="C:\Users\ADMIN\humb-id\components\contact-us\contact-form-section.js">
        <metrics statements="23" coveredstatements="20" conditionals="34" coveredconditionals="18" methods="2" coveredmethods="2"/>
        <line num="13" count="3" type="stmt"/>
        <line num="14" count="3" type="stmt"/>
        <line num="15" count="3" type="stmt"/>
        <line num="20" count="3" type="stmt"/>
        <line num="21" count="1" type="stmt"/>
        <line num="22" count="1" type="stmt"/>
        <line num="24" count="1" type="stmt"/>
        <line num="25" count="1" type="stmt"/>
        <line num="26" count="1" type="stmt"/>
        <line num="27" count="1" type="stmt"/>
        <line num="28" count="1" type="stmt"/>
        <line num="29" count="1" type="cond" truecount="1" falsecount="1"/>
        <line num="30" count="1" type="stmt"/>
        <line num="32" count="1" type="stmt"/>
        <line num="37" count="1" type="cond" truecount="1" falsecount="1"/>
        <line num="38" count="1" type="stmt"/>
        <line num="42" count="1" type="stmt"/>
        <line num="44" count="0" type="stmt"/>
        <line num="47" count="0" type="stmt"/>
        <line num="51" count="0" type="stmt"/>
        <line num="53" count="1" type="stmt"/>
        <line num="54" count="1" type="stmt"/>
        <line num="58" count="3" type="stmt"/>
      </file>
    </package>
    <package name="components.home">
      <metrics statements="4" coveredstatements="4" conditionals="0" coveredconditionals="0" methods="4" coveredmethods="4"/>
      <file name="content-with-photo-section-two.js" path="C:\Users\ADMIN\humb-id\components\home\content-with-photo-section-two.js">
        <metrics statements="1" coveredstatements="1" conditionals="0" coveredconditionals="0" methods="1" coveredmethods="1"/>
        <line num="5" count="1" type="stmt"/>
      </file>
      <file name="content-with-photo-section.js" path="C:\Users\ADMIN\humb-id\components\home\content-with-photo-section.js">
        <metrics statements="1" coveredstatements="1" conditionals="0" coveredconditionals="0" methods="1" coveredmethods="1"/>
        <line num="6" count="1" type="stmt"/>
      </file>
      <file name="cta-home-one.js" path="C:\Users\ADMIN\humb-id\components\home\cta-home-one.js">
        <metrics statements="1" coveredstatements="1" conditionals="0" coveredconditionals="0" methods="1" coveredmethods="1"/>
        <line num="7" count="1" type="stmt"/>
      </file>
      <file name="hero-section.js" path="C:\Users\ADMIN\humb-id\components\home\hero-section.js">
        <metrics statements="1" coveredstatements="1" conditionals="0" coveredconditionals="0" methods="1" coveredmethods="1"/>
        <line num="6" count="1" type="stmt"/>
      </file>
    </package>
    <package name="components.layout.footer">
      <metrics statements="5" coveredstatements="5" conditionals="0" coveredconditionals="0" methods="5" coveredmethods="5"/>
      <file name="footer-home-five.js" path="C:\Users\ADMIN\humb-id\components\layout\footer\footer-home-five.js">
        <metrics statements="1" coveredstatements="1" conditionals="0" coveredconditionals="0" methods="1" coveredmethods="1"/>
        <line num="6" count="1" type="stmt"/>
      </file>
      <file name="footer-home-four.js" path="C:\Users\ADMIN\humb-id\components\layout\footer\footer-home-four.js">
        <metrics statements="1" coveredstatements="1" conditionals="0" coveredconditionals="0" methods="1" coveredmethods="1"/>
        <line num="6" count="1" type="stmt"/>
      </file>
      <file name="footer-home-one.js" path="C:\Users\ADMIN\humb-id\components\layout\footer\footer-home-one.js">
        <metrics statements="1" coveredstatements="1" conditionals="0" coveredconditionals="0" methods="1" coveredmethods="1"/>
        <line num="6" count="1" type="stmt"/>
      </file>
      <file name="footer-home-three.js" path="C:\Users\ADMIN\humb-id\components\layout\footer\footer-home-three.js">
        <metrics statements="1" coveredstatements="1" conditionals="0" coveredconditionals="0" methods="1" coveredmethods="1"/>
        <line num="5" count="1" type="stmt"/>
      </file>
      <file name="footer-home-two.js" path="C:\Users\ADMIN\humb-id\components\layout\footer\footer-home-two.js">
        <metrics statements="1" coveredstatements="1" conditionals="0" coveredconditionals="0" methods="1" coveredmethods="1"/>
        <line num="8" count="1" type="stmt"/>
      </file>
    </package>
    <package name="components.layout.header">
      <metrics statements="35" coveredstatements="23" conditionals="34" coveredconditionals="17" methods="18" coveredmethods="6"/>
      <file name="header-error-six.js" path="C:\Users\ADMIN\humb-id\components\layout\header\header-error-six.js">
        <metrics statements="5" coveredstatements="3" conditionals="4" coveredconditionals="2" methods="3" coveredmethods="1"/>
        <line num="15" count="1" type="stmt"/>
        <line num="17" count="1" type="stmt"/>
        <line num="18" count="0" type="stmt"/>
        <line num="20" count="1" type="stmt"/>
        <line num="56" count="0" type="stmt"/>
      </file>
      <file name="header-home-five.js" path="C:\Users\ADMIN\humb-id\components\layout\header\header-home-five.js">
        <metrics statements="6" coveredstatements="4" conditionals="6" coveredconditionals="3" methods="3" coveredmethods="1"/>
        <line num="16" count="1" type="stmt"/>
        <line num="18" count="1" type="stmt"/>
        <line num="19" count="0" type="stmt"/>
        <line num="21" count="1" type="stmt"/>
        <line num="22" count="1" type="stmt"/>
        <line num="61" count="0" type="stmt"/>
      </file>
      <file name="header-home-four.js" path="C:\Users\ADMIN\humb-id\components\layout\header\header-home-four.js">
        <metrics statements="6" coveredstatements="4" conditionals="6" coveredconditionals="3" methods="3" coveredmethods="1"/>
        <line num="17" count="1" type="stmt"/>
        <line num="19" count="1" type="stmt"/>
        <line num="20" count="0" type="stmt"/>
        <line num="23" count="1" type="stmt"/>
        <line num="24" count="1" type="stmt"/>
        <line num="63" count="0" type="stmt"/>
      </file>
      <file name="header-home-one.js" path="C:\Users\ADMIN\humb-id\components\layout\header\header-home-one.js">
        <metrics statements="6" coveredstatements="4" conditionals="6" coveredconditionals="3" methods="3" coveredmethods="1"/>
        <line num="18" count="1" type="stmt"/>
        <line num="20" count="1" type="stmt"/>
        <line num="21" count="0" type="stmt"/>
        <line num="24" count="1" type="stmt"/>
        <line num="26" count="1" type="stmt"/>
        <line num="122" count="0" type="stmt"/>
      </file>
      <file name="header-home-three.js" path="C:\Users\ADMIN\humb-id\components\layout\header\header-home-three.js">
        <metrics statements="6" coveredstatements="4" conditionals="6" coveredconditionals="3" methods="3" coveredmethods="1"/>
        <line num="17" count="1" type="stmt"/>
        <line num="19" count="1" type="stmt"/>
        <line num="20" count="0" type="stmt"/>
        <line num="23" count="1" type="stmt"/>
        <line num="24" count="1" type="stmt"/>
        <line num="64" count="0" type="stmt"/>
      </file>
      <file name="header-home-two.js" path="C:\Users\ADMIN\humb-id\components\layout\header\header-home-two.js">
        <metrics statements="6" coveredstatements="4" conditionals="6" coveredconditionals="3" methods="3" coveredmethods="1"/>
        <line num="17" count="1" type="stmt"/>
        <line num="19" count="1" type="stmt"/>
        <line num="20" count="0" type="stmt"/>
        <line num="23" count="1" type="stmt"/>
        <line num="24" count="1" type="stmt"/>
        <line num="63" count="0" type="stmt"/>
      </file>
    </package>
    <package name="components.layout.navbar">
      <metrics statements="29" coveredstatements="29" conditionals="29" coveredconditionals="27" methods="15" coveredmethods="15"/>
      <file name="dropdown-item.js" path="C:\Users\ADMIN\humb-id\components\layout\navbar\dropdown-item.js">
        <metrics statements="7" coveredstatements="7" conditionals="12" coveredconditionals="11" methods="2" coveredmethods="2"/>
        <line num="14" count="99" type="stmt"/>
        <line num="16" count="99" type="stmt"/>
        <line num="17" count="5" type="stmt"/>
        <line num="18" count="5" type="cond" truecount="2" falsecount="0"/>
        <line num="19" count="3" type="stmt"/>
        <line num="21" count="2" type="stmt"/>
        <line num="25" count="99" type="stmt"/>
      </file>
      <file name="dropdown-menu.js" path="C:\Users\ADMIN\humb-id\components\layout\navbar\dropdown-menu.js">
        <metrics statements="2" coveredstatements="2" conditionals="4" coveredconditionals="4" methods="2" coveredmethods="2"/>
        <line num="9" count="25" type="stmt"/>
        <line num="13" count="90" type="stmt"/>
      </file>
      <file name="mega-dropdown-item.js" path="C:\Users\ADMIN\humb-id\components\layout\navbar\mega-dropdown-item.js">
        <metrics statements="1" coveredstatements="1" conditionals="0" coveredconditionals="0" methods="1" coveredmethods="1"/>
        <line num="4" count="93" type="stmt"/>
      </file>
      <file name="mega-menu-item.js" path="C:\Users\ADMIN\humb-id\components\layout\navbar\mega-menu-item.js">
        <metrics statements="2" coveredstatements="2" conditionals="2" coveredconditionals="2" methods="2" coveredmethods="2"/>
        <line num="6" count="31" type="stmt"/>
        <line num="11" count="91" type="stmt"/>
      </file>
      <file name="mega-menu.js" path="C:\Users\ADMIN\humb-id\components\layout\navbar\mega-menu.js">
        <metrics statements="2" coveredstatements="2" conditionals="2" coveredconditionals="2" methods="2" coveredmethods="2"/>
        <line num="5" count="7" type="stmt"/>
        <line num="8" count="23" type="cond" truecount="2" falsecount="0"/>
      </file>
      <file name="menu-data.js" path="C:\Users\ADMIN\humb-id\components\layout\navbar\menu-data.js">
        <metrics statements="6" coveredstatements="6" conditionals="0" coveredconditionals="0" methods="0" coveredmethods="0"/>
        <line num="2" count="14" type="stmt"/>
        <line num="21" count="14" type="stmt"/>
        <line num="32" count="14" type="stmt"/>
        <line num="76" count="14" type="stmt"/>
        <line num="87" count="14" type="stmt"/>
        <line num="97" count="14" type="stmt"/>
      </file>
      <file name="nav-item.js" path="C:\Users\ADMIN\humb-id\components\layout\navbar\nav-item.js">
        <metrics statements="4" coveredstatements="4" conditionals="5" coveredconditionals="4" methods="2" coveredmethods="2"/>
        <line num="14" count="36" type="stmt"/>
        <line num="15" count="36" type="stmt"/>
        <line num="16" count="2" type="stmt"/>
        <line num="19" count="36" type="stmt"/>
      </file>
      <file name="navbar.js" path="C:\Users\ADMIN\humb-id\components\layout\navbar\navbar.js">
        <metrics statements="1" coveredstatements="1" conditionals="0" coveredconditionals="0" methods="1" coveredmethods="1"/>
        <line num="3" count="7" type="stmt"/>
      </file>
      <file name="second-level-dropdown-item.js" path="C:\Users\ADMIN\humb-id\components\layout\navbar\second-level-dropdown-item.js">
        <metrics statements="1" coveredstatements="1" conditionals="0" coveredconditionals="0" methods="1" coveredmethods="1"/>
        <line num="5" count="4" type="stmt"/>
      </file>
      <file name="second-level-dropdown-menu.js" path="C:\Users\ADMIN\humb-id\components\layout\navbar\second-level-dropdown-menu.js">
        <metrics statements="3" coveredstatements="3" conditionals="4" coveredconditionals="4" methods="2" coveredmethods="2"/>
        <line num="6" count="4" type="stmt"/>
        <line num="8" count="4" type="stmt"/>
        <line num="12" count="4" type="stmt"/>
      </file>
    </package>
    <package name="components.privacy">
      <metrics statements="1" coveredstatements="1" conditionals="0" coveredconditionals="0" methods="1" coveredmethods="1"/>
      <file name="breadcrumb.js" path="C:\Users\ADMIN\humb-id\components\privacy\breadcrumb.js">
        <metrics statements="1" coveredstatements="1" conditionals="0" coveredconditionals="0" methods="1" coveredmethods="1"/>
        <line num="6" count="1" type="stmt"/>
      </file>
    </package>
    <package name="components.reward">
      <metrics statements="7" coveredstatements="7" conditionals="0" coveredconditionals="0" methods="6" coveredmethods="6"/>
      <file name="breadcrumb.js" path="C:\Users\ADMIN\humb-id\components\reward\breadcrumb.js">
        <metrics statements="1" coveredstatements="1" conditionals="0" coveredconditionals="0" methods="1" coveredmethods="1"/>
        <line num="6" count="1" type="stmt"/>
      </file>
      <file name="instant.js" path="C:\Users\ADMIN\humb-id\components\reward\instant.js">
        <metrics statements="1" coveredstatements="1" conditionals="0" coveredconditionals="0" methods="1" coveredmethods="1"/>
        <line num="6" count="1" type="stmt"/>
      </file>
      <file name="profit.js" path="C:\Users\ADMIN\humb-id\components\reward\profit.js">
        <metrics statements="4" coveredstatements="4" conditionals="0" coveredconditionals="0" methods="3" coveredmethods="3"/>
        <line num="3" count="4" type="stmt"/>
        <line num="48" count="1" type="stmt"/>
        <line num="52" count="4" type="stmt"/>
        <line num="64" count="10" type="stmt"/>
      </file>
      <file name="trading.js" path="C:\Users\ADMIN\humb-id\components\reward\trading.js">
        <metrics statements="1" coveredstatements="1" conditionals="0" coveredconditionals="0" methods="1" coveredmethods="1"/>
        <line num="3" count="1" type="stmt"/>
      </file>
    </package>
    <package name="components.service">
      <metrics statements="3" coveredstatements="3" conditionals="0" coveredconditionals="0" methods="3" coveredmethods="3"/>
      <file name="breadcrumb-section.js" path="C:\Users\ADMIN\humb-id\components\service\breadcrumb-section.js">
        <metrics statements="1" coveredstatements="1" conditionals="0" coveredconditionals="0" methods="1" coveredmethods="1"/>
        <line num="6" count="2" type="stmt"/>
      </file>
      <file name="choose-service-section.js" path="C:\Users\ADMIN\humb-id\components\service\choose-service-section.js">
        <metrics statements="1" coveredstatements="1" conditionals="0" coveredconditionals="0" methods="1" coveredmethods="1"/>
        <line num="6" count="1" type="stmt"/>
      </file>
      <file name="inovative-service-section.js" path="C:\Users\ADMIN\humb-id\components\service\inovative-service-section.js">
        <metrics statements="1" coveredstatements="1" conditionals="0" coveredconditionals="0" methods="1" coveredmethods="1"/>
        <line num="4" count="1" type="stmt"/>
      </file>
    </package>
    <package name="components.single-blog-light">
      <metrics statements="6" coveredstatements="6" conditionals="0" coveredconditionals="0" methods="6" coveredmethods="6"/>
      <file name="breadcrumbs-section.js" path="C:\Users\ADMIN\humb-id\components\single-blog-light\breadcrumbs-section.js">
        <metrics statements="1" coveredstatements="1" conditionals="0" coveredconditionals="0" methods="1" coveredmethods="1"/>
        <line num="6" count="1" type="stmt"/>
      </file>
      <file name="comment-input-section.js" path="C:\Users\ADMIN\humb-id\components\single-blog-light\comment-input-section.js">
        <metrics statements="1" coveredstatements="1" conditionals="0" coveredconditionals="0" methods="1" coveredmethods="1"/>
        <line num="3" count="3" type="stmt"/>
      </file>
      <file name="comment-list-section.js" path="C:\Users\ADMIN\humb-id\components\single-blog-light\comment-list-section.js">
        <metrics statements="1" coveredstatements="1" conditionals="0" coveredconditionals="0" methods="1" coveredmethods="1"/>
        <line num="6" count="3" type="stmt"/>
      </file>
      <file name="single-blog-container.js" path="C:\Users\ADMIN\humb-id\components\single-blog-light\single-blog-container.js">
        <metrics statements="1" coveredstatements="1" conditionals="0" coveredconditionals="0" methods="1" coveredmethods="1"/>
        <line num="6" count="1" type="stmt"/>
      </file>
      <file name="single-blog-post.js" path="C:\Users\ADMIN\humb-id\components\single-blog-light\single-blog-post.js">
        <metrics statements="1" coveredstatements="1" conditionals="0" coveredconditionals="0" methods="1" coveredmethods="1"/>
        <line num="10" count="2" type="stmt"/>
      </file>
      <file name="single-blog-sidebar-section.js" path="C:\Users\ADMIN\humb-id\components\single-blog-light\single-blog-sidebar-section.js">
        <metrics statements="1" coveredstatements="1" conditionals="0" coveredconditionals="0" methods="1" coveredmethods="1"/>
        <line num="6" count="2" type="stmt"/>
      </file>
    </package>
    <package name="components.single-portfolio">
      <metrics statements="6" coveredstatements="6" conditionals="0" coveredconditionals="0" methods="6" coveredmethods="6"/>
      <file name="project-about-section.js" path="C:\Users\ADMIN\humb-id\components\single-portfolio\project-about-section.js">
        <metrics statements="1" coveredstatements="1" conditionals="0" coveredconditionals="0" methods="1" coveredmethods="1"/>
        <line num="5" count="2" type="stmt"/>
      </file>
      <file name="project-details-section.js" path="C:\Users\ADMIN\humb-id\components\single-portfolio\project-details-section.js">
        <metrics statements="1" coveredstatements="1" conditionals="0" coveredconditionals="0" methods="1" coveredmethods="1"/>
        <line num="3" count="2" type="stmt"/>
      </file>
      <file name="project-execution-section.js" path="C:\Users\ADMIN\humb-id\components\single-portfolio\project-execution-section.js">
        <metrics statements="1" coveredstatements="1" conditionals="0" coveredconditionals="0" methods="1" coveredmethods="1"/>
        <line num="3" count="2" type="stmt"/>
      </file>
      <file name="project-thumb-section.js" path="C:\Users\ADMIN\humb-id\components\single-portfolio\project-thumb-section.js">
        <metrics statements="1" coveredstatements="1" conditionals="0" coveredconditionals="0" methods="1" coveredmethods="1"/>
        <line num="5" count="2" type="stmt"/>
      </file>
      <file name="related-project-section.js" path="C:\Users\ADMIN\humb-id\components\single-portfolio\related-project-section.js">
        <metrics statements="1" coveredstatements="1" conditionals="0" coveredconditionals="0" methods="1" coveredmethods="1"/>
        <line num="8" count="2" type="stmt"/>
      </file>
      <file name="section-one.js" path="C:\Users\ADMIN\humb-id\components\single-portfolio\section-one.js">
        <metrics statements="1" coveredstatements="1" conditionals="0" coveredconditionals="0" methods="1" coveredmethods="1"/>
        <line num="9" count="1" type="stmt"/>
      </file>
    </package>
    <package name="components.single-service">
      <metrics statements="4" coveredstatements="4" conditionals="0" coveredconditionals="0" methods="4" coveredmethods="4"/>
      <file name="breadcrumb-section.js" path="C:\Users\ADMIN\humb-id\components\single-service\breadcrumb-section.js">
        <metrics statements="1" coveredstatements="1" conditionals="0" coveredconditionals="0" methods="1" coveredmethods="1"/>
        <line num="6" count="2" type="stmt"/>
      </file>
      <file name="chart-section.js" path="C:\Users\ADMIN\humb-id\components\single-service\chart-section.js">
        <metrics statements="1" coveredstatements="1" conditionals="0" coveredconditionals="0" methods="1" coveredmethods="1"/>
        <line num="4" count="1" type="stmt"/>
      </file>
      <file name="features-section.js" path="C:\Users\ADMIN\humb-id\components\single-service\features-section.js">
        <metrics statements="1" coveredstatements="1" conditionals="0" coveredconditionals="0" methods="1" coveredmethods="1"/>
        <line num="4" count="1" type="stmt"/>
      </file>
      <file name="team-section.js" path="C:\Users\ADMIN\humb-id\components\single-service\team-section.js">
        <metrics statements="1" coveredstatements="1" conditionals="0" coveredconditionals="0" methods="1" coveredmethods="1"/>
        <line num="6" count="1" type="stmt"/>
      </file>
    </package>
    <package name="components.single-team">
      <metrics statements="3" coveredstatements="3" conditionals="0" coveredconditionals="0" methods="3" coveredmethods="3"/>
      <file name="breadcrumb-section.js" path="C:\Users\ADMIN\humb-id\components\single-team\breadcrumb-section.js">
        <metrics statements="1" coveredstatements="1" conditionals="0" coveredconditionals="0" methods="1" coveredmethods="1"/>
        <line num="6" count="2" type="stmt"/>
      </file>
      <file name="single-team-section.js" path="C:\Users\ADMIN\humb-id\components\single-team\single-team-section.js">
        <metrics statements="1" coveredstatements="1" conditionals="0" coveredconditionals="0" methods="1" coveredmethods="1"/>
        <line num="6" count="1" type="stmt"/>
      </file>
      <file name="team-info-section.js" path="C:\Users\ADMIN\humb-id\components\single-team\team-info-section.js">
        <metrics statements="1" coveredstatements="1" conditionals="0" coveredconditionals="0" methods="1" coveredmethods="1"/>
        <line num="5" count="1" type="stmt"/>
      </file>
    </package>
    <package name="components.team">
      <metrics statements="2" coveredstatements="2" conditionals="0" coveredconditionals="0" methods="2" coveredmethods="2"/>
      <file name="breadcrumb-section.js" path="C:\Users\ADMIN\humb-id\components\team\breadcrumb-section.js">
        <metrics statements="1" coveredstatements="1" conditionals="0" coveredconditionals="0" methods="1" coveredmethods="1"/>
        <line num="6" count="2" type="stmt"/>
      </file>
      <file name="team-section.js" path="C:\Users\ADMIN\humb-id\components\team\team-section.js">
        <metrics statements="1" coveredstatements="1" conditionals="0" coveredconditionals="0" methods="1" coveredmethods="1"/>
        <line num="6" count="2" type="stmt"/>
      </file>
    </package>
    <package name="components.team-dark">
      <metrics statements="3" coveredstatements="3" conditionals="0" coveredconditionals="0" methods="3" coveredmethods="3"/>
      <file name="breadcrumb-section.js" path="C:\Users\ADMIN\humb-id\components\team-dark\breadcrumb-section.js">
        <metrics statements="1" coveredstatements="1" conditionals="0" coveredconditionals="0" methods="1" coveredmethods="1"/>
        <line num="3" count="2" type="stmt"/>
      </file>
      <file name="innser-section.js" path="C:\Users\ADMIN\humb-id\components\team-dark\innser-section.js">
        <metrics statements="1" coveredstatements="1" conditionals="0" coveredconditionals="0" methods="1" coveredmethods="1"/>
        <line num="6" count="2" type="stmt"/>
      </file>
      <file name="team-section.js" path="C:\Users\ADMIN\humb-id\components\team-dark\team-section.js">
        <metrics statements="1" coveredstatements="1" conditionals="0" coveredconditionals="0" methods="1" coveredmethods="1"/>
        <line num="6" count="4" type="stmt"/>
      </file>
    </package>
    <package name="components.team-light">
      <metrics statements="3" coveredstatements="3" conditionals="0" coveredconditionals="0" methods="3" coveredmethods="3"/>
      <file name="breadcrumb-section.js" path="C:\Users\ADMIN\humb-id\components\team-light\breadcrumb-section.js">
        <metrics statements="1" coveredstatements="1" conditionals="0" coveredconditionals="0" methods="1" coveredmethods="1"/>
        <line num="4" count="2" type="stmt"/>
      </file>
      <file name="inner-section.js" path="C:\Users\ADMIN\humb-id\components\team-light\inner-section.js">
        <metrics statements="1" coveredstatements="1" conditionals="0" coveredconditionals="0" methods="1" coveredmethods="1"/>
        <line num="6" count="1" type="stmt"/>
      </file>
      <file name="team-section.js" path="C:\Users\ADMIN\humb-id\components\team-light\team-section.js">
        <metrics statements="1" coveredstatements="1" conditionals="0" coveredconditionals="0" methods="1" coveredmethods="1"/>
        <line num="6" count="2" type="stmt"/>
      </file>
    </package>
    <package name="components.terms">
      <metrics statements="1" coveredstatements="1" conditionals="0" coveredconditionals="0" methods="1" coveredmethods="1"/>
      <file name="breadcrumb.js" path="C:\Users\ADMIN\humb-id\components\terms\breadcrumb.js">
        <metrics statements="1" coveredstatements="1" conditionals="0" coveredconditionals="0" methods="1" coveredmethods="1"/>
        <line num="6" count="2" type="stmt"/>
      </file>
    </package>
    <package name="components.testimonial">
      <metrics statements="1" coveredstatements="1" conditionals="0" coveredconditionals="0" methods="1" coveredmethods="1"/>
      <file name="testimonial-section.js" path="C:\Users\ADMIN\humb-id\components\testimonial\testimonial-section.js">
        <metrics statements="1" coveredstatements="1" conditionals="0" coveredconditionals="0" methods="1" coveredmethods="1"/>
        <line num="8" count="1" type="stmt"/>
      </file>
    </package>
    <package name="components.token">
      <metrics statements="1" coveredstatements="1" conditionals="0" coveredconditionals="0" methods="1" coveredmethods="1"/>
      <file name="breadcrumb.js" path="C:\Users\ADMIN\humb-id\components\token\breadcrumb.js">
        <metrics statements="1" coveredstatements="1" conditionals="0" coveredconditionals="0" methods="1" coveredmethods="1"/>
        <line num="6" count="1" type="stmt"/>
      </file>
    </package>
    <package name="components.whitepaper">
      <metrics statements="4" coveredstatements="4" conditionals="0" coveredconditionals="0" methods="4" coveredmethods="4"/>
      <file name="whitepaper-post.js" path="C:\Users\ADMIN\humb-id\components\whitepaper\whitepaper-post.js">
        <metrics statements="1" coveredstatements="1" conditionals="0" coveredconditionals="0" methods="1" coveredmethods="1"/>
        <line num="8" count="2" type="stmt"/>
      </file>
      <file name="whitepaper-section.js" path="C:\Users\ADMIN\humb-id\components\whitepaper\whitepaper-section.js">
        <metrics statements="1" coveredstatements="1" conditionals="0" coveredconditionals="0" methods="1" coveredmethods="1"/>
        <line num="5" count="1" type="stmt"/>
      </file>
      <file name="whitepaper-sidebar-section.js" path="C:\Users\ADMIN\humb-id\components\whitepaper\whitepaper-sidebar-section.js">
        <metrics statements="1" coveredstatements="1" conditionals="0" coveredconditionals="0" methods="1" coveredmethods="1"/>
        <line num="6" count="1" type="stmt"/>
      </file>
      <file name="whitepaperCrumb-section.js" path="C:\Users\ADMIN\humb-id\components\whitepaper\whitepaperCrumb-section.js">
        <metrics statements="1" coveredstatements="1" conditionals="0" coveredconditionals="0" methods="1" coveredmethods="1"/>
        <line num="6" count="1" type="stmt"/>
      </file>
    </package>
    <package name="components.whitepaper.whitepaper-blogs-details">
      <metrics statements="3" coveredstatements="3" conditionals="0" coveredconditionals="0" methods="3" coveredmethods="3"/>
      <file name="democratising-healthcare-single-blogs-details.js" path="C:\Users\ADMIN\humb-id\components\whitepaper\whitepaper-blogs-details\democratising-healthcare-single-blogs-details.js">
        <metrics statements="1" coveredstatements="1" conditionals="0" coveredconditionals="0" methods="1" coveredmethods="1"/>
        <line num="6" count="1" type="stmt"/>
      </file>
      <file name="tokenization-single-blogs-details.js" path="C:\Users\ADMIN\humb-id\components\whitepaper\whitepaper-blogs-details\tokenization-single-blogs-details.js">
        <metrics statements="1" coveredstatements="1" conditionals="0" coveredconditionals="0" methods="1" coveredmethods="1"/>
        <line num="6" count="1" type="stmt"/>
      </file>
      <file name="whitepaper-single-blogs-details.js" path="C:\Users\ADMIN\humb-id\components\whitepaper\whitepaper-blogs-details\whitepaper-single-blogs-details.js">
        <metrics statements="1" coveredstatements="1" conditionals="0" coveredconditionals="0" methods="1" coveredmethods="1"/>
        <line num="6" count="1" type="stmt"/>
      </file>
    </package>
    <package name="hooks">
      <metrics statements="5" coveredstatements="4" conditionals="0" coveredconditionals="0" methods="3" coveredmethods="2"/>
      <file name="useScroll.js" path="C:\Users\ADMIN\humb-id\hooks\useScroll.js">
        <metrics statements="5" coveredstatements="4" conditionals="0" coveredconditionals="0" methods="3" coveredmethods="2"/>
        <line num="4" count="5" type="stmt"/>
        <line num="5" count="5" type="stmt"/>
        <line num="6" count="5" type="stmt"/>
        <line num="7" count="0" type="stmt"/>
        <line num="10" count="5" type="stmt"/>
      </file>
    </package>
  </project>
</coverage>
