{"C:\\Users\\ADMIN\\humb-id\\components\\about\\about-section.js": {"path":"C:\\Users\\ADMIN\\humb-id\\components\\about\\about-section.js","statementMap":{"0":{"start":{"line":7,"column":15},"end":{"line":9,"column":2}},"1":{"start":{"line":7,"column":29},"end":{"line":7,"column":75}},"2":{"start":{"line":7,"column":64},"end":{"line":7,"column":74}},"3":{"start":{"line":10,"column":20},"end":{"line":12,"column":2}},"4":{"start":{"line":10,"column":34},"end":{"line":10,"column":85}},"5":{"start":{"line":10,"column":69},"end":{"line":10,"column":84}},"6":{"start":{"line":22,"column":1},"end":{"line":65,"column":3}},"7":{"start":{"line":38,"column":10},"end":{"line":44,"column":24}}},"fnMap":{"0":{"name":"(anonymous_0)","decl":{"start":{"line":7,"column":23},"end":{"line":7,"column":24}},"loc":{"start":{"line":7,"column":29},"end":{"line":7,"column":75}},"line":7},"1":{"name":"(anonymous_1)","decl":{"start":{"line":7,"column":57},"end":{"line":7,"column":58}},"loc":{"start":{"line":7,"column":64},"end":{"line":7,"column":74}},"line":7},"2":{"name":"(anonymous_2)","decl":{"start":{"line":10,"column":28},"end":{"line":10,"column":29}},"loc":{"start":{"line":10,"column":34},"end":{"line":10,"column":85}},"line":10},"3":{"name":"(anonymous_3)","decl":{"start":{"line":10,"column":62},"end":{"line":10,"column":63}},"loc":{"start":{"line":10,"column":69},"end":{"line":10,"column":84}},"line":10},"4":{"name":"AboutSection","decl":{"start":{"line":21,"column":24},"end":{"line":21,"column":36}},"loc":{"start":{"line":21,"column":39},"end":{"line":66,"column":1}},"line":21},"5":{"name":"(anonymous_5)","decl":{"start":{"line":37,"column":24},"end":{"line":37,"column":25}},"loc":{"start":{"line":38,"column":10},"end":{"line":44,"column":24}},"line":38}},"branchMap":{},"s":{"0":1,"1":1,"2":1,"3":1,"4":1,"5":1,"6":1,"7":3},"f":{"0":1,"1":1,"2":1,"3":1,"4":1,"5":3},"b":{},"_coverageSchema":"1a1c01bbd47fc00a2c39e90264f33305004495a9","hash":"cf0e86f88b435dc35a9d1f6d62936e80b69fef28"}
,"C:\\Users\\ADMIN\\humb-id\\components\\about\\breadcrumb.js": {"path":"C:\\Users\\ADMIN\\humb-id\\components\\about\\breadcrumb.js","statementMap":{"0":{"start":{"line":6,"column":1},"end":{"line":32,"column":3}}},"fnMap":{"0":{"name":"Breadcrumb","decl":{"start":{"line":5,"column":24},"end":{"line":5,"column":34}},"loc":{"start":{"line":5,"column":37},"end":{"line":33,"column":1}},"line":5}},"branchMap":{},"s":{"0":3},"f":{"0":3},"b":{},"_coverageSchema":"1a1c01bbd47fc00a2c39e90264f33305004495a9","hash":"137b8e705ebb13e821b87c44910235e0b2a59638"}
,"C:\\Users\\ADMIN\\humb-id\\components\\about\\feature-section.js": {"path":"C:\\Users\\ADMIN\\humb-id\\components\\about\\feature-section.js","statementMap":{"0":{"start":{"line":4,"column":1},"end":{"line":56,"column":3}}},"fnMap":{"0":{"name":"FeatureSection","decl":{"start":{"line":3,"column":24},"end":{"line":3,"column":38}},"loc":{"start":{"line":3,"column":41},"end":{"line":57,"column":1}},"line":3}},"branchMap":{},"s":{"0":5},"f":{"0":5},"b":{},"_coverageSchema":"1a1c01bbd47fc00a2c39e90264f33305004495a9","hash":"44ebc5a5cf9d9a6b7e0d36908d3aa727d4cf1ce1"}
,"C:\\Users\\ADMIN\\humb-id\\components\\about\\mission-vision.js": {"path":"C:\\Users\\ADMIN\\humb-id\\components\\about\\mission-vision.js","statementMap":{"0":{"start":{"line":5,"column":1},"end":{"line":34,"column":3}}},"fnMap":{"0":{"name":"AboutSection","decl":{"start":{"line":4,"column":24},"end":{"line":4,"column":36}},"loc":{"start":{"line":4,"column":39},"end":{"line":35,"column":1}},"line":4}},"branchMap":{},"s":{"0":5},"f":{"0":5},"b":{},"_coverageSchema":"1a1c01bbd47fc00a2c39e90264f33305004495a9","hash":"fb2765fa211cbc3cb48dcc4a836f55bb13145d52"}
,"C:\\Users\\ADMIN\\humb-id\\components\\about\\team-section.js": {"path":"C:\\Users\\ADMIN\\humb-id\\components\\about\\team-section.js","statementMap":{"0":{"start":{"line":6,"column":1},"end":{"line":437,"column":3}}},"fnMap":{"0":{"name":"TeamSection","decl":{"start":{"line":5,"column":24},"end":{"line":5,"column":35}},"loc":{"start":{"line":5,"column":38},"end":{"line":438,"column":1}},"line":5}},"branchMap":{},"s":{"0":9},"f":{"0":9},"b":{},"_coverageSchema":"1a1c01bbd47fc00a2c39e90264f33305004495a9","hash":"3559ee7c4408944e870416ca42b9ab41069dac7f"}
,"C:\\Users\\ADMIN\\humb-id\\components\\about\\video-section.js": {"path":"C:\\Users\\ADMIN\\humb-id\\components\\about\\video-section.js","statementMap":{"0":{"start":{"line":5,"column":19},"end":{"line":5,"column":77}},"1":{"start":{"line":5,"column":33},"end":{"line":5,"column":60}},"2":{"start":{"line":8,"column":27},"end":{"line":8,"column":42}},"3":{"start":{"line":9,"column":1},"end":{"line":44,"column":3}},"4":{"start":{"line":28,"column":48},"end":{"line":28,"column":61}},"5":{"start":{"line":41,"column":19},"end":{"line":41,"column":33}}},"fnMap":{"0":{"name":"(anonymous_0)","decl":{"start":{"line":5,"column":27},"end":{"line":5,"column":28}},"loc":{"start":{"line":5,"column":33},"end":{"line":5,"column":60}},"line":5},"1":{"name":"VideoSection","decl":{"start":{"line":7,"column":24},"end":{"line":7,"column":36}},"loc":{"start":{"line":7,"column":39},"end":{"line":45,"column":1}},"line":7},"2":{"name":"(anonymous_2)","decl":{"start":{"line":28,"column":42},"end":{"line":28,"column":43}},"loc":{"start":{"line":28,"column":48},"end":{"line":28,"column":61}},"line":28},"3":{"name":"(anonymous_3)","decl":{"start":{"line":41,"column":13},"end":{"line":41,"column":14}},"loc":{"start":{"line":41,"column":19},"end":{"line":41,"column":33}},"line":41}},"branchMap":{},"s":{"0":2,"1":2,"2":4,"3":3,"4":1,"5":0},"f":{"0":2,"1":4,"2":1,"3":0},"b":{},"_coverageSchema":"1a1c01bbd47fc00a2c39e90264f33305004495a9","hash":"b135e4c04e75176cf992c5a6f985cbba60be643a"}
,"C:\\Users\\ADMIN\\humb-id\\components\\blog\\blog-pagination.js": {"path":"C:\\Users\\ADMIN\\humb-id\\components\\blog\\blog-pagination.js","statementMap":{"0":{"start":{"line":6,"column":1},"end":{"line":46,"column":3}}},"fnMap":{"0":{"name":"BlogPagination","decl":{"start":{"line":5,"column":24},"end":{"line":5,"column":38}},"loc":{"start":{"line":5,"column":41},"end":{"line":47,"column":1}},"line":5}},"branchMap":{},"s":{"0":2},"f":{"0":2},"b":{},"_coverageSchema":"1a1c01bbd47fc00a2c39e90264f33305004495a9","hash":"a935c3dce15fba8f2bd267a4e16e6606ead50f7d"}
,"C:\\Users\\ADMIN\\humb-id\\components\\blog\\blog-post.js": {"path":"C:\\Users\\ADMIN\\humb-id\\components\\blog\\blog-post.js","statementMap":{"0":{"start":{"line":8,"column":1},"end":{"line":222,"column":3}}},"fnMap":{"0":{"name":"BlogPost","decl":{"start":{"line":7,"column":24},"end":{"line":7,"column":32}},"loc":{"start":{"line":7,"column":35},"end":{"line":223,"column":1}},"line":7}},"branchMap":{},"s":{"0":4},"f":{"0":4},"b":{},"_coverageSchema":"1a1c01bbd47fc00a2c39e90264f33305004495a9","hash":"748622e8c0e0d8804e256435edc8d33b14ee9380"}
,"C:\\Users\\ADMIN\\humb-id\\components\\blog\\blog-section.js": {"path":"C:\\Users\\ADMIN\\humb-id\\components\\blog\\blog-section.js","statementMap":{"0":{"start":{"line":6,"column":1},"end":{"line":15,"column":3}}},"fnMap":{"0":{"name":"BlogSection","decl":{"start":{"line":5,"column":24},"end":{"line":5,"column":35}},"loc":{"start":{"line":5,"column":38},"end":{"line":16,"column":1}},"line":5}},"branchMap":{},"s":{"0":3},"f":{"0":3},"b":{},"_coverageSchema":"1a1c01bbd47fc00a2c39e90264f33305004495a9","hash":"c0cf8d3bd110955ba2457f3f3f645bd324d1fa6b"}
,"C:\\Users\\ADMIN\\humb-id\\components\\blog\\blog-sidebar-section.js": {"path":"C:\\Users\\ADMIN\\humb-id\\components\\blog\\blog-sidebar-section.js","statementMap":{"0":{"start":{"line":6,"column":1},"end":{"line":128,"column":3}}},"fnMap":{"0":{"name":"BlogSidebarSection","decl":{"start":{"line":5,"column":24},"end":{"line":5,"column":42}},"loc":{"start":{"line":5,"column":45},"end":{"line":129,"column":1}},"line":5}},"branchMap":{},"s":{"0":1},"f":{"0":1},"b":{},"_coverageSchema":"1a1c01bbd47fc00a2c39e90264f33305004495a9","hash":"9870122d475a4b140f230e78cc2f21de92ea3fc8"}
,"C:\\Users\\ADMIN\\humb-id\\components\\blog\\breadcrumb-section.js": {"path":"C:\\Users\\ADMIN\\humb-id\\components\\blog\\breadcrumb-section.js","statementMap":{"0":{"start":{"line":6,"column":1},"end":{"line":32,"column":3}}},"fnMap":{"0":{"name":"BreadcrumbSection","decl":{"start":{"line":5,"column":24},"end":{"line":5,"column":41}},"loc":{"start":{"line":5,"column":44},"end":{"line":33,"column":1}},"line":5}},"branchMap":{},"s":{"0":2},"f":{"0":2},"b":{},"_coverageSchema":"1a1c01bbd47fc00a2c39e90264f33305004495a9","hash":"35140ea955f2dd6c9ca73458f79accbc4aeb43bb"}
,"C:\\Users\\ADMIN\\humb-id\\components\\blog-dark\\blog-dark-inner-section.js": {"path":"C:\\Users\\ADMIN\\humb-id\\components\\blog-dark\\blog-dark-inner-section.js","statementMap":{"0":{"start":{"line":8,"column":23},"end":{"line":10,"column":2}},"1":{"start":{"line":8,"column":37},"end":{"line":8,"column":63}},"2":{"start":{"line":12,"column":1},"end":{"line":28,"column":3}}},"fnMap":{"0":{"name":"(anonymous_0)","decl":{"start":{"line":8,"column":31},"end":{"line":8,"column":32}},"loc":{"start":{"line":8,"column":37},"end":{"line":8,"column":63}},"line":8},"1":{"name":"BlogDarkInnerSection","decl":{"start":{"line":11,"column":24},"end":{"line":11,"column":44}},"loc":{"start":{"line":11,"column":47},"end":{"line":29,"column":1}},"line":11}},"branchMap":{},"s":{"0":2,"1":2,"2":3},"f":{"0":2,"1":3},"b":{},"_coverageSchema":"1a1c01bbd47fc00a2c39e90264f33305004495a9","hash":"4de7466c553282f9bafc2c1e9d71d2b71e7cf3e2"}
,"C:\\Users\\ADMIN\\humb-id\\components\\blog-dark\\blog-filtering.js": {"path":"C:\\Users\\ADMIN\\humb-id\\components\\blog-dark\\blog-filtering.js","statementMap":{"0":{"start":{"line":8,"column":17},"end":{"line":8,"column":25}},"1":{"start":{"line":9,"column":39},"end":{"line":9,"column":52}},"2":{"start":{"line":10,"column":35},"end":{"line":10,"column":48}},"3":{"start":{"line":11,"column":1},"end":{"line":19,"column":8}},"4":{"start":{"line":12,"column":2},"end":{"line":17,"column":5}},"5":{"start":{"line":18,"column":2},"end":{"line":18,"column":41}},"6":{"start":{"line":18,"column":15},"end":{"line":18,"column":40}},"7":{"start":{"line":21,"column":1},"end":{"line":25,"column":17}},"8":{"start":{"line":22,"column":2},"end":{"line":24,"column":58}},"9":{"start":{"line":27,"column":31},"end":{"line":30,"column":2}},"10":{"start":{"line":27,"column":40},"end":{"line":30,"column":2}},"11":{"start":{"line":28,"column":2},"end":{"line":28,"column":20}},"12":{"start":{"line":29,"column":2},"end":{"line":29,"column":22}},"13":{"start":{"line":32,"column":27},"end":{"line":34,"column":2}},"14":{"start":{"line":33,"column":2},"end":{"line":33,"column":43}},"15":{"start":{"line":33,"column":27},"end":{"line":33,"column":43}},"16":{"start":{"line":35,"column":1},"end":{"line":445,"column":3}}},"fnMap":{"0":{"name":"BlogFiltering","decl":{"start":{"line":7,"column":24},"end":{"line":7,"column":37}},"loc":{"start":{"line":7,"column":40},"end":{"line":446,"column":1}},"line":7},"1":{"name":"(anonymous_1)","decl":{"start":{"line":11,"column":11},"end":{"line":11,"column":12}},"loc":{"start":{"line":11,"column":17},"end":{"line":19,"column":2}},"line":11},"2":{"name":"(anonymous_2)","decl":{"start":{"line":18,"column":9},"end":{"line":18,"column":10}},"loc":{"start":{"line":18,"column":15},"end":{"line":18,"column":40}},"line":18},"3":{"name":"(anonymous_3)","decl":{"start":{"line":21,"column":11},"end":{"line":21,"column":12}},"loc":{"start":{"line":21,"column":17},"end":{"line":25,"column":2}},"line":21},"4":{"name":"(anonymous_4)","decl":{"start":{"line":27,"column":31},"end":{"line":27,"column":32}},"loc":{"start":{"line":27,"column":40},"end":{"line":30,"column":2}},"line":27},"5":{"name":"(anonymous_5)","decl":{"start":{"line":27,"column":40},"end":{"line":27,"column":41}},"loc":{"start":{"line":27,"column":46},"end":{"line":30,"column":2}},"line":27},"6":{"name":"(anonymous_6)","decl":{"start":{"line":32,"column":27},"end":{"line":32,"column":28}},"loc":{"start":{"line":32,"column":36},"end":{"line":34,"column":2}},"line":32}},"branchMap":{"0":{"loc":{"start":{"line":22,"column":2},"end":{"line":24,"column":57}},"type":"cond-expr","locations":[{"start":{"line":23,"column":5},"end":{"line":23,"column":45}},{"start":{"line":24,"column":5},"end":{"line":24,"column":57}}],"line":22},"1":{"loc":{"start":{"line":33,"column":2},"end":{"line":33,"column":43}},"type":"if","locations":[{"start":{"line":33,"column":2},"end":{"line":33,"column":43}},{"start":{},"end":{}}],"line":33}},"s":{"0":3,"1":3,"2":3,"3":3,"4":3,"5":3,"6":3,"7":3,"8":3,"9":3,"10":15,"11":0,"12":0,"13":3,"14":15,"15":3,"16":3},"f":{"0":3,"1":3,"2":3,"3":3,"4":15,"5":0,"6":15},"b":{"0":[3,0],"1":[3,12]},"_coverageSchema":"1a1c01bbd47fc00a2c39e90264f33305004495a9","hash":"dd5714b461528f5d0b6f1c454e78bd7ce8c54a8e"}
,"C:\\Users\\ADMIN\\humb-id\\components\\blog-dark\\blog-pagination.js": {"path":"C:\\Users\\ADMIN\\humb-id\\components\\blog-dark\\blog-pagination.js","statementMap":{"0":{"start":{"line":5,"column":1},"end":{"line":71,"column":3}}},"fnMap":{"0":{"name":"BlogPaginationDark","decl":{"start":{"line":4,"column":24},"end":{"line":4,"column":42}},"loc":{"start":{"line":4,"column":45},"end":{"line":72,"column":1}},"line":4}},"branchMap":{},"s":{"0":4},"f":{"0":4},"b":{},"_coverageSchema":"1a1c01bbd47fc00a2c39e90264f33305004495a9","hash":"66200b4f503a9dd12dcc2d973c9adf4ba24f083d"}
,"C:\\Users\\ADMIN\\humb-id\\components\\blog-dark\\breadcrumbs-section.js": {"path":"C:\\Users\\ADMIN\\humb-id\\components\\blog-dark\\breadcrumbs-section.js","statementMap":{"0":{"start":{"line":4,"column":1},"end":{"line":26,"column":3}}},"fnMap":{"0":{"name":"BreadcrumbsSection","decl":{"start":{"line":3,"column":24},"end":{"line":3,"column":42}},"loc":{"start":{"line":3,"column":45},"end":{"line":27,"column":1}},"line":3}},"branchMap":{},"s":{"0":1},"f":{"0":1},"b":{},"_coverageSchema":"1a1c01bbd47fc00a2c39e90264f33305004495a9","hash":"dc2c554ec42b6537bb47b41941605dc2350d4753"}
,"C:\\Users\\ADMIN\\humb-id\\components\\blog-dark-sidebar\\blog-inner-section.js": {"path":"C:\\Users\\ADMIN\\humb-id\\components\\blog-dark-sidebar\\blog-inner-section.js","statementMap":{"0":{"start":{"line":7,"column":22},"end":{"line":7,"column":73}},"1":{"start":{"line":8,"column":1},"end":{"line":22,"column":3}}},"fnMap":{"0":{"name":"BlogInnerSection","decl":{"start":{"line":6,"column":24},"end":{"line":6,"column":40}},"loc":{"start":{"line":6,"column":52},"end":{"line":23,"column":1}},"line":6}},"branchMap":{"0":{"loc":{"start":{"line":7,"column":22},"end":{"line":7,"column":73}},"type":"cond-expr","locations":[{"start":{"line":7,"column":41},"end":{"line":7,"column":55}},{"start":{"line":7,"column":58},"end":{"line":7,"column":73}}],"line":7}},"s":{"0":1,"1":1},"f":{"0":1},"b":{"0":[0,1]},"_coverageSchema":"1a1c01bbd47fc00a2c39e90264f33305004495a9","hash":"98486990c6e88064815c0b800a12e220fe889c2b"}
,"C:\\Users\\ADMIN\\humb-id\\components\\blog-light\\blog-filtering.js": {"path":"C:\\Users\\ADMIN\\humb-id\\components\\blog-light\\blog-filtering.js","statementMap":{"0":{"start":{"line":8,"column":17},"end":{"line":8,"column":25}},"1":{"start":{"line":9,"column":39},"end":{"line":9,"column":52}},"2":{"start":{"line":10,"column":35},"end":{"line":10,"column":48}},"3":{"start":{"line":11,"column":1},"end":{"line":17,"column":8}},"4":{"start":{"line":12,"column":2},"end":{"line":15,"column":5}},"5":{"start":{"line":16,"column":2},"end":{"line":16,"column":41}},"6":{"start":{"line":16,"column":15},"end":{"line":16,"column":40}},"7":{"start":{"line":19,"column":1},"end":{"line":23,"column":17}},"8":{"start":{"line":20,"column":2},"end":{"line":22,"column":58}},"9":{"start":{"line":25,"column":31},"end":{"line":28,"column":2}},"10":{"start":{"line":25,"column":40},"end":{"line":28,"column":2}},"11":{"start":{"line":26,"column":2},"end":{"line":26,"column":20}},"12":{"start":{"line":27,"column":2},"end":{"line":27,"column":22}},"13":{"start":{"line":30,"column":27},"end":{"line":32,"column":2}},"14":{"start":{"line":31,"column":2},"end":{"line":31,"column":43}},"15":{"start":{"line":31,"column":27},"end":{"line":31,"column":43}},"16":{"start":{"line":34,"column":1},"end":{"line":350,"column":3}}},"fnMap":{"0":{"name":"BlogFilterning","decl":{"start":{"line":7,"column":24},"end":{"line":7,"column":38}},"loc":{"start":{"line":7,"column":41},"end":{"line":351,"column":1}},"line":7},"1":{"name":"(anonymous_1)","decl":{"start":{"line":11,"column":11},"end":{"line":11,"column":12}},"loc":{"start":{"line":11,"column":17},"end":{"line":17,"column":2}},"line":11},"2":{"name":"(anonymous_2)","decl":{"start":{"line":16,"column":9},"end":{"line":16,"column":10}},"loc":{"start":{"line":16,"column":15},"end":{"line":16,"column":40}},"line":16},"3":{"name":"(anonymous_3)","decl":{"start":{"line":19,"column":11},"end":{"line":19,"column":12}},"loc":{"start":{"line":19,"column":17},"end":{"line":23,"column":2}},"line":19},"4":{"name":"(anonymous_4)","decl":{"start":{"line":25,"column":31},"end":{"line":25,"column":32}},"loc":{"start":{"line":25,"column":40},"end":{"line":28,"column":2}},"line":25},"5":{"name":"(anonymous_5)","decl":{"start":{"line":25,"column":40},"end":{"line":25,"column":41}},"loc":{"start":{"line":25,"column":46},"end":{"line":28,"column":2}},"line":25},"6":{"name":"(anonymous_6)","decl":{"start":{"line":30,"column":27},"end":{"line":30,"column":28}},"loc":{"start":{"line":30,"column":36},"end":{"line":32,"column":2}},"line":30}},"branchMap":{"0":{"loc":{"start":{"line":20,"column":2},"end":{"line":22,"column":57}},"type":"cond-expr","locations":[{"start":{"line":21,"column":5},"end":{"line":21,"column":45}},{"start":{"line":22,"column":5},"end":{"line":22,"column":57}}],"line":20},"1":{"loc":{"start":{"line":31,"column":2},"end":{"line":31,"column":43}},"type":"if","locations":[{"start":{"line":31,"column":2},"end":{"line":31,"column":43}},{"start":{},"end":{}}],"line":31}},"s":{"0":4,"1":4,"2":4,"3":4,"4":4,"5":4,"6":4,"7":4,"8":4,"9":4,"10":20,"11":0,"12":0,"13":4,"14":20,"15":4,"16":4},"f":{"0":4,"1":4,"2":4,"3":4,"4":20,"5":0,"6":20},"b":{"0":[4,0],"1":[4,16]},"_coverageSchema":"1a1c01bbd47fc00a2c39e90264f33305004495a9","hash":"cc8c5b1a8996af4c659cc8072df6f4284664701f"}
,"C:\\Users\\ADMIN\\humb-id\\components\\blog-light\\blog-inner-section.js": {"path":"C:\\Users\\ADMIN\\humb-id\\components\\blog-light\\blog-inner-section.js","statementMap":{"0":{"start":{"line":6,"column":23},"end":{"line":8,"column":2}},"1":{"start":{"line":6,"column":37},"end":{"line":6,"column":63}},"2":{"start":{"line":11,"column":1},"end":{"line":20,"column":3}}},"fnMap":{"0":{"name":"(anonymous_0)","decl":{"start":{"line":6,"column":31},"end":{"line":6,"column":32}},"loc":{"start":{"line":6,"column":37},"end":{"line":6,"column":63}},"line":6},"1":{"name":"BlogInnerSection","decl":{"start":{"line":10,"column":24},"end":{"line":10,"column":40}},"loc":{"start":{"line":10,"column":43},"end":{"line":21,"column":1}},"line":10}},"branchMap":{},"s":{"0":2,"1":2,"2":4},"f":{"0":2,"1":4},"b":{},"_coverageSchema":"1a1c01bbd47fc00a2c39e90264f33305004495a9","hash":"54b07bf84cb497c14d129bf7e03741cb64fdc271"}
,"C:\\Users\\ADMIN\\humb-id\\components\\blog-light\\blog-pagination.js": {"path":"C:\\Users\\ADMIN\\humb-id\\components\\blog-light\\blog-pagination.js","statementMap":{"0":{"start":{"line":4,"column":1},"end":{"line":70,"column":3}}},"fnMap":{"0":{"name":"BlogPaginationLight","decl":{"start":{"line":3,"column":24},"end":{"line":3,"column":43}},"loc":{"start":{"line":3,"column":46},"end":{"line":71,"column":1}},"line":3}},"branchMap":{},"s":{"0":6},"f":{"0":6},"b":{},"_coverageSchema":"1a1c01bbd47fc00a2c39e90264f33305004495a9","hash":"a33be93d60b3d217cb2e32f7089b1d181e03bc77"}
,"C:\\Users\\ADMIN\\humb-id\\components\\blog-light\\blog-top-section.js": {"path":"C:\\Users\\ADMIN\\humb-id\\components\\blog-light\\blog-top-section.js","statementMap":{"0":{"start":{"line":6,"column":1},"end":{"line":54,"column":3}}},"fnMap":{"0":{"name":"BlogTopSection","decl":{"start":{"line":5,"column":24},"end":{"line":5,"column":38}},"loc":{"start":{"line":5,"column":41},"end":{"line":55,"column":1}},"line":5}},"branchMap":{},"s":{"0":4},"f":{"0":4},"b":{},"_coverageSchema":"1a1c01bbd47fc00a2c39e90264f33305004495a9","hash":"7d96a08c4cf842bff6a9b9211119b81d8b08557a"}
,"C:\\Users\\ADMIN\\humb-id\\components\\blog-light\\breadcrumbs-section.js": {"path":"C:\\Users\\ADMIN\\humb-id\\components\\blog-light\\breadcrumbs-section.js","statementMap":{"0":{"start":{"line":4,"column":1},"end":{"line":26,"column":3}}},"fnMap":{"0":{"name":"BreadcrumbsSection","decl":{"start":{"line":3,"column":24},"end":{"line":3,"column":42}},"loc":{"start":{"line":3,"column":45},"end":{"line":27,"column":1}},"line":3}},"branchMap":{},"s":{"0":4},"f":{"0":4},"b":{},"_coverageSchema":"1a1c01bbd47fc00a2c39e90264f33305004495a9","hash":"8227e5d7ed095c0c6d74e6d513f853632eb9b029"}
,"C:\\Users\\ADMIN\\humb-id\\components\\blog-light-sidebar\\blog-inner-section.js": {"path":"C:\\Users\\ADMIN\\humb-id\\components\\blog-light-sidebar\\blog-inner-section.js","statementMap":{"0":{"start":{"line":6,"column":22},"end":{"line":6,"column":73}},"1":{"start":{"line":7,"column":1},"end":{"line":14,"column":3}}},"fnMap":{"0":{"name":"BlogInnerSection","decl":{"start":{"line":5,"column":24},"end":{"line":5,"column":40}},"loc":{"start":{"line":5,"column":52},"end":{"line":15,"column":1}},"line":5}},"branchMap":{"0":{"loc":{"start":{"line":6,"column":22},"end":{"line":6,"column":73}},"type":"cond-expr","locations":[{"start":{"line":6,"column":41},"end":{"line":6,"column":55}},{"start":{"line":6,"column":58},"end":{"line":6,"column":73}}],"line":6}},"s":{"0":1,"1":1},"f":{"0":1},"b":{"0":[0,1]},"_coverageSchema":"1a1c01bbd47fc00a2c39e90264f33305004495a9","hash":"5153064aa70d7f8c12afae750f703c2b23a336f2"}
,"C:\\Users\\ADMIN\\humb-id\\components\\blog\\blogs-details\\blockchain-transforming-healthcar.js": {"path":"C:\\Users\\ADMIN\\humb-id\\components\\blog\\blogs-details\\blockchain-transforming-healthcar.js","statementMap":{"0":{"start":{"line":6,"column":4},"end":{"line":118,"column":6}}},"fnMap":{"0":{"name":"BlockchainTransformingHealthcareContainer","decl":{"start":{"line":5,"column":24},"end":{"line":5,"column":65}},"loc":{"start":{"line":5,"column":68},"end":{"line":119,"column":1}},"line":5}},"branchMap":{},"s":{"0":1},"f":{"0":1},"b":{},"_coverageSchema":"1a1c01bbd47fc00a2c39e90264f33305004495a9","hash":"385319e7a2982a5744381eb84c0f9fa20c40ac40"}
,"C:\\Users\\ADMIN\\humb-id\\components\\blog\\blogs-details\\healthcare-and-cryptoworld.js": {"path":"C:\\Users\\ADMIN\\humb-id\\components\\blog\\blogs-details\\healthcare-and-cryptoworld.js","statementMap":{"0":{"start":{"line":6,"column":4},"end":{"line":127,"column":6}}},"fnMap":{"0":{"name":"HealthcareCryptoWorldContainer","decl":{"start":{"line":5,"column":24},"end":{"line":5,"column":54}},"loc":{"start":{"line":5,"column":57},"end":{"line":128,"column":1}},"line":5}},"branchMap":{},"s":{"0":1},"f":{"0":1},"b":{},"_coverageSchema":"1a1c01bbd47fc00a2c39e90264f33305004495a9","hash":"67e738b31d159f95aa34752ffcf02da2f6733af5"}
,"C:\\Users\\ADMIN\\humb-id\\components\\blog\\blogs-details\\humb-revolution.js": {"path":"C:\\Users\\ADMIN\\humb-id\\components\\blog\\blogs-details\\humb-revolution.js","statementMap":{"0":{"start":{"line":6,"column":4},"end":{"line":161,"column":6}}},"fnMap":{"0":{"name":"HumbRevolutionContainer","decl":{"start":{"line":5,"column":24},"end":{"line":5,"column":47}},"loc":{"start":{"line":5,"column":50},"end":{"line":162,"column":1}},"line":5}},"branchMap":{},"s":{"0":1},"f":{"0":1},"b":{},"_coverageSchema":"1a1c01bbd47fc00a2c39e90264f33305004495a9","hash":"7eda887cad71f6400d6d3e736c1d7218a0a62f53"}
,"C:\\Users\\ADMIN\\humb-id\\components\\career\\job-position-section.js": {"path":"C:\\Users\\ADMIN\\humb-id\\components\\career\\job-position-section.js","statementMap":{"0":{"start":{"line":6,"column":1},"end":{"line":219,"column":3}}},"fnMap":{"0":{"name":"JobPositionSection","decl":{"start":{"line":5,"column":24},"end":{"line":5,"column":42}},"loc":{"start":{"line":5,"column":45},"end":{"line":220,"column":1}},"line":5}},"branchMap":{},"s":{"0":1},"f":{"0":1},"b":{},"_coverageSchema":"1a1c01bbd47fc00a2c39e90264f33305004495a9","hash":"58e52323848e00eccca8e41236e9dbf5c0e3850b"}
,"C:\\Users\\ADMIN\\humb-id\\components\\career\\section-one.js": {"path":"C:\\Users\\ADMIN\\humb-id\\components\\career\\section-one.js","statementMap":{"0":{"start":{"line":4,"column":1},"end":{"line":29,"column":3}}},"fnMap":{"0":{"name":"SectionOne","decl":{"start":{"line":3,"column":24},"end":{"line":3,"column":34}},"loc":{"start":{"line":3,"column":37},"end":{"line":30,"column":1}},"line":3}},"branchMap":{},"s":{"0":1},"f":{"0":1},"b":{},"_coverageSchema":"1a1c01bbd47fc00a2c39e90264f33305004495a9","hash":"a87bba7453c46734374cdccc5260e36c01f77a19"}
,"C:\\Users\\ADMIN\\humb-id\\components\\coming-soon\\countdown-section.js": {"path":"C:\\Users\\ADMIN\\humb-id\\components\\coming-soon\\countdown-section.js","statementMap":{"0":{"start":{"line":4,"column":1},"end":{"line":39,"column":3}},"1":{"start":{"line":9,"column":72},"end":{"line":9,"column":76}},"2":{"start":{"line":17,"column":73},"end":{"line":17,"column":78}},"3":{"start":{"line":25,"column":75},"end":{"line":25,"column":82}},"4":{"start":{"line":33,"column":75},"end":{"line":33,"column":82}}},"fnMap":{"0":{"name":"CountdownSection","decl":{"start":{"line":3,"column":24},"end":{"line":3,"column":40}},"loc":{"start":{"line":3,"column":43},"end":{"line":40,"column":1}},"line":3},"1":{"name":"(anonymous_1)","decl":{"start":{"line":9,"column":58},"end":{"line":9,"column":59}},"loc":{"start":{"line":9,"column":72},"end":{"line":9,"column":76}},"line":9},"2":{"name":"(anonymous_2)","decl":{"start":{"line":17,"column":58},"end":{"line":17,"column":59}},"loc":{"start":{"line":17,"column":73},"end":{"line":17,"column":78}},"line":17},"3":{"name":"(anonymous_3)","decl":{"start":{"line":25,"column":58},"end":{"line":25,"column":59}},"loc":{"start":{"line":25,"column":75},"end":{"line":25,"column":82}},"line":25},"4":{"name":"(anonymous_4)","decl":{"start":{"line":33,"column":58},"end":{"line":33,"column":59}},"loc":{"start":{"line":33,"column":75},"end":{"line":33,"column":82}},"line":33}},"branchMap":{},"s":{"0":1,"1":2,"2":2,"3":2,"4":2},"f":{"0":1,"1":2,"2":2,"3":2,"4":2},"b":{},"_coverageSchema":"1a1c01bbd47fc00a2c39e90264f33305004495a9","hash":"1d9bb7074f2b8b6ad16cc9f6c393c04fe65a4bf4"}
,"C:\\Users\\ADMIN\\humb-id\\components\\coming-soon\\logo-section.js": {"path":"C:\\Users\\ADMIN\\humb-id\\components\\coming-soon\\logo-section.js","statementMap":{"0":{"start":{"line":6,"column":1},"end":{"line":10,"column":3}}},"fnMap":{"0":{"name":"LogoSection","decl":{"start":{"line":5,"column":24},"end":{"line":5,"column":35}},"loc":{"start":{"line":5,"column":38},"end":{"line":11,"column":1}},"line":5}},"branchMap":{},"s":{"0":1},"f":{"0":1},"b":{},"_coverageSchema":"1a1c01bbd47fc00a2c39e90264f33305004495a9","hash":"8a0c0ee96b83bba58c60db4bff12969b45871570"}
,"C:\\Users\\ADMIN\\humb-id\\components\\coming-soon\\newsletter-section.js": {"path":"C:\\Users\\ADMIN\\humb-id\\components\\coming-soon\\newsletter-section.js","statementMap":{"0":{"start":{"line":3,"column":1},"end":{"line":11,"column":3}}},"fnMap":{"0":{"name":"NewsletterSection","decl":{"start":{"line":2,"column":24},"end":{"line":2,"column":41}},"loc":{"start":{"line":2,"column":44},"end":{"line":12,"column":1}},"line":2}},"branchMap":{},"s":{"0":1},"f":{"0":1},"b":{},"_coverageSchema":"1a1c01bbd47fc00a2c39e90264f33305004495a9","hash":"c27bd27f4075479fdd1c66f2d406f5035c48de97"}
,"C:\\Users\\ADMIN\\humb-id\\components\\common\\blog\\blog-content-section.js": {"path":"C:\\Users\\ADMIN\\humb-id\\components\\common\\blog\\blog-content-section.js","statementMap":{"0":{"start":{"line":7,"column":1},"end":{"line":19,"column":3}}},"fnMap":{"0":{"name":"BlogContentSection","decl":{"start":{"line":6,"column":24},"end":{"line":6,"column":42}},"loc":{"start":{"line":6,"column":54},"end":{"line":20,"column":1}},"line":6}},"branchMap":{},"s":{"0":3},"f":{"0":3},"b":{},"_coverageSchema":"1a1c01bbd47fc00a2c39e90264f33305004495a9","hash":"83a92f477e0dcb841cb128471428fa7c3544062a"}
,"C:\\Users\\ADMIN\\humb-id\\components\\common\\blog\\blog-pagination.js": {"path":"C:\\Users\\ADMIN\\humb-id\\components\\common\\blog\\blog-pagination.js","statementMap":{"0":{"start":{"line":5,"column":22},"end":{"line":5,"column":65}},"1":{"start":{"line":6,"column":1},"end":{"line":72,"column":3}}},"fnMap":{"0":{"name":"BlogPagination","decl":{"start":{"line":4,"column":24},"end":{"line":4,"column":38}},"loc":{"start":{"line":4,"column":50},"end":{"line":73,"column":1}},"line":4}},"branchMap":{"0":{"loc":{"start":{"line":5,"column":22},"end":{"line":5,"column":65}},"type":"cond-expr","locations":[{"start":{"line":5,"column":41},"end":{"line":5,"column":43}},{"start":{"line":5,"column":46},"end":{"line":5,"column":65}}],"line":5}},"s":{"0":4,"1":4},"f":{"0":4},"b":{"0":[0,4]},"_coverageSchema":"1a1c01bbd47fc00a2c39e90264f33305004495a9","hash":"54fe54dabb4ff80a84ce0a46d86f57b3f5048ecf"}
,"C:\\Users\\ADMIN\\humb-id\\components\\common\\blog\\blog-post-section.js": {"path":"C:\\Users\\ADMIN\\humb-id\\components\\common\\blog\\blog-post-section.js","statementMap":{"0":{"start":{"line":6,"column":1},"end":{"line":281,"column":3}}},"fnMap":{"0":{"name":"BlogPostSection","decl":{"start":{"line":5,"column":24},"end":{"line":5,"column":39}},"loc":{"start":{"line":5,"column":42},"end":{"line":282,"column":1}},"line":5}},"branchMap":{},"s":{"0":4},"f":{"0":4},"b":{},"_coverageSchema":"1a1c01bbd47fc00a2c39e90264f33305004495a9","hash":"24577f2248fd38a849f7ebaef736603375ee39c4"}
,"C:\\Users\\ADMIN\\humb-id\\components\\common\\blog\\blog-sidebar-section.js": {"path":"C:\\Users\\ADMIN\\humb-id\\components\\common\\blog\\blog-sidebar-section.js","statementMap":{"0":{"start":{"line":6,"column":1},"end":{"line":112,"column":3}}},"fnMap":{"0":{"name":"BlogSidebarSection","decl":{"start":{"line":5,"column":24},"end":{"line":5,"column":42}},"loc":{"start":{"line":5,"column":45},"end":{"line":113,"column":1}},"line":5}},"branchMap":{},"s":{"0":4},"f":{"0":4},"b":{},"_coverageSchema":"1a1c01bbd47fc00a2c39e90264f33305004495a9","hash":"85fadfa49dfbe3da5c5f22d84796e86b404d724d"}
,"C:\\Users\\ADMIN\\humb-id\\components\\common\\blog\\breadcrumbs-section.js": {"path":"C:\\Users\\ADMIN\\humb-id\\components\\common\\blog\\breadcrumbs-section.js","statementMap":{"0":{"start":{"line":3,"column":1},"end":{"line":13,"column":3}}},"fnMap":{"0":{"name":"BreadcrumbsSection","decl":{"start":{"line":2,"column":24},"end":{"line":2,"column":42}},"loc":{"start":{"line":2,"column":45},"end":{"line":14,"column":1}},"line":2}},"branchMap":{},"s":{"0":3},"f":{"0":3},"b":{},"_coverageSchema":"1a1c01bbd47fc00a2c39e90264f33305004495a9","hash":"44115e5a031eb51014e698954b0ac25443cb8be5"}
,"C:\\Users\\ADMIN\\humb-id\\components\\common\\breadcrumb\\breadcrumb-one.js": {"path":"C:\\Users\\ADMIN\\humb-id\\components\\common\\breadcrumb\\breadcrumb-one.js","statementMap":{"0":{"start":{"line":6,"column":1},"end":{"line":30,"column":3}}},"fnMap":{"0":{"name":"BreadcrumbOne","decl":{"start":{"line":5,"column":24},"end":{"line":5,"column":37}},"loc":{"start":{"line":5,"column":49},"end":{"line":31,"column":1}},"line":5}},"branchMap":{},"s":{"0":1},"f":{"0":1},"b":{},"_coverageSchema":"1a1c01bbd47fc00a2c39e90264f33305004495a9","hash":"db23478b752a565c556eaf0da0f44144f524df09"}
,"C:\\Users\\ADMIN\\humb-id\\components\\common\\counter\\counter-one-section.js": {"path":"C:\\Users\\ADMIN\\humb-id\\components\\common\\counter\\counter-one-section.js","statementMap":{"0":{"start":{"line":6,"column":1},"end":{"line":73,"column":3}}},"fnMap":{"0":{"name":"CounterOneSection","decl":{"start":{"line":5,"column":24},"end":{"line":5,"column":41}},"loc":{"start":{"line":5,"column":44},"end":{"line":74,"column":1}},"line":5}},"branchMap":{},"s":{"0":1},"f":{"0":1},"b":{},"_coverageSchema":"1a1c01bbd47fc00a2c39e90264f33305004495a9","hash":"df886469ab0328f7183f2af8624aa0c2d7bd3c56"}
,"C:\\Users\\ADMIN\\humb-id\\components\\common\\faq\\faq-accordion-four.js": {"path":"C:\\Users\\ADMIN\\humb-id\\components\\common\\faq\\faq-accordion-four.js","statementMap":{"0":{"start":{"line":6,"column":1},"end":{"line":55,"column":3}}},"fnMap":{"0":{"name":"FaqAccordionFour","decl":{"start":{"line":5,"column":24},"end":{"line":5,"column":40}},"loc":{"start":{"line":5,"column":43},"end":{"line":56,"column":1}},"line":5}},"branchMap":{},"s":{"0":1},"f":{"0":1},"b":{},"_coverageSchema":"1a1c01bbd47fc00a2c39e90264f33305004495a9","hash":"54bf8ae450174f2f43c080d73c541c4c374ac677"}
,"C:\\Users\\ADMIN\\humb-id\\components\\common\\faq\\faq-accordion-one.js": {"path":"C:\\Users\\ADMIN\\humb-id\\components\\common\\faq\\faq-accordion-one.js","statementMap":{"0":{"start":{"line":4,"column":1},"end":{"line":60,"column":3}}},"fnMap":{"0":{"name":"FaqAccordionOne","decl":{"start":{"line":3,"column":24},"end":{"line":3,"column":39}},"loc":{"start":{"line":3,"column":42},"end":{"line":61,"column":1}},"line":3}},"branchMap":{},"s":{"0":1},"f":{"0":1},"b":{},"_coverageSchema":"1a1c01bbd47fc00a2c39e90264f33305004495a9","hash":"b61e140e92b8c8f2c553c84791f73272f8f9eae5"}
,"C:\\Users\\ADMIN\\humb-id\\components\\common\\faq\\faq-accordion-three.js": {"path":"C:\\Users\\ADMIN\\humb-id\\components\\common\\faq\\faq-accordion-three.js","statementMap":{"0":{"start":{"line":5,"column":1},"end":{"line":54,"column":3}}},"fnMap":{"0":{"name":"FaqAccordionThree","decl":{"start":{"line":4,"column":24},"end":{"line":4,"column":41}},"loc":{"start":{"line":4,"column":44},"end":{"line":55,"column":1}},"line":4}},"branchMap":{},"s":{"0":1},"f":{"0":1},"b":{},"_coverageSchema":"1a1c01bbd47fc00a2c39e90264f33305004495a9","hash":"1b5acfb361941eae7b3848157b69dc10c3620c48"}
,"C:\\Users\\ADMIN\\humb-id\\components\\common\\faq\\faq-accordion-two.js": {"path":"C:\\Users\\ADMIN\\humb-id\\components\\common\\faq\\faq-accordion-two.js","statementMap":{"0":{"start":{"line":6,"column":1},"end":{"line":90,"column":3}}},"fnMap":{"0":{"name":"FaqAccordionTwo","decl":{"start":{"line":5,"column":24},"end":{"line":5,"column":39}},"loc":{"start":{"line":5,"column":42},"end":{"line":91,"column":1}},"line":5}},"branchMap":{},"s":{"0":1},"f":{"0":1},"b":{},"_coverageSchema":"1a1c01bbd47fc00a2c39e90264f33305004495a9","hash":"1bbf3b32e9d58b21eecac3de04d0d38f65e23a34"}
,"C:\\Users\\ADMIN\\humb-id\\components\\common\\faq\\faq-home-one.js": {"path":"C:\\Users\\ADMIN\\humb-id\\components\\common\\faq\\faq-home-one.js","statementMap":{"0":{"start":{"line":6,"column":1},"end":{"line":53,"column":3}}},"fnMap":{"0":{"name":"FaqHomeOne","decl":{"start":{"line":5,"column":24},"end":{"line":5,"column":34}},"loc":{"start":{"line":5,"column":37},"end":{"line":54,"column":1}},"line":5}},"branchMap":{},"s":{"0":1},"f":{"0":1},"b":{},"_coverageSchema":"1a1c01bbd47fc00a2c39e90264f33305004495a9","hash":"42eb95a23e0f8f03240e843050613ea17757fa29"}
,"C:\\Users\\ADMIN\\humb-id\\components\\common\\faq\\faq-section.js": {"path":"C:\\Users\\ADMIN\\humb-id\\components\\common\\faq\\faq-section.js","statementMap":{"0":{"start":{"line":6,"column":1},"end":{"line":57,"column":3}}},"fnMap":{"0":{"name":"FaqSection","decl":{"start":{"line":5,"column":24},"end":{"line":5,"column":34}},"loc":{"start":{"line":5,"column":37},"end":{"line":58,"column":1}},"line":5}},"branchMap":{},"s":{"0":1},"f":{"0":1},"b":{},"_coverageSchema":"1a1c01bbd47fc00a2c39e90264f33305004495a9","hash":"d1ac38b9f87dd879462132c64b6a9fcbf6214490"}
,"C:\\Users\\ADMIN\\humb-id\\components\\common\\feature\\feature-one-section.js": {"path":"C:\\Users\\ADMIN\\humb-id\\components\\common\\feature\\feature-one-section.js","statementMap":{"0":{"start":{"line":6,"column":1},"end":{"line":55,"column":3}}},"fnMap":{"0":{"name":"FeatureOneSection","decl":{"start":{"line":5,"column":24},"end":{"line":5,"column":41}},"loc":{"start":{"line":5,"column":44},"end":{"line":56,"column":1}},"line":5}},"branchMap":{},"s":{"0":1},"f":{"0":1},"b":{},"_coverageSchema":"1a1c01bbd47fc00a2c39e90264f33305004495a9","hash":"cc0c8dd8cc6af1b08215a7afa1bc1d58747461d8"}
,"C:\\Users\\ADMIN\\humb-id\\components\\common\\feature\\feature-section-two.js": {"path":"C:\\Users\\ADMIN\\humb-id\\components\\common\\feature\\feature-section-two.js","statementMap":{"0":{"start":{"line":6,"column":1},"end":{"line":91,"column":3}}},"fnMap":{"0":{"name":"FeatureSectionTwo","decl":{"start":{"line":5,"column":24},"end":{"line":5,"column":41}},"loc":{"start":{"line":5,"column":44},"end":{"line":92,"column":1}},"line":5}},"branchMap":{},"s":{"0":1},"f":{"0":1},"b":{},"_coverageSchema":"1a1c01bbd47fc00a2c39e90264f33305004495a9","hash":"40e2ac7700fa27f88d3a7358fdd74181f4a5df55"}
,"C:\\Users\\ADMIN\\humb-id\\components\\common\\filter-gallary\\filter-faq-gallary.js": {"path":"C:\\Users\\ADMIN\\humb-id\\components\\common\\filter-gallary\\filter-faq-gallary.js","statementMap":{"0":{"start":{"line":6,"column":1},"end":{"line":250,"column":3}}},"fnMap":{"0":{"name":"FilterFaqGallary","decl":{"start":{"line":5,"column":24},"end":{"line":5,"column":40}},"loc":{"start":{"line":5,"column":43},"end":{"line":251,"column":1}},"line":5}},"branchMap":{},"s":{"0":1},"f":{"0":1},"b":{},"_coverageSchema":"1a1c01bbd47fc00a2c39e90264f33305004495a9","hash":"024b611e5564ba0698c78b600ba19aca60871d92"}
,"C:\\Users\\ADMIN\\humb-id\\components\\common\\filter-gallary\\filter-gallary-one.js": {"path":"C:\\Users\\ADMIN\\humb-id\\components\\common\\filter-gallary\\filter-gallary-one.js","statementMap":{"0":{"start":{"line":7,"column":17},"end":{"line":7,"column":25}},"1":{"start":{"line":8,"column":39},"end":{"line":8,"column":52}},"2":{"start":{"line":9,"column":35},"end":{"line":9,"column":48}},"3":{"start":{"line":10,"column":1},"end":{"line":26,"column":8}},"4":{"start":{"line":11,"column":2},"end":{"line":21,"column":11}},"5":{"start":{"line":12,"column":3},"end":{"line":20,"column":6}},"6":{"start":{"line":24,"column":2},"end":{"line":24,"column":44}},"7":{"start":{"line":24,"column":15},"end":{"line":24,"column":43}},"8":{"start":{"line":28,"column":1},"end":{"line":33,"column":17}},"9":{"start":{"line":29,"column":2},"end":{"line":32,"column":59}},"10":{"start":{"line":30,"column":3},"end":{"line":32,"column":59}},"11":{"start":{"line":35,"column":31},"end":{"line":38,"column":2}},"12":{"start":{"line":35,"column":40},"end":{"line":38,"column":2}},"13":{"start":{"line":36,"column":2},"end":{"line":36,"column":20}},"14":{"start":{"line":37,"column":2},"end":{"line":37,"column":22}},"15":{"start":{"line":40,"column":27},"end":{"line":42,"column":2}},"16":{"start":{"line":41,"column":2},"end":{"line":41,"column":43}},"17":{"start":{"line":41,"column":27},"end":{"line":41,"column":43}},"18":{"start":{"line":43,"column":1},"end":{"line":267,"column":3}}},"fnMap":{"0":{"name":"FilterGalarryOne","decl":{"start":{"line":6,"column":24},"end":{"line":6,"column":40}},"loc":{"start":{"line":6,"column":43},"end":{"line":268,"column":1}},"line":6},"1":{"name":"(anonymous_1)","decl":{"start":{"line":10,"column":11},"end":{"line":10,"column":12}},"loc":{"start":{"line":10,"column":17},"end":{"line":26,"column":2}},"line":10},"2":{"name":"(anonymous_2)","decl":{"start":{"line":11,"column":13},"end":{"line":11,"column":14}},"loc":{"start":{"line":11,"column":19},"end":{"line":21,"column":3}},"line":11},"3":{"name":"(anonymous_3)","decl":{"start":{"line":24,"column":9},"end":{"line":24,"column":10}},"loc":{"start":{"line":24,"column":15},"end":{"line":24,"column":43}},"line":24},"4":{"name":"(anonymous_4)","decl":{"start":{"line":28,"column":11},"end":{"line":28,"column":12}},"loc":{"start":{"line":28,"column":17},"end":{"line":33,"column":2}},"line":28},"5":{"name":"(anonymous_5)","decl":{"start":{"line":35,"column":31},"end":{"line":35,"column":32}},"loc":{"start":{"line":35,"column":40},"end":{"line":38,"column":2}},"line":35},"6":{"name":"(anonymous_6)","decl":{"start":{"line":35,"column":40},"end":{"line":35,"column":41}},"loc":{"start":{"line":35,"column":46},"end":{"line":38,"column":2}},"line":35},"7":{"name":"(anonymous_7)","decl":{"start":{"line":40,"column":27},"end":{"line":40,"column":28}},"loc":{"start":{"line":40,"column":36},"end":{"line":42,"column":2}},"line":40}},"branchMap":{"0":{"loc":{"start":{"line":29,"column":2},"end":{"line":32,"column":59}},"type":"if","locations":[{"start":{"line":29,"column":2},"end":{"line":32,"column":59}},{"start":{},"end":{}}],"line":29},"1":{"loc":{"start":{"line":30,"column":3},"end":{"line":32,"column":58}},"type":"cond-expr","locations":[{"start":{"line":31,"column":6},"end":{"line":31,"column":46}},{"start":{"line":32,"column":6},"end":{"line":32,"column":58}}],"line":30},"2":{"loc":{"start":{"line":41,"column":2},"end":{"line":41,"column":43}},"type":"if","locations":[{"start":{"line":41,"column":2},"end":{"line":41,"column":43}},{"start":{},"end":{}}],"line":41}},"s":{"0":1,"1":1,"2":1,"3":1,"4":1,"5":0,"6":1,"7":1,"8":1,"9":1,"10":0,"11":1,"12":6,"13":0,"14":0,"15":1,"16":6,"17":1,"18":1},"f":{"0":1,"1":1,"2":0,"3":1,"4":1,"5":6,"6":0,"7":6},"b":{"0":[0,1],"1":[0,0],"2":[1,5]},"_coverageSchema":"1a1c01bbd47fc00a2c39e90264f33305004495a9","hash":"9969b5eb69d66c3af9c2c42511cb2164be2cc535"}
,"C:\\Users\\ADMIN\\humb-id\\components\\common\\filter-gallary\\filter-gallary-three.js": {"path":"C:\\Users\\ADMIN\\humb-id\\components\\common\\filter-gallary\\filter-gallary-three.js","statementMap":{"0":{"start":{"line":7,"column":18},"end":{"line":7,"column":26}},"1":{"start":{"line":8,"column":40},"end":{"line":8,"column":53}},"2":{"start":{"line":9,"column":36},"end":{"line":9,"column":49}},"3":{"start":{"line":11,"column":2},"end":{"line":29,"column":9}},"4":{"start":{"line":12,"column":4},"end":{"line":21,"column":13}},"5":{"start":{"line":13,"column":6},"end":{"line":20,"column":9}},"6":{"start":{"line":24,"column":4},"end":{"line":28,"column":6}},"7":{"start":{"line":25,"column":6},"end":{"line":27,"column":7}},"8":{"start":{"line":26,"column":8},"end":{"line":26,"column":34}},"9":{"start":{"line":31,"column":2},"end":{"line":37,"column":18}},"10":{"start":{"line":32,"column":4},"end":{"line":36,"column":5}},"11":{"start":{"line":33,"column":6},"end":{"line":35,"column":63}},"12":{"start":{"line":39,"column":32},"end":{"line":42,"column":3}},"13":{"start":{"line":39,"column":41},"end":{"line":42,"column":3}},"14":{"start":{"line":40,"column":4},"end":{"line":40,"column":22}},"15":{"start":{"line":41,"column":4},"end":{"line":41,"column":24}},"16":{"start":{"line":44,"column":28},"end":{"line":46,"column":3}},"17":{"start":{"line":45,"column":4},"end":{"line":45,"column":45}},"18":{"start":{"line":45,"column":29},"end":{"line":45,"column":45}},"19":{"start":{"line":48,"column":2},"end":{"line":131,"column":4}}},"fnMap":{"0":{"name":"FilterGallaryThree","decl":{"start":{"line":6,"column":24},"end":{"line":6,"column":42}},"loc":{"start":{"line":6,"column":45},"end":{"line":132,"column":1}},"line":6},"1":{"name":"(anonymous_1)","decl":{"start":{"line":11,"column":12},"end":{"line":11,"column":13}},"loc":{"start":{"line":11,"column":18},"end":{"line":29,"column":3}},"line":11},"2":{"name":"(anonymous_2)","decl":{"start":{"line":12,"column":15},"end":{"line":12,"column":16}},"loc":{"start":{"line":12,"column":21},"end":{"line":21,"column":5}},"line":12},"3":{"name":"(anonymous_3)","decl":{"start":{"line":24,"column":11},"end":{"line":24,"column":12}},"loc":{"start":{"line":24,"column":17},"end":{"line":28,"column":5}},"line":24},"4":{"name":"(anonymous_4)","decl":{"start":{"line":31,"column":12},"end":{"line":31,"column":13}},"loc":{"start":{"line":31,"column":18},"end":{"line":37,"column":3}},"line":31},"5":{"name":"(anonymous_5)","decl":{"start":{"line":39,"column":32},"end":{"line":39,"column":33}},"loc":{"start":{"line":39,"column":41},"end":{"line":42,"column":3}},"line":39},"6":{"name":"(anonymous_6)","decl":{"start":{"line":39,"column":41},"end":{"line":39,"column":42}},"loc":{"start":{"line":39,"column":47},"end":{"line":42,"column":3}},"line":39},"7":{"name":"(anonymous_7)","decl":{"start":{"line":44,"column":28},"end":{"line":44,"column":29}},"loc":{"start":{"line":44,"column":37},"end":{"line":46,"column":3}},"line":44}},"branchMap":{"0":{"loc":{"start":{"line":25,"column":6},"end":{"line":27,"column":7}},"type":"if","locations":[{"start":{"line":25,"column":6},"end":{"line":27,"column":7}},{"start":{},"end":{}}],"line":25},"1":{"loc":{"start":{"line":32,"column":4},"end":{"line":36,"column":5}},"type":"if","locations":[{"start":{"line":32,"column":4},"end":{"line":36,"column":5}},{"start":{},"end":{}}],"line":32},"2":{"loc":{"start":{"line":33,"column":6},"end":{"line":35,"column":62}},"type":"cond-expr","locations":[{"start":{"line":34,"column":10},"end":{"line":34,"column":50}},{"start":{"line":35,"column":10},"end":{"line":35,"column":62}}],"line":33},"3":{"loc":{"start":{"line":45,"column":4},"end":{"line":45,"column":45}},"type":"if","locations":[{"start":{"line":45,"column":4},"end":{"line":45,"column":45}},{"start":{},"end":{}}],"line":45}},"s":{"0":2,"1":2,"2":2,"3":2,"4":2,"5":0,"6":2,"7":2,"8":0,"9":2,"10":2,"11":0,"12":2,"13":10,"14":0,"15":0,"16":2,"17":10,"18":2,"19":2},"f":{"0":2,"1":2,"2":0,"3":2,"4":2,"5":10,"6":0,"7":10},"b":{"0":[0,2],"1":[0,2],"2":[0,0],"3":[2,8]},"_coverageSchema":"1a1c01bbd47fc00a2c39e90264f33305004495a9","hash":"fd0efd4e47419079f05d96a97c8ba1884ff3d453"}
,"C:\\Users\\ADMIN\\humb-id\\components\\common\\filter-gallary\\filter-gallary-two.js": {"path":"C:\\Users\\ADMIN\\humb-id\\components\\common\\filter-gallary\\filter-gallary-two.js","statementMap":{"0":{"start":{"line":8,"column":17},"end":{"line":8,"column":25}},"1":{"start":{"line":9,"column":39},"end":{"line":9,"column":52}},"2":{"start":{"line":10,"column":35},"end":{"line":10,"column":48}},"3":{"start":{"line":12,"column":1},"end":{"line":21,"column":8}},"4":{"start":{"line":13,"column":2},"end":{"line":18,"column":11}},"5":{"start":{"line":14,"column":3},"end":{"line":17,"column":6}},"6":{"start":{"line":23,"column":1},"end":{"line":28,"column":17}},"7":{"start":{"line":24,"column":2},"end":{"line":27,"column":59}},"8":{"start":{"line":25,"column":3},"end":{"line":27,"column":59}},"9":{"start":{"line":30,"column":31},"end":{"line":33,"column":2}},"10":{"start":{"line":30,"column":40},"end":{"line":33,"column":2}},"11":{"start":{"line":31,"column":2},"end":{"line":31,"column":20}},"12":{"start":{"line":32,"column":2},"end":{"line":32,"column":22}},"13":{"start":{"line":35,"column":27},"end":{"line":37,"column":2}},"14":{"start":{"line":36,"column":2},"end":{"line":36,"column":43}},"15":{"start":{"line":36,"column":27},"end":{"line":36,"column":43}},"16":{"start":{"line":39,"column":1},"end":{"line":161,"column":3}}},"fnMap":{"0":{"name":"FilterGallaryTwo","decl":{"start":{"line":7,"column":24},"end":{"line":7,"column":40}},"loc":{"start":{"line":7,"column":43},"end":{"line":162,"column":1}},"line":7},"1":{"name":"(anonymous_1)","decl":{"start":{"line":12,"column":11},"end":{"line":12,"column":12}},"loc":{"start":{"line":12,"column":17},"end":{"line":21,"column":2}},"line":12},"2":{"name":"(anonymous_2)","decl":{"start":{"line":13,"column":13},"end":{"line":13,"column":14}},"loc":{"start":{"line":13,"column":19},"end":{"line":18,"column":3}},"line":13},"3":{"name":"(anonymous_3)","decl":{"start":{"line":23,"column":11},"end":{"line":23,"column":12}},"loc":{"start":{"line":23,"column":17},"end":{"line":28,"column":2}},"line":23},"4":{"name":"(anonymous_4)","decl":{"start":{"line":30,"column":31},"end":{"line":30,"column":32}},"loc":{"start":{"line":30,"column":40},"end":{"line":33,"column":2}},"line":30},"5":{"name":"(anonymous_5)","decl":{"start":{"line":30,"column":40},"end":{"line":30,"column":41}},"loc":{"start":{"line":30,"column":46},"end":{"line":33,"column":2}},"line":30},"6":{"name":"(anonymous_6)","decl":{"start":{"line":35,"column":27},"end":{"line":35,"column":28}},"loc":{"start":{"line":35,"column":36},"end":{"line":37,"column":2}},"line":35}},"branchMap":{"0":{"loc":{"start":{"line":24,"column":2},"end":{"line":27,"column":59}},"type":"if","locations":[{"start":{"line":24,"column":2},"end":{"line":27,"column":59}},{"start":{},"end":{}}],"line":24},"1":{"loc":{"start":{"line":25,"column":3},"end":{"line":27,"column":58}},"type":"cond-expr","locations":[{"start":{"line":26,"column":6},"end":{"line":26,"column":46}},{"start":{"line":27,"column":6},"end":{"line":27,"column":58}}],"line":25},"2":{"loc":{"start":{"line":36,"column":2},"end":{"line":36,"column":43}},"type":"if","locations":[{"start":{"line":36,"column":2},"end":{"line":36,"column":43}},{"start":{},"end":{}}],"line":36}},"s":{"0":1,"1":1,"2":1,"3":1,"4":1,"5":0,"6":1,"7":1,"8":0,"9":1,"10":5,"11":0,"12":0,"13":1,"14":5,"15":1,"16":1},"f":{"0":1,"1":1,"2":0,"3":1,"4":5,"5":0,"6":5},"b":{"0":[0,1],"1":[0,0],"2":[1,4]},"_coverageSchema":"1a1c01bbd47fc00a2c39e90264f33305004495a9","hash":"1476e8c860b1889c0d5a38dfcf5fe9d201adc2c9"}
,"C:\\Users\\ADMIN\\humb-id\\components\\common\\preloader\\preloader.js": {"path":"C:\\Users\\ADMIN\\humb-id\\components\\common\\preloader\\preloader.js","statementMap":{"0":{"start":{"line":5,"column":37},"end":{"line":5,"column":51}},"1":{"start":{"line":6,"column":31},"end":{"line":6,"column":45}},"2":{"start":{"line":8,"column":1},"end":{"line":18,"column":4}},"3":{"start":{"line":9,"column":2},"end":{"line":11,"column":5}},"4":{"start":{"line":10,"column":3},"end":{"line":10,"column":24}},"5":{"start":{"line":13,"column":16},"end":{"line":15,"column":9}},"6":{"start":{"line":14,"column":3},"end":{"line":14,"column":24}},"7":{"start":{"line":17,"column":2},"end":{"line":17,"column":35}},"8":{"start":{"line":17,"column":15},"end":{"line":17,"column":34}},"9":{"start":{"line":19,"column":1},"end":{"line":30,"column":3}}},"fnMap":{"0":{"name":"Preloader","decl":{"start":{"line":4,"column":24},"end":{"line":4,"column":33}},"loc":{"start":{"line":4,"column":36},"end":{"line":31,"column":1}},"line":4},"1":{"name":"(anonymous_1)","decl":{"start":{"line":8,"column":11},"end":{"line":8,"column":12}},"loc":{"start":{"line":8,"column":17},"end":{"line":18,"column":2}},"line":8},"2":{"name":"(anonymous_2)","decl":{"start":{"line":9,"column":34},"end":{"line":9,"column":35}},"loc":{"start":{"line":9,"column":40},"end":{"line":11,"column":3}},"line":9},"3":{"name":"(anonymous_3)","decl":{"start":{"line":13,"column":27},"end":{"line":13,"column":28}},"loc":{"start":{"line":13,"column":33},"end":{"line":15,"column":3}},"line":13},"4":{"name":"(anonymous_4)","decl":{"start":{"line":17,"column":9},"end":{"line":17,"column":10}},"loc":{"start":{"line":17,"column":15},"end":{"line":17,"column":34}},"line":17}},"branchMap":{"0":{"loc":{"start":{"line":20,"column":2},"end":{"line":29,"column":3}},"type":"binary-expr","locations":[{"start":{"line":20,"column":2},"end":{"line":20,"column":12}},{"start":{"line":21,"column":3},"end":{"line":28,"column":9}}],"line":20}},"s":{"0":1,"1":1,"2":1,"3":1,"4":0,"5":1,"6":0,"7":1,"8":1,"9":1},"f":{"0":1,"1":1,"2":0,"3":0,"4":1},"b":{"0":[1,1]},"_coverageSchema":"1a1c01bbd47fc00a2c39e90264f33305004495a9","hash":"c64fe4543a41a520e3f142e8da1f9b96a2420379"}
,"C:\\Users\\ADMIN\\humb-id\\components\\common\\pricing\\pricing-section-one.js": {"path":"C:\\Users\\ADMIN\\humb-id\\components\\common\\pricing\\pricing-section-one.js","statementMap":{"0":{"start":{"line":6,"column":41},"end":{"line":6,"column":56}},"1":{"start":{"line":8,"column":21},"end":{"line":10,"column":2}},"2":{"start":{"line":9,"column":2},"end":{"line":9,"column":33}},"3":{"start":{"line":11,"column":1},"end":{"line":126,"column":3}}},"fnMap":{"0":{"name":"PricingSectionOne","decl":{"start":{"line":5,"column":24},"end":{"line":5,"column":41}},"loc":{"start":{"line":5,"column":44},"end":{"line":127,"column":1}},"line":5},"1":{"name":"(anonymous_1)","decl":{"start":{"line":8,"column":21},"end":{"line":8,"column":22}},"loc":{"start":{"line":8,"column":27},"end":{"line":10,"column":2}},"line":8}},"branchMap":{"0":{"loc":{"start":{"line":40,"column":37},"end":{"line":40,"column":63}},"type":"cond-expr","locations":[{"start":{"line":40,"column":52},"end":{"line":40,"column":56}},{"start":{"line":40,"column":59},"end":{"line":40,"column":63}}],"line":40},"1":{"loc":{"start":{"line":41,"column":36},"end":{"line":41,"column":62}},"type":"cond-expr","locations":[{"start":{"line":41,"column":51},"end":{"line":41,"column":55}},{"start":{"line":41,"column":58},"end":{"line":41,"column":62}}],"line":41},"2":{"loc":{"start":{"line":70,"column":37},"end":{"line":70,"column":64}},"type":"cond-expr","locations":[{"start":{"line":70,"column":52},"end":{"line":70,"column":57}},{"start":{"line":70,"column":60},"end":{"line":70,"column":64}}],"line":70},"3":{"loc":{"start":{"line":71,"column":36},"end":{"line":71,"column":62}},"type":"cond-expr","locations":[{"start":{"line":71,"column":51},"end":{"line":71,"column":55}},{"start":{"line":71,"column":58},"end":{"line":71,"column":62}}],"line":71},"4":{"loc":{"start":{"line":101,"column":37},"end":{"line":101,"column":65}},"type":"cond-expr","locations":[{"start":{"line":101,"column":52},"end":{"line":101,"column":57}},{"start":{"line":101,"column":60},"end":{"line":101,"column":65}}],"line":101},"5":{"loc":{"start":{"line":102,"column":36},"end":{"line":102,"column":62}},"type":"cond-expr","locations":[{"start":{"line":102,"column":51},"end":{"line":102,"column":55}},{"start":{"line":102,"column":58},"end":{"line":102,"column":62}}],"line":102}},"s":{"0":1,"1":1,"2":0,"3":1},"f":{"0":1,"1":0},"b":{"0":[0,1],"1":[0,1],"2":[0,1],"3":[0,1],"4":[0,1],"5":[0,1]},"_coverageSchema":"1a1c01bbd47fc00a2c39e90264f33305004495a9","hash":"ceabc6659dcce144216bd885f65aac60e6d33155"}
,"C:\\Users\\ADMIN\\humb-id\\components\\common\\pricing\\pricing-section-two.js": {"path":"C:\\Users\\ADMIN\\humb-id\\components\\common\\pricing\\pricing-section-two.js","statementMap":{"0":{"start":{"line":6,"column":41},"end":{"line":6,"column":56}},"1":{"start":{"line":8,"column":21},"end":{"line":10,"column":2}},"2":{"start":{"line":9,"column":2},"end":{"line":9,"column":33}},"3":{"start":{"line":11,"column":1},"end":{"line":195,"column":3}}},"fnMap":{"0":{"name":"PricingSectionTwo","decl":{"start":{"line":5,"column":24},"end":{"line":5,"column":41}},"loc":{"start":{"line":5,"column":44},"end":{"line":196,"column":1}},"line":5},"1":{"name":"(anonymous_1)","decl":{"start":{"line":8,"column":21},"end":{"line":8,"column":22}},"loc":{"start":{"line":8,"column":27},"end":{"line":10,"column":2}},"line":8}},"branchMap":{"0":{"loc":{"start":{"line":35,"column":37},"end":{"line":35,"column":63}},"type":"cond-expr","locations":[{"start":{"line":35,"column":52},"end":{"line":35,"column":56}},{"start":{"line":35,"column":59},"end":{"line":35,"column":63}}],"line":35},"1":{"loc":{"start":{"line":36,"column":36},"end":{"line":36,"column":62}},"type":"cond-expr","locations":[{"start":{"line":36,"column":51},"end":{"line":36,"column":55}},{"start":{"line":36,"column":58},"end":{"line":36,"column":62}}],"line":36},"2":{"loc":{"start":{"line":76,"column":37},"end":{"line":76,"column":64}},"type":"cond-expr","locations":[{"start":{"line":76,"column":52},"end":{"line":76,"column":57}},{"start":{"line":76,"column":60},"end":{"line":76,"column":64}}],"line":76},"3":{"loc":{"start":{"line":77,"column":36},"end":{"line":77,"column":62}},"type":"cond-expr","locations":[{"start":{"line":77,"column":51},"end":{"line":77,"column":55}},{"start":{"line":77,"column":58},"end":{"line":77,"column":62}}],"line":77},"4":{"loc":{"start":{"line":117,"column":37},"end":{"line":117,"column":64}},"type":"cond-expr","locations":[{"start":{"line":117,"column":52},"end":{"line":117,"column":57}},{"start":{"line":117,"column":60},"end":{"line":117,"column":64}}],"line":117},"5":{"loc":{"start":{"line":118,"column":36},"end":{"line":118,"column":62}},"type":"cond-expr","locations":[{"start":{"line":118,"column":51},"end":{"line":118,"column":55}},{"start":{"line":118,"column":58},"end":{"line":118,"column":62}}],"line":118},"6":{"loc":{"start":{"line":158,"column":37},"end":{"line":158,"column":64}},"type":"cond-expr","locations":[{"start":{"line":158,"column":52},"end":{"line":158,"column":57}},{"start":{"line":158,"column":60},"end":{"line":158,"column":64}}],"line":158},"7":{"loc":{"start":{"line":159,"column":36},"end":{"line":159,"column":62}},"type":"cond-expr","locations":[{"start":{"line":159,"column":51},"end":{"line":159,"column":55}},{"start":{"line":159,"column":58},"end":{"line":159,"column":62}}],"line":159}},"s":{"0":1,"1":1,"2":0,"3":1},"f":{"0":1,"1":0},"b":{"0":[0,1],"1":[0,1],"2":[0,1],"3":[0,1],"4":[0,1],"5":[0,1],"6":[0,1],"7":[0,1]},"_coverageSchema":"1a1c01bbd47fc00a2c39e90264f33305004495a9","hash":"9983796c93e735071aa998ec93d0d8b54723e2f2"}
,"C:\\Users\\ADMIN\\humb-id\\components\\common\\scroll-top\\index.js": {"path":"C:\\Users\\ADMIN\\humb-id\\components\\common\\scroll-top\\index.js","statementMap":{"0":{"start":{"line":6,"column":37},"end":{"line":6,"column":52}},"1":{"start":{"line":8,"column":1},"end":{"line":16,"column":8}},"2":{"start":{"line":9,"column":2},"end":{"line":15,"column":5}},"3":{"start":{"line":10,"column":3},"end":{"line":14,"column":4}},"4":{"start":{"line":11,"column":4},"end":{"line":11,"column":24}},"5":{"start":{"line":13,"column":4},"end":{"line":13,"column":25}},"6":{"start":{"line":18,"column":17},"end":{"line":23,"column":2}},"7":{"start":{"line":19,"column":2},"end":{"line":22,"column":5}},"8":{"start":{"line":24,"column":1},"end":{"line":30,"column":3}}},"fnMap":{"0":{"name":"ScrollTop","decl":{"start":{"line":5,"column":24},"end":{"line":5,"column":33}},"loc":{"start":{"line":5,"column":36},"end":{"line":31,"column":1}},"line":5},"1":{"name":"(anonymous_1)","decl":{"start":{"line":8,"column":11},"end":{"line":8,"column":12}},"loc":{"start":{"line":8,"column":17},"end":{"line":16,"column":2}},"line":8},"2":{"name":"(anonymous_2)","decl":{"start":{"line":9,"column":36},"end":{"line":9,"column":37}},"loc":{"start":{"line":9,"column":43},"end":{"line":15,"column":3}},"line":9},"3":{"name":"(anonymous_3)","decl":{"start":{"line":18,"column":17},"end":{"line":18,"column":18}},"loc":{"start":{"line":18,"column":23},"end":{"line":23,"column":2}},"line":18}},"branchMap":{"0":{"loc":{"start":{"line":10,"column":3},"end":{"line":14,"column":4}},"type":"if","locations":[{"start":{"line":10,"column":3},"end":{"line":14,"column":4}},{"start":{"line":12,"column":10},"end":{"line":14,"column":4}}],"line":10},"1":{"loc":{"start":{"line":25,"column":2},"end":{"line":29,"column":3}},"type":"binary-expr","locations":[{"start":{"line":25,"column":2},"end":{"line":25,"column":12}},{"start":{"line":26,"column":3},"end":{"line":28,"column":9}}],"line":25}},"s":{"0":1,"1":1,"2":1,"3":0,"4":0,"5":0,"6":1,"7":0,"8":1},"f":{"0":1,"1":1,"2":0,"3":0},"b":{"0":[0,0],"1":[1,0]},"_coverageSchema":"1a1c01bbd47fc00a2c39e90264f33305004495a9","hash":"1125916e3f049e5ffb25d77bb08bb3883ce4c470"}
,"C:\\Users\\ADMIN\\humb-id\\components\\common\\sliders\\card\\card-slider-one.js": {"path":"C:\\Users\\ADMIN\\humb-id\\components\\common\\sliders\\card\\card-slider-one.js","statementMap":{"0":{"start":{"line":6,"column":1},"end":{"line":6,"column":80}},"1":{"start":{"line":10,"column":1},"end":{"line":10,"column":79}},"2":{"start":{"line":14,"column":18},"end":{"line":47,"column":2}},"3":{"start":{"line":48,"column":1},"end":{"line":159,"column":3}}},"fnMap":{"0":{"name":"NextArrow","decl":{"start":{"line":5,"column":9},"end":{"line":5,"column":18}},"loc":{"start":{"line":5,"column":32},"end":{"line":7,"column":1}},"line":5},"1":{"name":"PrevArrow","decl":{"start":{"line":9,"column":9},"end":{"line":9,"column":18}},"loc":{"start":{"line":9,"column":32},"end":{"line":11,"column":1}},"line":9},"2":{"name":"CardSliderOne","decl":{"start":{"line":13,"column":24},"end":{"line":13,"column":37}},"loc":{"start":{"line":13,"column":40},"end":{"line":160,"column":1}},"line":13}},"branchMap":{},"s":{"0":2,"1":2,"2":2,"3":2},"f":{"0":2,"1":2,"2":2},"b":{},"_coverageSchema":"1a1c01bbd47fc00a2c39e90264f33305004495a9","hash":"04a971779165d85303c726fd8e3342e30e562dbd"}
,"C:\\Users\\ADMIN\\humb-id\\components\\common\\sliders\\card\\card-slider-two.js": {"path":"C:\\Users\\ADMIN\\humb-id\\components\\common\\sliders\\card\\card-slider-two.js","statementMap":{"0":{"start":{"line":9,"column":23},"end":{"line":52,"column":1}},"1":{"start":{"line":55,"column":18},"end":{"line":92,"column":2}},"2":{"start":{"line":94,"column":1},"end":{"line":115,"column":3}},"3":{"start":{"line":110,"column":6},"end":{"line":110,"column":55}}},"fnMap":{"0":{"name":"CardSliderTwo","decl":{"start":{"line":54,"column":24},"end":{"line":54,"column":37}},"loc":{"start":{"line":54,"column":40},"end":{"line":116,"column":1}},"line":54},"1":{"name":"(anonymous_1)","decl":{"start":{"line":109,"column":25},"end":{"line":109,"column":26}},"loc":{"start":{"line":110,"column":6},"end":{"line":110,"column":55}},"line":110}},"branchMap":{},"s":{"0":2,"1":2,"2":2,"3":12},"f":{"0":2,"1":12},"b":{},"_coverageSchema":"1a1c01bbd47fc00a2c39e90264f33305004495a9","hash":"39754094c4c6d1dbda3c5077e8c455b0520ff012"}
,"C:\\Users\\ADMIN\\humb-id\\components\\common\\sliders\\card\\single-card-slider-two.js": {"path":"C:\\Users\\ADMIN\\humb-id\\components\\common\\sliders\\card\\single-card-slider-two.js","statementMap":{"0":{"start":{"line":6,"column":31},"end":{"line":6,"column":46}},"1":{"start":{"line":8,"column":1},"end":{"line":33,"column":3}},"2":{"start":{"line":24,"column":21},"end":{"line":24,"column":41}}},"fnMap":{"0":{"name":"SingleCardSliderTwo","decl":{"start":{"line":5,"column":24},"end":{"line":5,"column":43}},"loc":{"start":{"line":5,"column":54},"end":{"line":34,"column":1}},"line":5},"1":{"name":"(anonymous_1)","decl":{"start":{"line":24,"column":15},"end":{"line":24,"column":16}},"loc":{"start":{"line":24,"column":21},"end":{"line":24,"column":41}},"line":24}},"branchMap":{"0":{"loc":{"start":{"line":23,"column":50},"end":{"line":23,"column":75}},"type":"cond-expr","locations":[{"start":{"line":23,"column":60},"end":{"line":23,"column":70}},{"start":{"line":23,"column":73},"end":{"line":23,"column":75}}],"line":23}},"s":{"0":38,"1":38,"2":1},"f":{"0":38,"1":1},"b":{"0":[1,37]},"_coverageSchema":"1a1c01bbd47fc00a2c39e90264f33305004495a9","hash":"4a5dccc588cdfe51e5e4bde591036d51d72b9176"}
,"C:\\Users\\ADMIN\\humb-id\\components\\common\\sliders\\client\\client-slider-one.js": {"path":"C:\\Users\\ADMIN\\humb-id\\components\\common\\sliders\\client\\client-slider-one.js","statementMap":{"0":{"start":{"line":6,"column":18},"end":{"line":38,"column":2}},"1":{"start":{"line":39,"column":1},"end":{"line":80,"column":3}}},"fnMap":{"0":{"name":"ClientSliderOne","decl":{"start":{"line":5,"column":24},"end":{"line":5,"column":39}},"loc":{"start":{"line":5,"column":42},"end":{"line":81,"column":1}},"line":5}},"branchMap":{},"s":{"0":1,"1":1},"f":{"0":1},"b":{},"_coverageSchema":"1a1c01bbd47fc00a2c39e90264f33305004495a9","hash":"e369bd28867d2e4cc2fd29016ef05e853c2559c1"}
,"C:\\Users\\ADMIN\\humb-id\\components\\common\\sliders\\client\\client-slider-two.js": {"path":"C:\\Users\\ADMIN\\humb-id\\components\\common\\sliders\\client\\client-slider-two.js","statementMap":{"0":{"start":{"line":6,"column":18},"end":{"line":39,"column":2}},"1":{"start":{"line":40,"column":1},"end":{"line":112,"column":3}}},"fnMap":{"0":{"name":"ClientSliderTwo","decl":{"start":{"line":5,"column":24},"end":{"line":5,"column":39}},"loc":{"start":{"line":5,"column":42},"end":{"line":113,"column":1}},"line":5}},"branchMap":{},"s":{"0":1,"1":1},"f":{"0":1},"b":{},"_coverageSchema":"1a1c01bbd47fc00a2c39e90264f33305004495a9","hash":"c7ad142eb08b623dcb800f27e63c98c4ebe9352e"}
,"C:\\Users\\ADMIN\\humb-id\\components\\common\\sliders\\testimonial\\testimonial-slider-one.js": {"path":"C:\\Users\\ADMIN\\humb-id\\components\\common\\sliders\\testimonial\\testimonial-slider-one.js","statementMap":{"0":{"start":{"line":6,"column":18},"end":{"line":28,"column":2}},"1":{"start":{"line":29,"column":1},"end":{"line":152,"column":3}}},"fnMap":{"0":{"name":"TestimonialSliderOne","decl":{"start":{"line":5,"column":24},"end":{"line":5,"column":44}},"loc":{"start":{"line":5,"column":47},"end":{"line":153,"column":1}},"line":5}},"branchMap":{},"s":{"0":1,"1":1},"f":{"0":1},"b":{},"_coverageSchema":"1a1c01bbd47fc00a2c39e90264f33305004495a9","hash":"c215bb63f759054046894db2de36fc75685f36a2"}
,"C:\\Users\\ADMIN\\humb-id\\components\\common\\sliders\\testimonial\\testimonial-slider-two.js": {"path":"C:\\Users\\ADMIN\\humb-id\\components\\common\\sliders\\testimonial\\testimonial-slider-two.js","statementMap":{"0":{"start":{"line":7,"column":18},"end":{"line":29,"column":2}},"1":{"start":{"line":30,"column":1},"end":{"line":157,"column":3}}},"fnMap":{"0":{"name":"TestimonialSliderTwo","decl":{"start":{"line":6,"column":24},"end":{"line":6,"column":44}},"loc":{"start":{"line":6,"column":47},"end":{"line":158,"column":1}},"line":6}},"branchMap":{},"s":{"0":1,"1":1},"f":{"0":1},"b":{},"_coverageSchema":"1a1c01bbd47fc00a2c39e90264f33305004495a9","hash":"d4b453643c5a9cc2423d68e157446dc9b265aecf"}
,"C:\\Users\\ADMIN\\humb-id\\components\\common\\sliders\\text\\text-slider-one.js": {"path":"C:\\Users\\ADMIN\\humb-id\\components\\common\\sliders\\text\\text-slider-one.js","statementMap":{"0":{"start":{"line":5,"column":21},"end":{"line":26,"column":2}},"1":{"start":{"line":27,"column":21},"end":{"line":49,"column":2}},"2":{"start":{"line":50,"column":1},"end":{"line":101,"column":3}}},"fnMap":{"0":{"name":"TextSliderOne","decl":{"start":{"line":4,"column":24},"end":{"line":4,"column":37}},"loc":{"start":{"line":4,"column":40},"end":{"line":102,"column":1}},"line":4}},"branchMap":{},"s":{"0":1,"1":1,"2":1},"f":{"0":1},"b":{},"_coverageSchema":"1a1c01bbd47fc00a2c39e90264f33305004495a9","hash":"1e5c0ef11787a77b15179ab4ea3043dc578d3e53"}
,"C:\\Users\\ADMIN\\humb-id\\components\\common\\sliders\\text\\text-slider-three.js": {"path":"C:\\Users\\ADMIN\\humb-id\\components\\common\\sliders\\text\\text-slider-three.js","statementMap":{"0":{"start":{"line":5,"column":18},"end":{"line":26,"column":2}},"1":{"start":{"line":27,"column":1},"end":{"line":52,"column":3}}},"fnMap":{"0":{"name":"TextSliderThree","decl":{"start":{"line":4,"column":24},"end":{"line":4,"column":39}},"loc":{"start":{"line":4,"column":42},"end":{"line":53,"column":1}},"line":4}},"branchMap":{},"s":{"0":1,"1":1},"f":{"0":1},"b":{},"_coverageSchema":"1a1c01bbd47fc00a2c39e90264f33305004495a9","hash":"43b14ffd4a5a7dceeb7191660140e97fa6693edf"}
,"C:\\Users\\ADMIN\\humb-id\\components\\common\\sliders\\text\\text-slider-two.js": {"path":"C:\\Users\\ADMIN\\humb-id\\components\\common\\sliders\\text\\text-slider-two.js","statementMap":{"0":{"start":{"line":5,"column":18},"end":{"line":26,"column":2}},"1":{"start":{"line":27,"column":1},"end":{"line":52,"column":3}}},"fnMap":{"0":{"name":"TextSliderTwo","decl":{"start":{"line":4,"column":24},"end":{"line":4,"column":37}},"loc":{"start":{"line":4,"column":40},"end":{"line":53,"column":1}},"line":4}},"branchMap":{},"s":{"0":1,"1":1},"f":{"0":1},"b":{},"_coverageSchema":"1a1c01bbd47fc00a2c39e90264f33305004495a9","hash":"46a5d8510d13409ff454c570290204c1332c13d8"}
,"C:\\Users\\ADMIN\\humb-id\\components\\common\\team\\team-home-four.js": {"path":"C:\\Users\\ADMIN\\humb-id\\components\\common\\team\\team-home-four.js","statementMap":{"0":{"start":{"line":6,"column":1},"end":{"line":162,"column":3}}},"fnMap":{"0":{"name":"TeamHomeFour","decl":{"start":{"line":5,"column":24},"end":{"line":5,"column":36}},"loc":{"start":{"line":5,"column":39},"end":{"line":163,"column":1}},"line":5}},"branchMap":{},"s":{"0":1},"f":{"0":1},"b":{},"_coverageSchema":"1a1c01bbd47fc00a2c39e90264f33305004495a9","hash":"442911be2340961c977b19fcc925cc3230714461"}
,"C:\\Users\\ADMIN\\humb-id\\components\\common\\video\\video-section-five.js": {"path":"C:\\Users\\ADMIN\\humb-id\\components\\common\\video\\video-section-five.js","statementMap":{"0":{"start":{"line":5,"column":19},"end":{"line":5,"column":77}},"1":{"start":{"line":5,"column":33},"end":{"line":5,"column":60}},"2":{"start":{"line":8,"column":27},"end":{"line":8,"column":42}},"3":{"start":{"line":9,"column":1},"end":{"line":35,"column":3}},"4":{"start":{"line":19,"column":49},"end":{"line":19,"column":62}},"5":{"start":{"line":32,"column":19},"end":{"line":32,"column":33}}},"fnMap":{"0":{"name":"(anonymous_0)","decl":{"start":{"line":5,"column":27},"end":{"line":5,"column":28}},"loc":{"start":{"line":5,"column":33},"end":{"line":5,"column":60}},"line":5},"1":{"name":"VideoSectionFive","decl":{"start":{"line":7,"column":24},"end":{"line":7,"column":40}},"loc":{"start":{"line":7,"column":43},"end":{"line":36,"column":1}},"line":7},"2":{"name":"(anonymous_2)","decl":{"start":{"line":19,"column":43},"end":{"line":19,"column":44}},"loc":{"start":{"line":19,"column":49},"end":{"line":19,"column":62}},"line":19},"3":{"name":"(anonymous_3)","decl":{"start":{"line":32,"column":13},"end":{"line":32,"column":14}},"loc":{"start":{"line":32,"column":19},"end":{"line":32,"column":33}},"line":32}},"branchMap":{},"s":{"0":2,"1":1,"2":2,"3":1,"4":0,"5":0},"f":{"0":1,"1":2,"2":0,"3":0},"b":{},"_coverageSchema":"1a1c01bbd47fc00a2c39e90264f33305004495a9","hash":"369d08cd8d054a61f1613431b5c16aa4d49ec8d1"}
,"C:\\Users\\ADMIN\\humb-id\\components\\common\\video\\video-section-four.js": {"path":"C:\\Users\\ADMIN\\humb-id\\components\\common\\video\\video-section-four.js","statementMap":{"0":{"start":{"line":6,"column":19},"end":{"line":6,"column":77}},"1":{"start":{"line":6,"column":33},"end":{"line":6,"column":60}},"2":{"start":{"line":9,"column":27},"end":{"line":9,"column":42}},"3":{"start":{"line":10,"column":1},"end":{"line":60,"column":3}},"4":{"start":{"line":17,"column":51},"end":{"line":17,"column":64}},"5":{"start":{"line":57,"column":19},"end":{"line":57,"column":33}}},"fnMap":{"0":{"name":"(anonymous_0)","decl":{"start":{"line":6,"column":27},"end":{"line":6,"column":28}},"loc":{"start":{"line":6,"column":33},"end":{"line":6,"column":60}},"line":6},"1":{"name":"VideoSectionFour","decl":{"start":{"line":8,"column":24},"end":{"line":8,"column":40}},"loc":{"start":{"line":8,"column":43},"end":{"line":61,"column":1}},"line":8},"2":{"name":"(anonymous_2)","decl":{"start":{"line":17,"column":45},"end":{"line":17,"column":46}},"loc":{"start":{"line":17,"column":51},"end":{"line":17,"column":64}},"line":17},"3":{"name":"(anonymous_3)","decl":{"start":{"line":57,"column":13},"end":{"line":57,"column":14}},"loc":{"start":{"line":57,"column":19},"end":{"line":57,"column":33}},"line":57}},"branchMap":{},"s":{"0":2,"1":1,"2":2,"3":1,"4":0,"5":0},"f":{"0":1,"1":2,"2":0,"3":0},"b":{},"_coverageSchema":"1a1c01bbd47fc00a2c39e90264f33305004495a9","hash":"7350da8bf8798e828b97d6014c0f6672e93430eb"}
,"C:\\Users\\ADMIN\\humb-id\\components\\common\\video\\video-section-one.js": {"path":"C:\\Users\\ADMIN\\humb-id\\components\\common\\video\\video-section-one.js","statementMap":{"0":{"start":{"line":5,"column":19},"end":{"line":5,"column":77}},"1":{"start":{"line":5,"column":33},"end":{"line":5,"column":60}},"2":{"start":{"line":8,"column":27},"end":{"line":8,"column":42}},"3":{"start":{"line":9,"column":1},"end":{"line":33,"column":3}},"4":{"start":{"line":19,"column":52},"end":{"line":19,"column":65}},"5":{"start":{"line":30,"column":19},"end":{"line":30,"column":33}}},"fnMap":{"0":{"name":"(anonymous_0)","decl":{"start":{"line":5,"column":27},"end":{"line":5,"column":28}},"loc":{"start":{"line":5,"column":33},"end":{"line":5,"column":60}},"line":5},"1":{"name":"VideoSectionOne","decl":{"start":{"line":7,"column":24},"end":{"line":7,"column":39}},"loc":{"start":{"line":7,"column":58},"end":{"line":34,"column":1}},"line":7},"2":{"name":"(anonymous_2)","decl":{"start":{"line":19,"column":46},"end":{"line":19,"column":47}},"loc":{"start":{"line":19,"column":52},"end":{"line":19,"column":65}},"line":19},"3":{"name":"(anonymous_3)","decl":{"start":{"line":30,"column":13},"end":{"line":30,"column":14}},"loc":{"start":{"line":30,"column":19},"end":{"line":30,"column":33}},"line":30}},"branchMap":{"0":{"loc":{"start":{"line":10,"column":65},"end":{"line":10,"column":94}},"type":"cond-expr","locations":[{"start":{"line":10,"column":80},"end":{"line":10,"column":87}},{"start":{"line":10,"column":90},"end":{"line":10,"column":94}}],"line":10}},"s":{"0":2,"1":1,"2":1,"3":1,"4":0,"5":0},"f":{"0":1,"1":1,"2":0,"3":0},"b":{"0":[0,1]},"_coverageSchema":"1a1c01bbd47fc00a2c39e90264f33305004495a9","hash":"868504d8a37f6a7a3443ece9396b42ab6f88873d"}
,"C:\\Users\\ADMIN\\humb-id\\components\\common\\video\\video-section-six.js": {"path":"C:\\Users\\ADMIN\\humb-id\\components\\common\\video\\video-section-six.js","statementMap":{"0":{"start":{"line":6,"column":19},"end":{"line":6,"column":77}},"1":{"start":{"line":6,"column":33},"end":{"line":6,"column":60}},"2":{"start":{"line":9,"column":27},"end":{"line":9,"column":42}},"3":{"start":{"line":10,"column":1},"end":{"line":49,"column":3}},"4":{"start":{"line":17,"column":50},"end":{"line":17,"column":63}},"5":{"start":{"line":46,"column":19},"end":{"line":46,"column":33}}},"fnMap":{"0":{"name":"(anonymous_0)","decl":{"start":{"line":6,"column":27},"end":{"line":6,"column":28}},"loc":{"start":{"line":6,"column":33},"end":{"line":6,"column":60}},"line":6},"1":{"name":"VideoSectionSix","decl":{"start":{"line":8,"column":24},"end":{"line":8,"column":39}},"loc":{"start":{"line":8,"column":42},"end":{"line":50,"column":1}},"line":8},"2":{"name":"(anonymous_2)","decl":{"start":{"line":17,"column":44},"end":{"line":17,"column":45}},"loc":{"start":{"line":17,"column":50},"end":{"line":17,"column":63}},"line":17},"3":{"name":"(anonymous_3)","decl":{"start":{"line":46,"column":13},"end":{"line":46,"column":14}},"loc":{"start":{"line":46,"column":19},"end":{"line":46,"column":33}},"line":46}},"branchMap":{},"s":{"0":2,"1":1,"2":2,"3":1,"4":0,"5":0},"f":{"0":1,"1":2,"2":0,"3":0},"b":{},"_coverageSchema":"1a1c01bbd47fc00a2c39e90264f33305004495a9","hash":"f1ca21b8bba06b35d492f4da3e76b8c7db71375f"}
,"C:\\Users\\ADMIN\\humb-id\\components\\common\\video\\video-section-three.js": {"path":"C:\\Users\\ADMIN\\humb-id\\components\\common\\video\\video-section-three.js","statementMap":{"0":{"start":{"line":5,"column":19},"end":{"line":5,"column":77}},"1":{"start":{"line":5,"column":33},"end":{"line":5,"column":60}},"2":{"start":{"line":8,"column":27},"end":{"line":8,"column":42}},"3":{"start":{"line":10,"column":1},"end":{"line":43,"column":3}},"4":{"start":{"line":29,"column":52},"end":{"line":29,"column":65}},"5":{"start":{"line":40,"column":19},"end":{"line":40,"column":33}}},"fnMap":{"0":{"name":"(anonymous_0)","decl":{"start":{"line":5,"column":27},"end":{"line":5,"column":28}},"loc":{"start":{"line":5,"column":33},"end":{"line":5,"column":60}},"line":5},"1":{"name":"VideoSectionThree","decl":{"start":{"line":7,"column":24},"end":{"line":7,"column":41}},"loc":{"start":{"line":7,"column":44},"end":{"line":44,"column":1}},"line":7},"2":{"name":"(anonymous_2)","decl":{"start":{"line":29,"column":46},"end":{"line":29,"column":47}},"loc":{"start":{"line":29,"column":52},"end":{"line":29,"column":65}},"line":29},"3":{"name":"(anonymous_3)","decl":{"start":{"line":40,"column":13},"end":{"line":40,"column":14}},"loc":{"start":{"line":40,"column":19},"end":{"line":40,"column":33}},"line":40}},"branchMap":{},"s":{"0":2,"1":1,"2":2,"3":1,"4":0,"5":0},"f":{"0":1,"1":2,"2":0,"3":0},"b":{},"_coverageSchema":"1a1c01bbd47fc00a2c39e90264f33305004495a9","hash":"579ce011122d493d84ca8320046f26ac3cdc2034"}
,"C:\\Users\\ADMIN\\humb-id\\components\\common\\video\\video-section-two.js": {"path":"C:\\Users\\ADMIN\\humb-id\\components\\common\\video\\video-section-two.js","statementMap":{"0":{"start":{"line":5,"column":19},"end":{"line":5,"column":77}},"1":{"start":{"line":5,"column":33},"end":{"line":5,"column":60}},"2":{"start":{"line":8,"column":27},"end":{"line":8,"column":42}},"3":{"start":{"line":9,"column":1},"end":{"line":78,"column":3}},"4":{"start":{"line":75,"column":19},"end":{"line":75,"column":33}}},"fnMap":{"0":{"name":"(anonymous_0)","decl":{"start":{"line":5,"column":27},"end":{"line":5,"column":28}},"loc":{"start":{"line":5,"column":33},"end":{"line":5,"column":60}},"line":5},"1":{"name":"VideoSectionTwo","decl":{"start":{"line":7,"column":24},"end":{"line":7,"column":39}},"loc":{"start":{"line":7,"column":42},"end":{"line":79,"column":1}},"line":7},"2":{"name":"(anonymous_2)","decl":{"start":{"line":75,"column":13},"end":{"line":75,"column":14}},"loc":{"start":{"line":75,"column":19},"end":{"line":75,"column":33}},"line":75}},"branchMap":{},"s":{"0":2,"1":1,"2":2,"3":1,"4":0},"f":{"0":1,"1":2,"2":0},"b":{},"_coverageSchema":"1a1c01bbd47fc00a2c39e90264f33305004495a9","hash":"9300b3e7563045f983423473e81d620edbb6ff11"}
,"C:\\Users\\ADMIN\\humb-id\\components\\contact\\LocationPin.js": {"path":"C:\\Users\\ADMIN\\humb-id\\components\\contact\\LocationPin.js","statementMap":{"0":{"start":{"line":3,"column":1},"end":{"line":7,"column":3}}},"fnMap":{"0":{"name":"LocationPin","decl":{"start":{"line":2,"column":24},"end":{"line":2,"column":35}},"loc":{"start":{"line":2,"column":46},"end":{"line":8,"column":1}},"line":2}},"branchMap":{},"s":{"0":4},"f":{"0":4},"b":{},"_coverageSchema":"1a1c01bbd47fc00a2c39e90264f33305004495a9","hash":"eb375d6f15f14a2207dc3f13fafa29a877f4bbd7"}
,"C:\\Users\\ADMIN\\humb-id\\components\\contact\\communicate-section.js": {"path":"C:\\Users\\ADMIN\\humb-id\\components\\contact\\communicate-section.js","statementMap":{"0":{"start":{"line":6,"column":1},"end":{"line":64,"column":3}}},"fnMap":{"0":{"name":"CommunicateSection","decl":{"start":{"line":5,"column":24},"end":{"line":5,"column":42}},"loc":{"start":{"line":5,"column":45},"end":{"line":65,"column":1}},"line":5}},"branchMap":{},"s":{"0":1},"f":{"0":1},"b":{},"_coverageSchema":"1a1c01bbd47fc00a2c39e90264f33305004495a9","hash":"7eb96e1e21e1a6745a00014edc63281a5a6e19c6"}
[...]
,"C:\\Users\\ADMIN\\humb-id\\components\\single-portfolio\\project-about-section.js": {"path":"C:\\Users\\ADMIN\\humb-id\\components\\single-portfolio\\project-about-section.js","statementMap":{"0":{"start":{"line":5,"column":1},"end":{"line":14,"column":3}}},"fnMap":{"0":{"name":"ProjectAboutSection","decl":{"start":{"line":4,"column":24},"end":{"line":4,"column":43}},"loc":{"start":{"line":4,"column":46},"end":{"line":15,"column":1}},"line":4}},"branchMap":{},"s":{"0":2},"f":{"0":2},"b":{},"_coverageSchema":"1a1c01bbd47fc00a2c39e90264f33305004495a9","hash":"5fe0e3ea543950d53072536698d7e7f65bd28085"}
,"C:\\Users\\ADMIN\\humb-id\\components\\single-portfolio\\project-details-section.js": {"path":"C:\\Users\\ADMIN\\humb-id\\components\\single-portfolio\\project-details-section.js","statementMap":{"0":{"start":{"line":3,"column":1},"end":{"line":28,"column":3}}},"fnMap":{"0":{"name":"ProjectDetailsSection","decl":{"start":{"line":2,"column":24},"end":{"line":2,"column":45}},"loc":{"start":{"line":2,"column":48},"end":{"line":29,"column":1}},"line":2}},"branchMap":{},"s":{"0":2},"f":{"0":2},"b":{},"_coverageSchema":"1a1c01bbd47fc00a2c39e90264f33305004495a9","hash":"92738ddaa886ebb092d270de292d2b18d899795e"}
,"C:\\Users\\ADMIN\\humb-id\\components\\single-portfolio\\project-execution-section.js": {"path":"C:\\Users\\ADMIN\\humb-id\\components\\single-portfolio\\project-execution-section.js","statementMap":{"0":{"start":{"line":3,"column":1},"end":{"line":18,"column":3}}},"fnMap":{"0":{"name":"ProjectExecutionSection","decl":{"start":{"line":2,"column":24},"end":{"line":2,"column":47}},"loc":{"start":{"line":2,"column":50},"end":{"line":19,"column":1}},"line":2}},"branchMap":{},"s":{"0":2},"f":{"0":2},"b":{},"_coverageSchema":"1a1c01bbd47fc00a2c39e90264f33305004495a9","hash":"a3bff7ba2411217ca56f6dbafd145725b1606272"}
,"C:\\Users\\ADMIN\\humb-id\\components\\single-portfolio\\project-thumb-section.js": {"path":"C:\\Users\\ADMIN\\humb-id\\components\\single-portfolio\\project-thumb-section.js","statementMap":{"0":{"start":{"line":5,"column":1},"end":{"line":9,"column":3}}},"fnMap":{"0":{"name":"ProjectThumbSection","decl":{"start":{"line":4,"column":24},"end":{"line":4,"column":43}},"loc":{"start":{"line":4,"column":46},"end":{"line":10,"column":1}},"line":4}},"branchMap":{},"s":{"0":2},"f":{"0":2},"b":{},"_coverageSchema":"1a1c01bbd47fc00a2c39e90264f33305004495a9","hash":"594115a38df483c4cbe1f034981491790bac7d8e"}
,"C:\\Users\\ADMIN\\humb-id\\components\\single-portfolio\\related-project-section.js": {"path":"C:\\Users\\ADMIN\\humb-id\\components\\single-portfolio\\related-project-section.js","statementMap":{"0":{"start":{"line":8,"column":1},"end":{"line":51,"column":3}}},"fnMap":{"0":{"name":"RelatedProjectSection","decl":{"start":{"line":7,"column":24},"end":{"line":7,"column":45}},"loc":{"start":{"line":7,"column":48},"end":{"line":52,"column":1}},"line":7}},"branchMap":{},"s":{"0":2},"f":{"0":2},"b":{},"_coverageSchema":"1a1c01bbd47fc00a2c39e90264f33305004495a9","hash":"5dce496eecf11d143b8f199159458322dbaffc8d"}
,"C:\\Users\\ADMIN\\humb-id\\components\\single-portfolio\\section-one.js": {"path":"C:\\Users\\ADMIN\\humb-id\\components\\single-portfolio\\section-one.js","statementMap":{"0":{"start":{"line":9,"column":1},"end":{"line":27,"column":3}}},"fnMap":{"0":{"name":"SectionOne","decl":{"start":{"line":8,"column":24},"end":{"line":8,"column":34}},"loc":{"start":{"line":8,"column":37},"end":{"line":28,"column":1}},"line":8}},"branchMap":{},"s":{"0":1},"f":{"0":1},"b":{},"_coverageSchema":"1a1c01bbd47fc00a2c39e90264f33305004495a9","hash":"a3f1f3dbce4f5d15f9e76bc9f1cb2beb910ce1f3"}
,"C:\\Users\\ADMIN\\humb-id\\components\\single-service\\breadcrumb-section.js": {"path":"C:\\Users\\ADMIN\\humb-id\\components\\single-service\\breadcrumb-section.js","statementMap":{"0":{"start":{"line":6,"column":1},"end":{"line":32,"column":3}}},"fnMap":{"0":{"name":"BreadcrumbSection","decl":{"start":{"line":5,"column":24},"end":{"line":5,"column":41}},"loc":{"start":{"line":5,"column":44},"end":{"line":33,"column":1}},"line":5}},"branchMap":{},"s":{"0":2},"f":{"0":2},"b":{},"_coverageSchema":"1a1c01bbd47fc00a2c39e90264f33305004495a9","hash":"e9cd6516540edf385785f7eea026a2970b2e968e"}
,"C:\\Users\\ADMIN\\humb-id\\components\\single-service\\chart-section.js": {"path":"C:\\Users\\ADMIN\\humb-id\\components\\single-service\\chart-section.js","statementMap":{"0":{"start":{"line":4,"column":1},"end":{"line":42,"column":3}}},"fnMap":{"0":{"name":"ChartSection","decl":{"start":{"line":3,"column":24},"end":{"line":3,"column":36}},"loc":{"start":{"line":3,"column":39},"end":{"line":43,"column":1}},"line":3}},"branchMap":{},"s":{"0":1},"f":{"0":1},"b":{},"_coverageSchema":"1a1c01bbd47fc00a2c39e90264f33305004495a9","hash":"69a000dd3095827314f2a1b2ed706c5d3b89d0c2"}
,"C:\\Users\\ADMIN\\humb-id\\components\\single-service\\features-section.js": {"path":"C:\\Users\\ADMIN\\humb-id\\components\\single-service\\features-section.js","statementMap":{"0":{"start":{"line":4,"column":1},"end":{"line":58,"column":3}}},"fnMap":{"0":{"name":"FeatureSection","decl":{"start":{"line":3,"column":24},"end":{"line":3,"column":38}},"loc":{"start":{"line":3,"column":41},"end":{"line":59,"column":1}},"line":3}},"branchMap":{},"s":{"0":1},"f":{"0":1},"b":{},"_coverageSchema":"1a1c01bbd47fc00a2c39e90264f33305004495a9","hash":"c0eef0fc24c0ddeee6fd02a15032bb60405039c6"}
,"C:\\Users\\ADMIN\\humb-id\\components\\single-service\\team-section.js": {"path":"C:\\Users\\ADMIN\\humb-id\\components\\single-service\\team-section.js","statementMap":{"0":{"start":{"line":6,"column":1},"end":{"line":388,"column":3}}},"fnMap":{"0":{"name":"TeamSection","decl":{"start":{"line":5,"column":24},"end":{"line":5,"column":35}},"loc":{"start":{"line":5,"column":38},"end":{"line":389,"column":1}},"line":5}},"branchMap":{},"s":{"0":1},"f":{"0":1},"b":{},"_coverageSchema":"1a1c01bbd47fc00a2c39e90264f33305004495a9","hash":"f56f5cea9e609ff07400e83d6cd7c6c1e48342e1"}
,"C:\\Users\\ADMIN\\humb-id\\components\\single-team\\breadcrumb-section.js": {"path":"C:\\Users\\ADMIN\\humb-id\\components\\single-team\\breadcrumb-section.js","statementMap":{"0":{"start":{"line":6,"column":1},"end":{"line":32,"column":3}}},"fnMap":{"0":{"name":"BreadcrumbSection","decl":{"start":{"line":5,"column":24},"end":{"line":5,"column":41}},"loc":{"start":{"line":5,"column":44},"end":{"line":33,"column":1}},"line":5}},"branchMap":{},"s":{"0":2},"f":{"0":2},"b":{},"_coverageSchema":"1a1c01bbd47fc00a2c39e90264f33305004495a9","hash":"bd6269c204ea65282899101c95c8151f21424b64"}
,"C:\\Users\\ADMIN\\humb-id\\components\\single-team\\single-team-section.js": {"path":"C:\\Users\\ADMIN\\humb-id\\components\\single-team\\single-team-section.js","statementMap":{"0":{"start":{"line":6,"column":1},"end":{"line":118,"column":3}}},"fnMap":{"0":{"name":"SingleTeamSection","decl":{"start":{"line":5,"column":24},"end":{"line":5,"column":41}},"loc":{"start":{"line":5,"column":44},"end":{"line":119,"column":1}},"line":5}},"branchMap":{},"s":{"0":1},"f":{"0":1},"b":{},"_coverageSchema":"1a1c01bbd47fc00a2c39e90264f33305004495a9","hash":"9c515c662ab21a63bf5ca9d28061665b3636d93b"}
,"C:\\Users\\ADMIN\\humb-id\\components\\single-team\\team-info-section.js": {"path":"C:\\Users\\ADMIN\\humb-id\\components\\single-team\\team-info-section.js","statementMap":{"0":{"start":{"line":5,"column":1},"end":{"line":130,"column":3}}},"fnMap":{"0":{"name":"TeamInfoSection","decl":{"start":{"line":4,"column":24},"end":{"line":4,"column":39}},"loc":{"start":{"line":4,"column":42},"end":{"line":131,"column":1}},"line":4}},"branchMap":{},"s":{"0":1},"f":{"0":1},"b":{},"_coverageSchema":"1a1c01bbd47fc00a2c39e90264f33305004495a9","hash":"bed1777404b1e44fb95d142d7c84e0746a1e6bf1"}
,"C:\\Users\\ADMIN\\humb-id\\components\\team\\breadcrumb-section.js": {"path":"C:\\Users\\ADMIN\\humb-id\\components\\team\\breadcrumb-section.js","statementMap":{"0":{"start":{"line":6,"column":1},"end":{"line":32,"column":3}}},"fnMap":{"0":{"name":"BreadcrumbSection","decl":{"start":{"line":5,"column":24},"end":{"line":5,"column":41}},"loc":{"start":{"line":5,"column":44},"end":{"line":33,"column":1}},"line":5}},"branchMap":{},"s":{"0":2},"f":{"0":2},"b":{},"_coverageSchema":"1a1c01bbd47fc00a2c39e90264f33305004495a9","hash":"1d3ee26d7c92f3927ed1ad3f9ebc0d0ad126e51b"}
,"C:\\Users\\ADMIN\\humb-id\\components\\team\\team-section.js": {"path":"C:\\Users\\ADMIN\\humb-id\\components\\team\\team-section.js","statementMap":{"0":{"start":{"line":6,"column":1},"end":{"line":675,"column":3}}},"fnMap":{"0":{"name":"TeamSection","decl":{"start":{"line":5,"column":24},"end":{"line":5,"column":35}},"loc":{"start":{"line":5,"column":38},"end":{"line":676,"column":1}},"line":5}},"branchMap":{},"s":{"0":2},"f":{"0":2},"b":{},"_coverageSchema":"1a1c01bbd47fc00a2c39e90264f33305004495a9","hash":"b359985e7e04d015884a3761db7792e2a6bece1b"}
,"C:\\Users\\ADMIN\\humb-id\\components\\team-dark\\breadcrumb-section.js": {"path":"C:\\Users\\ADMIN\\humb-id\\components\\team-dark\\breadcrumb-section.js","statementMap":{"0":{"start":{"line":3,"column":1},"end":{"line":13,"column":3}}},"fnMap":{"0":{"name":"BreadcrumbSection","decl":{"start":{"line":2,"column":24},"end":{"line":2,"column":41}},"loc":{"start":{"line":2,"column":44},"end":{"line":14,"column":1}},"line":2}},"branchMap":{},"s":{"0":2},"f":{"0":2},"b":{},"_coverageSchema":"1a1c01bbd47fc00a2c39e90264f33305004495a9","hash":"0e69bd26f30d74b77f9ef49bd13012ca78981cbf"}
,"C:\\Users\\ADMIN\\humb-id\\components\\team-dark\\innser-section.js": {"path":"C:\\Users\\ADMIN\\humb-id\\components\\team-dark\\innser-section.js","statementMap":{"0":{"start":{"line":6,"column":1},"end":{"line":13,"column":3}}},"fnMap":{"0":{"name":"InnerSection","decl":{"start":{"line":5,"column":24},"end":{"line":5,"column":36}},"loc":{"start":{"line":5,"column":39},"end":{"line":14,"column":1}},"line":5}},"branchMap":{},"s":{"0":2},"f":{"0":2},"b":{},"_coverageSchema":"1a1c01bbd47fc00a2c39e90264f33305004495a9","hash":"e3c0368ef409f794389657eb22c5c9d5e690c9ff"}
,"C:\\Users\\ADMIN\\humb-id\\components\\team-dark\\team-section.js": {"path":"C:\\Users\\ADMIN\\humb-id\\components\\team-dark\\team-section.js","statementMap":{"0":{"start":{"line":6,"column":1},"end":{"line":436,"column":3}}},"fnMap":{"0":{"name":"TeamSection","decl":{"start":{"line":5,"column":24},"end":{"line":5,"column":35}},"loc":{"start":{"line":5,"column":38},"end":{"line":437,"column":1}},"line":5}},"branchMap":{},"s":{"0":4},"f":{"0":4},"b":{},"_coverageSchema":"1a1c01bbd47fc00a2c39e90264f33305004495a9","hash":"b1ff07f0979cd6b3d09ae0d188d074fa416a1b68"}
,"C:\\Users\\ADMIN\\humb-id\\components\\team-light\\breadcrumb-section.js": {"path":"C:\\Users\\ADMIN\\humb-id\\components\\team-light\\breadcrumb-section.js","statementMap":{"0":{"start":{"line":4,"column":1},"end":{"line":14,"column":3}}},"fnMap":{"0":{"name":"BreadcrumbSection","decl":{"start":{"line":3,"column":24},"end":{"line":3,"column":41}},"loc":{"start":{"line":3,"column":44},"end":{"line":15,"column":1}},"line":3}},"branchMap":{},"s":{"0":2},"f":{"0":2},"b":{},"_coverageSchema":"1a1c01bbd47fc00a2c39e90264f33305004495a9","hash":"37fe114f381e8b23dd1c7f946e1786da3ab20040"}
,"C:\\Users\\ADMIN\\humb-id\\components\\team-light\\inner-section.js": {"path":"C:\\Users\\ADMIN\\humb-id\\components\\team-light\\inner-section.js","statementMap":{"0":{"start":{"line":6,"column":1},"end":{"line":13,"column":3}}},"fnMap":{"0":{"name":"InnerSection","decl":{"start":{"line":5,"column":24},"end":{"line":5,"column":36}},"loc":{"start":{"line":5,"column":39},"end":{"line":14,"column":1}},"line":5}},"branchMap":{},"s":{"0":1},"f":{"0":1},"b":{},"_coverageSchema":"1a1c01bbd47fc00a2c39e90264f33305004495a9","hash":"8654337b543658a351a6547a6c0ecdda7607dc26"}
,"C:\\Users\\ADMIN\\humb-id\\components\\team-light\\team-section.js": {"path":"C:\\Users\\ADMIN\\humb-id\\components\\team-light\\team-section.js","statementMap":{"0":{"start":{"line":6,"column":1},"end":{"line":1089,"column":3}}},"fnMap":{"0":{"name":"TeamSection","decl":{"start":{"line":5,"column":24},"end":{"line":5,"column":35}},"loc":{"start":{"line":5,"column":38},"end":{"line":1090,"column":1}},"line":5}},"branchMap":{},"s":{"0":2},"f":{"0":2},"b":{},"_coverageSchema":"1a1c01bbd47fc00a2c39e90264f33305004495a9","hash":"1df034a40a277ebfd0a76e81b2845c6bab4bf8bd"}
,"C:\\Users\\ADMIN\\humb-id\\components\\terms\\breadcrumb.js": {"path":"C:\\Users\\ADMIN\\humb-id\\components\\terms\\breadcrumb.js","statementMap":{"0":{"start":{"line":6,"column":1},"end":{"line":32,"column":3}}},"fnMap":{"0":{"name":"Breadcrumb","decl":{"start":{"line":5,"column":24},"end":{"line":5,"column":34}},"loc":{"start":{"line":5,"column":37},"end":{"line":33,"column":1}},"line":5}},"branchMap":{},"s":{"0":2},"f":{"0":2},"b":{},"_coverageSchema":"1a1c01bbd47fc00a2c39e90264f33305004495a9","hash":"bf807c7d193440a4ddbbecd4cf3b8fe9c4cb79c8"}
,"C:\\Users\\ADMIN\\humb-id\\components\\testimonial\\testimonial-section.js": {"path":"C:\\Users\\ADMIN\\humb-id\\components\\testimonial\\testimonial-section.js","statementMap":{"0":{"start":{"line":8,"column":1},"end":{"line":332,"column":3}}},"fnMap":{"0":{"name":"TestimonialSection","decl":{"start":{"line":7,"column":24},"end":{"line":7,"column":42}},"loc":{"start":{"line":7,"column":45},"end":{"line":333,"column":1}},"line":7}},"branchMap":{},"s":{"0":1},"f":{"0":1},"b":{},"_coverageSchema":"1a1c01bbd47fc00a2c39e90264f33305004495a9","hash":"f5b12a880e29746c603b2807fac0435b45ac7ece"}
,"C:\\Users\\ADMIN\\humb-id\\components\\token\\breadcrumb.js": {"path":"C:\\Users\\ADMIN\\humb-id\\components\\token\\breadcrumb.js","statementMap":{"0":{"start":{"line":6,"column":1},"end":{"line":32,"column":3}}},"fnMap":{"0":{"name":"Breadcrumb","decl":{"start":{"line":5,"column":24},"end":{"line":5,"column":34}},"loc":{"start":{"line":5,"column":37},"end":{"line":33,"column":1}},"line":5}},"branchMap":{},"s":{"0":1},"f":{"0":1},"b":{},"_coverageSchema":"1a1c01bbd47fc00a2c39e90264f33305004495a9","hash":"fbdd533eba6f5459b95710b419bde7bb6a66aedf"}
,"C:\\Users\\ADMIN\\humb-id\\components\\whitepaper\\whitepaper-post.js": {"path":"C:\\Users\\ADMIN\\humb-id\\components\\whitepaper\\whitepaper-post.js","statementMap":{"0":{"start":{"line":8,"column":1},"end":{"line":223,"column":3}}},"fnMap":{"0":{"name":"WhitepaperPost","decl":{"start":{"line":7,"column":24},"end":{"line":7,"column":38}},"loc":{"start":{"line":7,"column":41},"end":{"line":224,"column":1}},"line":7}},"branchMap":{},"s":{"0":2},"f":{"0":2},"b":{},"_coverageSchema":"1a1c01bbd47fc00a2c39e90264f33305004495a9","hash":"ef9476128da060628f7487f36ccfe8f1aa76f7a1"}
,"C:\\Users\\ADMIN\\humb-id\\components\\whitepaper\\whitepaper-section.js": {"path":"C:\\Users\\ADMIN\\humb-id\\components\\whitepaper\\whitepaper-section.js","statementMap":{"0":{"start":{"line":5,"column":1},"end":{"line":14,"column":3}}},"fnMap":{"0":{"name":"WhitepaperSection","decl":{"start":{"line":4,"column":24},"end":{"line":4,"column":41}},"loc":{"start":{"line":4,"column":44},"end":{"line":15,"column":1}},"line":4}},"branchMap":{},"s":{"0":1},"f":{"0":1},"b":{},"_coverageSchema":"1a1c01bbd47fc00a2c39e90264f33305004495a9","hash":"48bccb78703bd4d5b8c4a1b7f8c13c9639810a1d"}
,"C:\\Users\\ADMIN\\humb-id\\components\\whitepaper\\whitepaper-sidebar-section.js": {"path":"C:\\Users\\ADMIN\\humb-id\\components\\whitepaper\\whitepaper-sidebar-section.js","statementMap":{"0":{"start":{"line":6,"column":2},"end":{"line":128,"column":4}}},"fnMap":{"0":{"name":"WhitepaperSidebarSection","decl":{"start":{"line":5,"column":24},"end":{"line":5,"column":48}},"loc":{"start":{"line":5,"column":51},"end":{"line":129,"column":1}},"line":5}},"branchMap":{},"s":{"0":1},"f":{"0":1},"b":{},"_coverageSchema":"1a1c01bbd47fc00a2c39e90264f33305004495a9","hash":"d2f53ac0b1aeb18e516abf984c24e998fdf20039"}
,"C:\\Users\\ADMIN\\humb-id\\components\\whitepaper\\whitepaperCrumb-section.js": {"path":"C:\\Users\\ADMIN\\humb-id\\components\\whitepaper\\whitepaperCrumb-section.js","statementMap":{"0":{"start":{"line":6,"column":4},"end":{"line":32,"column":6}}},"fnMap":{"0":{"name":"WhitepaperCrumbSection","decl":{"start":{"line":5,"column":24},"end":{"line":5,"column":46}},"loc":{"start":{"line":5,"column":49},"end":{"line":33,"column":1}},"line":5}},"branchMap":{},"s":{"0":1},"f":{"0":1},"b":{},"_coverageSchema":"1a1c01bbd47fc00a2c39e90264f33305004495a9","hash":"f045a2ca1feb2ad994a94c912a481012a39f4c8e"}
,"C:\\Users\\ADMIN\\humb-id\\components\\whitepaper\\whitepaper-blogs-details\\democratising-healthcare-single-blogs-details.js": {"path":"C:\\Users\\ADMIN\\humb-id\\components\\whitepaper\\whitepaper-blogs-details\\democratising-healthcare-single-blogs-details.js","statementMap":{"0":{"start":{"line":6,"column":4},"end":{"line":78,"column":6}}},"fnMap":{"0":{"name":"DemocratisingHealthcareSingleBlogContainer","decl":{"start":{"line":5,"column":24},"end":{"line":5,"column":66}},"loc":{"start":{"line":5,"column":69},"end":{"line":79,"column":1}},"line":5}},"branchMap":{},"s":{"0":1},"f":{"0":1},"b":{},"_coverageSchema":"1a1c01bbd47fc00a2c39e90264f33305004495a9","hash":"8ae5846e9d1b35005c5d9f6751e650ce632f05c5"}
,"C:\\Users\\ADMIN\\humb-id\\components\\whitepaper\\whitepaper-blogs-details\\tokenization-single-blogs-details.js": {"path":"C:\\Users\\ADMIN\\humb-id\\components\\whitepaper\\whitepaper-blogs-details\\tokenization-single-blogs-details.js","statementMap":{"0":{"start":{"line":6,"column":4},"end":{"line":88,"column":6}}},"fnMap":{"0":{"name":"TokenizationSingleBlogContainer","decl":{"start":{"line":5,"column":24},"end":{"line":5,"column":55}},"loc":{"start":{"line":5,"column":58},"end":{"line":89,"column":1}},"line":5}},"branchMap":{},"s":{"0":1},"f":{"0":1},"b":{},"_coverageSchema":"1a1c01bbd47fc00a2c39e90264f33305004495a9","hash":"d7430035e72aaa31d9be1e624f78e19b0a9c5782"}
,"C:\\Users\\ADMIN\\humb-id\\components\\whitepaper\\whitepaper-blogs-details\\whitepaper-single-blogs-details.js": {"path":"C:\\Users\\ADMIN\\humb-id\\components\\whitepaper\\whitepaper-blogs-details\\whitepaper-single-blogs-details.js","statementMap":{"0":{"start":{"line":6,"column":4},"end":{"line":163,"column":6}}},"fnMap":{"0":{"name":"WhitepaperSingleBlogContainer","decl":{"start":{"line":5,"column":24},"end":{"line":5,"column":53}},"loc":{"start":{"line":5,"column":56},"end":{"line":164,"column":1}},"line":5}},"branchMap":{},"s":{"0":1},"f":{"0":1},"b":{},"_coverageSchema":"1a1c01bbd47fc00a2c39e90264f33305004495a9","hash":"84df1912eb4d280c171dcc9adedbcc0fd7bca5c0"}
,"C:\\Users\\ADMIN\\humb-id\\hooks\\useScroll.js": {"path":"C:\\Users\\ADMIN\\humb-id\\hooks\\useScroll.js","statementMap":{"0":{"start":{"line":4,"column":29},"end":{"line":4,"column":44}},"1":{"start":{"line":5,"column":1},"end":{"line":9,"column":8}},"2":{"start":{"line":6,"column":2},"end":{"line":8,"column":5}},"3":{"start":{"line":7,"column":3},"end":{"line":7,"column":34}},"4":{"start":{"line":10,"column":1},"end":{"line":10,"column":15}}},"fnMap":{"0":{"name":"useScroll","decl":{"start":{"line":3,"column":24},"end":{"line":3,"column":33}},"loc":{"start":{"line":3,"column":36},"end":{"line":11,"column":1}},"line":3},"1":{"name":"(anonymous_1)","decl":{"start":{"line":5,"column":11},"end":{"line":5,"column":12}},"loc":{"start":{"line":5,"column":17},"end":{"line":9,"column":2}},"line":5},"2":{"name":"(anonymous_2)","decl":{"start":{"line":6,"column":36},"end":{"line":6,"column":37}},"loc":{"start":{"line":6,"column":42},"end":{"line":8,"column":3}},"line":6}},"branchMap":{},"s":{"0":5,"1":5,"2":5,"3":0,"4":5},"f":{"0":5,"1":5,"2":0},"b":{},"_coverageSchema":"1a1c01bbd47fc00a2c39e90264f33305004495a9","hash":"97a0a5490b31dee07840beb48ebebbd5391bbb77"}
}
