TN:
SF:components\about\about-section.js
FN:7,(anonymous_0)
FN:7,(anonymous_1)
FN:10,(anonymous_2)
FN:10,(anonymous_3)
FN:21,AboutSection
FN:37,(anonymous_5)
FNF:6
FNH:6
FNDA:1,(anonymous_0)
FNDA:1,(anonymous_1)
FNDA:1,(anonymous_2)
FNDA:1,(anonymous_3)
FNDA:1,AboutSection
FNDA:3,(anonymous_5)
DA:7,1
DA:10,1
DA:22,1
DA:38,3
LF:4
LH:4
BRF:0
BRH:0
end_of_record
TN:
SF:components\about\breadcrumb.js
FN:5,Breadcrumb
FNF:1
FNH:1
FNDA:3,Breadcrumb
DA:6,3
LF:1
LH:1
BRF:0
BRH:0
end_of_record
TN:
SF:components\about\feature-section.js
FN:3,FeatureSection
FNF:1
FNH:1
FNDA:5,FeatureSection
DA:4,5
LF:1
LH:1
BRF:0
BRH:0
end_of_record
TN:
SF:components\about\mission-vision.js
FN:4,AboutSection
FNF:1
FNH:1
FNDA:5,AboutSection
DA:5,5
LF:1
LH:1
BRF:0
BRH:0
end_of_record
TN:
SF:components\about\team-section.js
FN:5,TeamSection
FNF:1
FNH:1
FNDA:9,TeamSection
DA:6,9
LF:1
LH:1
BRF:0
BRH:0
end_of_record
TN:
SF:components\about\video-section.js
FN:5,(anonymous_0)
FN:7,VideoSection
FN:28,(anonymous_2)
FN:41,(anonymous_3)
FNF:4
FNH:3
FNDA:2,(anonymous_0)
FNDA:4,VideoSection
FNDA:1,(anonymous_2)
FNDA:0,(anonymous_3)
DA:5,2
DA:8,4
DA:9,3
DA:28,1
DA:41,0
LF:5
LH:4
BRF:0
BRH:0
end_of_record
TN:
SF:components\blog\blog-pagination.js
FN:5,BlogPagination
FNF:1
FNH:1
FNDA:2,BlogPagination
DA:6,2
LF:1
LH:1
BRF:0
BRH:0
end_of_record
TN:
SF:components\blog\blog-post.js
FN:7,BlogPost
FNF:1
FNH:1
FNDA:4,BlogPost
DA:8,4
LF:1
LH:1
BRF:0
BRH:0
end_of_record
TN:
SF:components\blog\blog-section.js
FN:5,BlogSection
FNF:1
FNH:1
FNDA:3,BlogSection
DA:6,3
LF:1
LH:1
BRF:0
BRH:0
end_of_record
TN:
SF:components\blog\blog-sidebar-section.js
FN:5,BlogSidebarSection
FNF:1
FNH:1
FNDA:1,BlogSidebarSection
DA:6,1
LF:1
LH:1
BRF:0
BRH:0
end_of_record
TN:
SF:components\blog\breadcrumb-section.js
FN:5,BreadcrumbSection
FNF:1
FNH:1
FNDA:2,BreadcrumbSection
DA:6,2
LF:1
LH:1
BRF:0
BRH:0
end_of_record
TN:
SF:components\blog-dark\blog-dark-inner-section.js
FN:8,(anonymous_0)
FN:11,BlogDarkInnerSection
FNF:2
FNH:2
FNDA:2,(anonymous_0)
FNDA:3,BlogDarkInnerSection
DA:8,2
DA:12,3
LF:2
LH:2
BRF:0
BRH:0
end_of_record
TN:
SF:components\blog-dark\blog-filtering.js
FN:7,BlogFiltering
FN:11,(anonymous_1)
FN:18,(anonymous_2)
FN:21,(anonymous_3)
FN:27,(anonymous_4)
FN:27,(anonymous_5)
FN:32,(anonymous_6)
FNF:7
FNH:6
FNDA:3,BlogFiltering
FNDA:3,(anonymous_1)
FNDA:3,(anonymous_2)
FNDA:3,(anonymous_3)
FNDA:15,(anonymous_4)
FNDA:0,(anonymous_5)
FNDA:15,(anonymous_6)
DA:8,3
DA:9,3
DA:10,3
DA:11,3
DA:12,3
DA:18,3
DA:21,3
DA:22,3
DA:27,15
DA:28,0
DA:29,0
DA:32,3
DA:33,15
DA:35,3
LF:14
LH:12
BRDA:22,0,0,3
BRDA:22,0,1,0
BRDA:33,1,0,3
BRDA:33,1,1,12
BRF:4
BRH:3
end_of_record
TN:
SF:components\blog-dark\blog-pagination.js
FN:4,BlogPaginationDark
FNF:1
FNH:1
FNDA:4,BlogPaginationDark
DA:5,4
LF:1
LH:1
BRF:0
BRH:0
end_of_record
TN:
SF:components\blog-dark\breadcrumbs-section.js
FN:3,BreadcrumbsSection
FNF:1
FNH:1
FNDA:1,BreadcrumbsSection
DA:4,1
LF:1
LH:1
BRF:0
BRH:0
end_of_record
TN:
SF:components\blog-dark-sidebar\blog-inner-section.js
FN:6,BlogInnerSection
FNF:1
FNH:1
FNDA:1,BlogInnerSection
DA:7,1
DA:8,1
LF:2
LH:2
BRDA:7,0,0,0
BRDA:7,0,1,1
BRF:2
BRH:1
end_of_record
TN:
SF:components\blog-light\blog-filtering.js
FN:7,BlogFilterning
FN:11,(anonymous_1)
FN:16,(anonymous_2)
FN:19,(anonymous_3)
FN:25,(anonymous_4)
FN:25,(anonymous_5)
FN:30,(anonymous_6)
FNF:7
FNH:6
FNDA:4,BlogFilterning
FNDA:4,(anonymous_1)
FNDA:4,(anonymous_2)
FNDA:4,(anonymous_3)
FNDA:20,(anonymous_4)
FNDA:0,(anonymous_5)
FNDA:20,(anonymous_6)
DA:8,4
DA:9,4
DA:10,4
DA:11,4
DA:12,4
DA:16,4
DA:19,4
DA:20,4
DA:25,20
DA:26,0
DA:27,0
DA:30,4
DA:31,20
DA:34,4
LF:14
LH:12
BRDA:20,0,0,4
BRDA:20,0,1,0
BRDA:31,1,0,4
BRDA:31,1,1,16
BRF:4
BRH:3
end_of_record
TN:
SF:components\blog-light\blog-inner-section.js
FN:6,(anonymous_0)
FN:10,BlogInnerSection
FNF:2
FNH:2
FNDA:2,(anonymous_0)
FNDA:4,BlogInnerSection
DA:6,2
DA:11,4
LF:2
LH:2
BRF:0
BRH:0
end_of_record
TN:
SF:components\blog-light\blog-pagination.js
FN:3,BlogPaginationLight
FNF:1
FNH:1
FNDA:6,BlogPaginationLight
DA:4,6
LF:1
LH:1
BRF:0
BRH:0
end_of_record
TN:
SF:components\blog-light\blog-top-section.js
FN:5,BlogTopSection
FNF:1
FNH:1
FNDA:4,BlogTopSection
DA:6,4
LF:1
LH:1
BRF:0
BRH:0
end_of_record
TN:
SF:components\blog-light\breadcrumbs-section.js
FN:3,BreadcrumbsSection
FNF:1
FNH:1
FNDA:4,BreadcrumbsSection
DA:4,4
LF:1
LH:1
BRF:0
BRH:0
end_of_record
TN:
SF:components\blog-light-sidebar\blog-inner-section.js
FN:5,BlogInnerSection
FNF:1
FNH:1
FNDA:1,BlogInnerSection
DA:6,1
DA:7,1
LF:2
LH:2
BRDA:6,0,0,0
BRDA:6,0,1,1
BRF:2
BRH:1
end_of_record
TN:
SF:components\blog\blogs-details\blockchain-transforming-healthcar.js
FN:5,BlockchainTransformingHealthcareContainer
FNF:1
FNH:1
FNDA:1,BlockchainTransformingHealthcareContainer
DA:6,1
LF:1
LH:1
BRF:0
BRH:0
end_of_record
TN:
SF:components\blog\blogs-details\healthcare-and-cryptoworld.js
FN:5,HealthcareCryptoWorldContainer
FNF:1
FNH:1
FNDA:1,HealthcareCryptoWorldContainer
DA:6,1
LF:1
LH:1
BRF:0
BRH:0
end_of_record
TN:
SF:components\blog\blogs-details\humb-revolution.js
FN:5,HumbRevolutionContainer
FNF:1
FNH:1
FNDA:1,HumbRevolutionContainer
DA:6,1
LF:1
LH:1
BRF:0
BRH:0
end_of_record
TN:
SF:components\career\job-position-section.js
FN:5,JobPositionSection
FNF:1
FNH:1
FNDA:1,JobPositionSection
DA:6,1
LF:1
LH:1
BRF:0
BRH:0
end_of_record
TN:
SF:components\career\section-one.js
FN:3,SectionOne
FNF:1
FNH:1
FNDA:1,SectionOne
DA:4,1
LF:1
LH:1
BRF:0
BRH:0
end_of_record
TN:
SF:components\coming-soon\countdown-section.js
FN:3,CountdownSection
FN:9,(anonymous_1)
FN:17,(anonymous_2)
FN:25,(anonymous_3)
FN:33,(anonymous_4)
FNF:5
FNH:5
FNDA:1,CountdownSection
FNDA:2,(anonymous_1)
FNDA:2,(anonymous_2)
FNDA:2,(anonymous_3)
FNDA:2,(anonymous_4)
DA:4,1
DA:9,2
DA:17,2
DA:25,2
DA:33,2
LF:5
LH:5
BRF:0
BRH:0
end_of_record
TN:
SF:components\coming-soon\logo-section.js
FN:5,LogoSection
FNF:1
FNH:1
FNDA:1,LogoSection
DA:6,1
LF:1
LH:1
BRF:0
BRH:0
end_of_record
TN:
SF:components\coming-soon\newsletter-section.js
FN:2,NewsletterSection
FNF:1
FNH:1
FNDA:1,NewsletterSection
DA:3,1
LF:1
LH:1
BRF:0
BRH:0
end_of_record
TN:
SF:components\common\blog\blog-content-section.js
FN:6,BlogContentSection
FNF:1
FNH:1
FNDA:3,BlogContentSection
DA:7,3
LF:1
LH:1
BRF:0
BRH:0
end_of_record
TN:
SF:components\common\blog\blog-pagination.js
FN:4,BlogPagination
FNF:1
FNH:1
FNDA:4,BlogPagination
DA:5,4
DA:6,4
LF:2
LH:2
BRDA:5,0,0,0
BRDA:5,0,1,4
BRF:2
BRH:1
end_of_record
TN:
SF:components\common\blog\blog-post-section.js
FN:5,BlogPostSection
FNF:1
FNH:1
FNDA:4,BlogPostSection
DA:6,4
LF:1
LH:1
BRF:0
BRH:0
end_of_record
TN:
SF:components\common\blog\blog-sidebar-section.js
FN:5,BlogSidebarSection
FNF:1
FNH:1
FNDA:4,BlogSidebarSection
DA:6,4
LF:1
LH:1
BRF:0
BRH:0
end_of_record
TN:
SF:components\common\blog\breadcrumbs-section.js
FN:2,BreadcrumbsSection
FNF:1
FNH:1
FNDA:3,BreadcrumbsSection
DA:3,3
LF:1
LH:1
BRF:0
BRH:0
end_of_record
TN:
SF:components\common\breadcrumb\breadcrumb-one.js
FN:5,BreadcrumbOne
FNF:1
FNH:1
FNDA:1,BreadcrumbOne
DA:6,1
LF:1
LH:1
BRF:0
BRH:0
end_of_record
TN:
SF:components\common\counter\counter-one-section.js
FN:5,CounterOneSection
FNF:1
FNH:1
FNDA:1,CounterOneSection
DA:6,1
LF:1
LH:1
BRF:0
BRH:0
end_of_record
TN:
SF:components\common\faq\faq-accordion-four.js
FN:5,FaqAccordionFour
FNF:1
FNH:1
FNDA:1,FaqAccordionFour
DA:6,1
LF:1
LH:1
BRF:0
BRH:0
end_of_record
TN:
SF:components\common\faq\faq-accordion-one.js
FN:3,FaqAccordionOne
FNF:1
FNH:1
FNDA:1,FaqAccordionOne
DA:4,1
LF:1
LH:1
BRF:0
BRH:0
end_of_record
TN:
SF:components\common\faq\faq-accordion-three.js
FN:4,FaqAccordionThree
FNF:1
FNH:1
FNDA:1,FaqAccordionThree
DA:5,1
LF:1
LH:1
BRF:0
BRH:0
end_of_record
TN:
SF:components\common\faq\faq-accordion-two.js
FN:5,FaqAccordionTwo
FNF:1
FNH:1
FNDA:1,FaqAccordionTwo
DA:6,1
LF:1
LH:1
BRF:0
BRH:0
end_of_record
TN:
SF:components\common\faq\faq-home-one.js
FN:5,FaqHomeOne
FNF:1
FNH:1
FNDA:1,FaqHomeOne
DA:6,1
LF:1
LH:1
BRF:0
BRH:0
end_of_record
TN:
SF:components\common\faq\faq-section.js
FN:5,FaqSection
FNF:1
FNH:1
FNDA:1,FaqSection
DA:6,1
LF:1
LH:1
BRF:0
BRH:0
end_of_record
TN:
SF:components\common\feature\feature-one-section.js
FN:5,FeatureOneSection
FNF:1
FNH:1
FNDA:1,FeatureOneSection
DA:6,1
LF:1
LH:1
BRF:0
BRH:0
end_of_record
TN:
SF:components\common\feature\feature-section-two.js
FN:5,FeatureSectionTwo
FNF:1
FNH:1
FNDA:1,FeatureSectionTwo
DA:6,1
LF:1
LH:1
BRF:0
BRH:0
end_of_record
TN:
SF:components\common\filter-gallary\filter-faq-gallary.js
FN:5,FilterFaqGallary
FNF:1
FNH:1
FNDA:1,FilterFaqGallary
DA:6,1
LF:1
LH:1
BRF:0
BRH:0
end_of_record
TN:
SF:components\common\filter-gallary\filter-gallary-one.js
FN:6,FilterGalarryOne
FN:10,(anonymous_1)
FN:11,(anonymous_2)
FN:24,(anonymous_3)
FN:28,(anonymous_4)
FN:35,(anonymous_5)
FN:35,(anonymous_6)
FN:40,(anonymous_7)
FNF:8
FNH:6
FNDA:1,FilterGalarryOne
FNDA:1,(anonymous_1)
FNDA:0,(anonymous_2)
FNDA:1,(anonymous_3)
FNDA:1,(anonymous_4)
FNDA:6,(anonymous_5)
FNDA:0,(anonymous_6)
FNDA:6,(anonymous_7)
DA:7,1
DA:8,1
DA:9,1
DA:10,1
DA:11,1
DA:12,0
DA:24,1
DA:28,1
DA:29,1
DA:30,0
DA:35,6
DA:36,0
DA:37,0
DA:40,1
DA:41,6
DA:43,1
LF:16
LH:12
BRDA:29,0,0,0
BRDA:29,0,1,1
BRDA:30,1,0,0
BRDA:30,1,1,0
BRDA:41,2,0,1
BRDA:41,2,1,5
BRF:6
BRH:3
end_of_record
TN:
SF:components\common\filter-gallary\filter-gallary-three.js
FN:6,FilterGallaryThree
FN:11,(anonymous_1)
FN:12,(anonymous_2)
FN:24,(anonymous_3)
FN:31,(anonymous_4)
FN:39,(anonymous_5)
FN:39,(anonymous_6)
FN:44,(anonymous_7)
FNF:8
FNH:6
FNDA:2,FilterGallaryThree
FNDA:2,(anonymous_1)
FNDA:0,(anonymous_2)
FNDA:2,(anonymous_3)
FNDA:2,(anonymous_4)
FNDA:10,(anonymous_5)
FNDA:0,(anonymous_6)
FNDA:10,(anonymous_7)
DA:7,2
DA:8,2
DA:9,2
DA:11,2
DA:12,2
DA:13,0
DA:24,2
DA:25,2
DA:26,0
DA:31,2
DA:32,2
DA:33,0
DA:39,10
DA:40,0
DA:41,0
DA:44,2
DA:45,10
DA:48,2
LF:18
LH:13
BRDA:25,0,0,0
BRDA:25,0,1,2
BRDA:32,1,0,0
BRDA:32,1,1,2
BRDA:33,2,0,0
BRDA:33,2,1,0
BRDA:45,3,0,2
BRDA:45,3,1,8
BRF:8
BRH:4
end_of_record
TN:
SF:components\common\filter-gallary\filter-gallary-two.js
FN:7,FilterGallaryTwo
FN:12,(anonymous_1)
FN:13,(anonymous_2)
FN:23,(anonymous_3)
FN:30,(anonymous_4)
FN:30,(anonymous_5)
FN:35,(anonymous_6)
FNF:7
FNH:5
FNDA:1,FilterGallaryTwo
FNDA:1,(anonymous_1)
FNDA:0,(anonymous_2)
FNDA:1,(anonymous_3)
FNDA:5,(anonymous_4)
FNDA:0,(anonymous_5)
FNDA:5,(anonymous_6)
DA:8,1
DA:9,1
DA:10,1
DA:12,1
DA:13,1
DA:14,0
DA:23,1
DA:24,1
DA:25,0
DA:30,5
DA:31,0
DA:32,0
DA:35,1
DA:36,5
DA:39,1
LF:15
LH:11
BRDA:24,0,0,0
BRDA:24,0,1,1
BRDA:25,1,0,0
BRDA:25,1,1,0
BRDA:36,2,0,1
BRDA:36,2,1,4
BRF:6
BRH:3
end_of_record
TN:
SF:components\common\preloader\preloader.js
FN:4,Preloader
FN:8,(anonymous_1)
FN:9,(anonymous_2)
FN:13,(anonymous_3)
FN:17,(anonymous_4)
FNF:5
FNH:3
FNDA:1,Preloader
FNDA:1,(anonymous_1)
FNDA:0,(anonymous_2)
FNDA:0,(anonymous_3)
FNDA:1,(anonymous_4)
DA:5,1
DA:6,1
DA:8,1
DA:9,1
DA:10,0
DA:13,1
DA:14,0
DA:17,1
DA:19,1
LF:9
LH:7
BRDA:20,0,0,1
BRDA:20,0,1,1
BRF:2
BRH:2
end_of_record
TN:
SF:components\common\pricing\pricing-section-one.js
FN:5,PricingSectionOne
FN:8,(anonymous_1)
FNF:2
FNH:1
FNDA:1,PricingSectionOne
FNDA:0,(anonymous_1)
DA:6,1
DA:8,1
DA:9,0
DA:11,1
LF:4
LH:3
BRDA:40,0,0,0
BRDA:40,0,1,1
BRDA:41,1,0,0
BRDA:41,1,1,1
BRDA:70,2,0,0
BRDA:70,2,1,1
BRDA:71,3,0,0
BRDA:71,3,1,1
BRDA:101,4,0,0
BRDA:101,4,1,1
BRDA:102,5,0,0
BRDA:102,5,1,1
BRF:12
BRH:6
end_of_record
TN:
SF:components\common\pricing\pricing-section-two.js
FN:5,PricingSectionTwo
FN:8,(anonymous_1)
FNF:2
FNH:1
FNDA:1,PricingSectionTwo
FNDA:0,(anonymous_1)
DA:6,1
DA:8,1
DA:9,0
DA:11,1
LF:4
LH:3
BRDA:35,0,0,0
BRDA:35,0,1,1
BRDA:36,1,0,0
BRDA:36,1,1,1
BRDA:76,2,0,0
BRDA:76,2,1,1
BRDA:77,3,0,0
BRDA:77,3,1,1
BRDA:117,4,0,0
BRDA:117,4,1,1
BRDA:118,5,0,0
BRDA:118,5,1,1
BRDA:158,6,0,0
BRDA:158,6,1,1
BRDA:159,7,0,0
BRDA:159,7,1,1
BRF:16
BRH:8
end_of_record
TN:
SF:components\common\scroll-top\index.js
FN:5,ScrollTop
FN:8,(anonymous_1)
FN:9,(anonymous_2)
FN:18,(anonymous_3)
FNF:4
FNH:2
FNDA:1,ScrollTop
FNDA:1,(anonymous_1)
FNDA:0,(anonymous_2)
FNDA:0,(anonymous_3)
DA:6,1
DA:8,1
DA:9,1
DA:10,0
DA:11,0
DA:13,0
DA:18,1
DA:19,0
DA:24,1
LF:9
LH:5
BRDA:10,0,0,0
BRDA:10,0,1,0
BRDA:25,1,0,1
BRDA:25,1,1,0
BRF:4
BRH:1
end_of_record
TN:
SF:components\common\sliders\card\card-slider-one.js
FN:5,NextArrow
FN:9,PrevArrow
FN:13,CardSliderOne
FNF:3
FNH:3
FNDA:2,NextArrow
FNDA:2,PrevArrow
FNDA:2,CardSliderOne
DA:6,2
DA:10,2
DA:14,2
DA:48,2
LF:4
LH:4
BRF:0
BRH:0
end_of_record
TN:
SF:components\common\sliders\card\card-slider-two.js
FN:54,CardSliderTwo
FN:109,(anonymous_1)
FNF:2
FNH:2
FNDA:2,CardSliderTwo
FNDA:12,(anonymous_1)
DA:9,2
DA:55,2
DA:94,2
DA:110,12
LF:4
LH:4
BRF:0
BRH:0
end_of_record
TN:
SF:components\common\sliders\card\single-card-slider-two.js
FN:5,SingleCardSliderTwo
FN:24,(anonymous_1)
FNF:2
FNH:2
FNDA:38,SingleCardSliderTwo
FNDA:1,(anonymous_1)
DA:6,38
DA:8,38
DA:24,1
LF:3
LH:3
BRDA:23,0,0,1
BRDA:23,0,1,37
BRF:2
BRH:2
end_of_record
TN:
SF:components\common\sliders\client\client-slider-one.js
FN:5,ClientSliderOne
FNF:1
FNH:1
FNDA:1,ClientSliderOne
DA:6,1
DA:39,1
LF:2
LH:2
BRF:0
BRH:0
end_of_record
TN:
SF:components\common\sliders\client\client-slider-two.js
FN:5,ClientSliderTwo
FNF:1
FNH:1
FNDA:1,ClientSliderTwo
DA:6,1
DA:40,1
LF:2
LH:2
BRF:0
BRH:0
end_of_record
TN:
SF:components\common\sliders\testimonial\testimonial-slider-one.js
FN:5,TestimonialSliderOne
FNF:1
FNH:1
FNDA:1,TestimonialSliderOne
DA:6,1
DA:29,1
LF:2
LH:2
BRF:0
BRH:0
end_of_record
TN:
SF:components\common\sliders\testimonial\testimonial-slider-two.js
FN:6,TestimonialSliderTwo
FNF:1
FNH:1
FNDA:1,TestimonialSliderTwo
DA:7,1
DA:30,1
LF:2
LH:2
BRF:0
BRH:0
end_of_record
TN:
SF:components\common\sliders\text\text-slider-one.js
FN:4,TextSliderOne
FNF:1
FNH:1
FNDA:1,TextSliderOne
DA:5,1
DA:27,1
DA:50,1
LF:3
LH:3
BRF:0
BRH:0
end_of_record
TN:
SF:components\common\sliders\text\text-slider-three.js
FN:4,TextSliderThree
FNF:1
FNH:1
FNDA:1,TextSliderThree
DA:5,1
DA:27,1
LF:2
LH:2
BRF:0
BRH:0
end_of_record
TN:
SF:components\common\sliders\text\text-slider-two.js
FN:4,TextSliderTwo
FNF:1
FNH:1
FNDA:1,TextSliderTwo
DA:5,1
DA:27,1
LF:2
LH:2
BRF:0
BRH:0
end_of_record
TN:
SF:components\common\team\team-home-four.js
FN:5,TeamHomeFour
FNF:1
FNH:1
FNDA:1,TeamHomeFour
DA:6,1
LF:1
LH:1
BRF:0
BRH:0
end_of_record
TN:
SF:components\common\video\video-section-five.js
FN:5,(anonymous_0)
FN:7,VideoSectionFive
FN:19,(anonymous_2)
FN:32,(anonymous_3)
FNF:4
FNH:2
FNDA:1,(anonymous_0)
FNDA:2,VideoSectionFive
FNDA:0,(anonymous_2)
FNDA:0,(anonymous_3)
DA:5,2
DA:8,2
DA:9,1
DA:19,0
DA:32,0
LF:5
LH:3
BRF:0
BRH:0
end_of_record
TN:
SF:components\common\video\video-section-four.js
FN:6,(anonymous_0)
FN:8,VideoSectionFour
FN:17,(anonymous_2)
FN:57,(anonymous_3)
FNF:4
FNH:2
FNDA:1,(anonymous_0)
FNDA:2,VideoSectionFour
FNDA:0,(anonymous_2)
FNDA:0,(anonymous_3)
DA:6,2
DA:9,2
DA:10,1
DA:17,0
DA:57,0
LF:5
LH:3
BRF:0
BRH:0
end_of_record
TN:
SF:components\common\video\video-section-one.js
FN:5,(anonymous_0)
FN:7,VideoSectionOne
FN:19,(anonymous_2)
FN:30,(anonymous_3)
FNF:4
FNH:2
FNDA:1,(anonymous_0)
FNDA:1,VideoSectionOne
FNDA:0,(anonymous_2)
FNDA:0,(anonymous_3)
DA:5,2
DA:8,1
DA:9,1
DA:19,0
DA:30,0
LF:5
LH:3
BRDA:10,0,0,0
BRDA:10,0,1,1
BRF:2
BRH:1
end_of_record
TN:
SF:components\common\video\video-section-six.js
FN:6,(anonymous_0)
FN:8,VideoSectionSix
FN:17,(anonymous_2)
FN:46,(anonymous_3)
FNF:4
FNH:2
FNDA:1,(anonymous_0)
FNDA:2,VideoSectionSix
FNDA:0,(anonymous_2)
FNDA:0,(anonymous_3)
DA:6,2
DA:9,2
DA:10,1
DA:17,0
DA:46,0
LF:5
LH:3
BRF:0
BRH:0
end_of_record
TN:
SF:components\common\video\video-section-three.js
FN:5,(anonymous_0)
FN:7,VideoSectionThree
FN:29,(anonymous_2)
FN:40,(anonymous_3)
FNF:4
FNH:2
FNDA:1,(anonymous_0)
FNDA:2,VideoSectionThree
FNDA:0,(anonymous_2)
FNDA:0,(anonymous_3)
DA:5,2
DA:8,2
DA:10,1
DA:29,0
DA:40,0
LF:5
LH:3
BRF:0
BRH:0
end_of_record
TN:
SF:components\common\video\video-section-two.js
FN:5,(anonymous_0)
FN:7,VideoSectionTwo
FN:75,(anonymous_2)
FNF:3
FNH:2
FNDA:1,(anonymous_0)
FNDA:2,VideoSectionTwo
FNDA:0,(anonymous_2)
DA:5,2
DA:8,2
DA:9,1
DA:75,0
LF:4
LH:3
BRF:0
BRH:0
end_of_record
TN:
SF:components\contact\LocationPin.js
FN:2,LocationPin
FNF:1
FNH:1
FNDA:4,LocationPin
DA:3,4
LF:1
LH:1
BRF:0
BRH:0
end_of_record
TN:
SF:components\contact\communicate-section.js
FN:5,CommunicateSection
FNF:1
FNH:1
FNDA:1,CommunicateSection
DA:6,1
LF:1
LH:1
BRF:0
BRH:0
end_of_record
TN:
SF:components\contact\contact-form-section.js
FN:6,ContactFormSection
FN:13,(anonymous_1)
FNF:2
FNH:1
FNDA:6,ContactFormSection
FNDA:0,(anonymous_1)
DA:12,6
DA:13,6
DA:14,6
LF:3
LH:3
BRDA:67,0,0,0
BRDA:67,0,1,6
BRDA:69,1,0,6
BRDA:69,1,1,0
BRDA:81,2,0,0
BRDA:81,2,1,6
BRDA:83,3,0,6
BRDA:83,3,1,0
BRF:8
BRH:4
end_of_record
TN:
SF:components\contact\map-section.js
FN:5,(anonymous_0)
FN:6,MapSection
FNF:2
FNH:1
FNDA:0,(anonymous_0)
FNDA:2,MapSection
DA:5,2
DA:7,2
LF:2
LH:2
BRF:0
BRH:0
end_of_record
TN:
SF:components\contact-dark\breadcrumb-section.js
FN:3,BreadcrumbSection
FNF:1
FNH:1
FNDA:2,BreadcrumbSection
DA:4,2
LF:1
LH:1
BRF:0
BRH:0
end_of_record
TN:
SF:components\contact-dark\contact-section.js
FN:5,ContactSection
FN:12,(anonymous_1)
FNF:2
FNH:1
FNDA:4,ContactSection
FNDA:0,(anonymous_1)
DA:11,4
DA:12,4
DA:14,4
LF:3
LH:3
BRDA:71,0,0,0
BRDA:71,0,1,4
BRDA:73,1,0,4
BRDA:73,1,1,0
BRDA:84,2,0,0
BRDA:84,2,1,4
BRDA:86,3,0,4
BRDA:86,3,1,0
BRF:8
BRH:4
end_of_record
TN:
SF:components\contact-dark\inner-section.js
FN:7,InnerSection
FNF:1
FNH:1
FNDA:1,InnerSection
DA:8,1
LF:1
LH:1
BRF:0
BRH:0
end_of_record
TN:
SF:components\contact-us\breadcrumb-section.js
FN:3,BreadcrumbSection
FNF:1
FNH:1
FNDA:2,BreadcrumbSection
DA:4,2
LF:1
LH:1
BRF:0
BRH:0
end_of_record
TN:
SF:components\contact-us\communication-section.js
FN:6,CommunicationSection
FNF:1
FNH:1
FNDA:1,CommunicationSection
DA:7,1
LF:1
LH:1
BRF:0
BRH:0
end_of_record
TN:
SF:components\contact-us\contact-form-section.js
FN:7,ContactFormSection
FN:20,(anonymous_1)
FNF:2
FNH:2
FNDA:3,ContactFormSection
FNDA:1,(anonymous_1)
DA:13,3
DA:14,3
DA:15,3
DA:20,3
DA:21,1
DA:22,1
DA:24,1
DA:25,1
DA:26,1
DA:27,1
DA:28,1
DA:29,1
DA:30,1
DA:32,1
DA:37,1
DA:38,1
DA:42,1
DA:44,0
DA:47,0
DA:51,0
DA:53,1
DA:54,1
DA:58,3
LF:23
LH:20
BRDA:29,0,0,1
BRDA:29,0,1,0
BRDA:37,1,0,1
BRDA:37,1,1,0
BRDA:70,2,0,3
BRDA:70,2,1,1
BRDA:73,3,0,1
BRDA:73,3,1,0
BRDA:85,4,0,0
BRDA:85,4,1,3
BRDA:87,5,0,3
BRDA:87,5,1,0
BRDA:104,6,0,0
BRDA:104,6,1,3
BRDA:106,7,0,3
BRDA:106,7,1,0
BRDA:111,8,0,3
BRDA:111,8,1,0
BRDA:128,9,0,0
BRDA:128,9,1,3
BRDA:130,10,0,3
BRDA:130,10,1,0
BRDA:135,11,0,3
BRDA:135,11,1,0
BRDA:146,12,0,0
BRDA:146,12,1,3
BRDA:148,13,0,3
BRDA:148,13,1,0
BRDA:158,14,0,0
BRDA:158,14,1,3
BRDA:160,15,0,3
BRDA:160,15,1,0
BRDA:171,16,0,0
BRDA:171,16,1,3
BRF:34
BRH:18
end_of_record
TN:
SF:components\home\content-with-photo-section-two.js
FN:4,ContentWithPhotoSectionTwo
FNF:1
FNH:1
FNDA:1,ContentWithPhotoSectionTwo
DA:5,1
LF:1
LH:1
BRF:0
BRH:0
end_of_record
TN:
SF:components\home\content-with-photo-section.js
FN:5,ContentWithPhotoSection
FNF:1
FNH:1
FNDA:1,ContentWithPhotoSection
DA:6,1
LF:1
LH:1
BRF:0
BRH:0
end_of_record
TN:
SF:components\home\cta-home-one.js
FN:6,CtaHomeOne
FNF:1
FNH:1
FNDA:1,CtaHomeOne
DA:7,1
LF:1
LH:1
BRF:0
BRH:0
end_of_record
TN:
SF:components\home\hero-section.js
FN:5,HeroSection
FNF:1
FNH:1
FNDA:1,HeroSection
DA:6,1
LF:1
LH:1
BRF:0
BRH:0
end_of_record
TN:
SF:components\layout\footer\footer-home-five.js
FN:5,FooterHomeFive
FNF:1
FNH:1
FNDA:1,FooterHomeFive
DA:6,1
LF:1
LH:1
BRF:0
BRH:0
end_of_record
TN:
SF:components\layout\footer\footer-home-four.js
FN:5,FooterHomeFour
FNF:1
FNH:1
FNDA:1,FooterHomeFour
DA:6,1
LF:1
LH:1
BRF:0
BRH:0
end_of_record
TN:
SF:components\layout\footer\footer-home-one.js
FN:5,FooterHomeOne
FNF:1
FNH:1
FNDA:1,FooterHomeOne
DA:6,1
LF:1
LH:1
BRF:0
BRH:0
end_of_record
TN:
SF:components\layout\footer\footer-home-three.js
FN:4,FooterHomeThree
FNF:1
FNH:1
FNDA:1,FooterHomeThree
DA:5,1
LF:1
LH:1
BRF:0
BRH:0
end_of_record
TN:
SF:components\layout\footer\footer-home-two.js
FN:7,FooterHomeTwo
FNF:1
FNH:1
FNDA:1,FooterHomeTwo
DA:8,1
LF:1
LH:1
BRF:0
BRH:0
end_of_record
TN:
SF:components\layout\header\header-error-six.js
FN:14,HeaderErrorSix
FN:17,(anonymous_1)
FN:56,(anonymous_2)
FNF:3
FNH:1
FNDA:1,HeaderErrorSix
FNDA:0,(anonymous_1)
FNDA:0,(anonymous_2)
DA:15,1
DA:17,1
DA:18,0
DA:20,1
DA:56,0
LF:5
LH:3
BRDA:31,0,0,0
BRDA:31,0,1,1
BRDA:34,1,0,0
BRDA:34,1,1,1
BRF:4
BRH:2
end_of_record
TN:
SF:components\layout\header\header-home-five.js
FN:15,HeaderHomeFive
FN:18,(anonymous_1)
FN:61,(anonymous_2)
FNF:3
FNH:1
FNDA:1,HeaderHomeFive
FNDA:0,(anonymous_1)
FNDA:0,(anonymous_2)
DA:16,1
DA:18,1
DA:19,0
DA:21,1
DA:22,1
DA:61,0
LF:6
LH:4
BRDA:24,0,0,0
BRDA:24,0,1,1
BRDA:36,1,0,0
BRDA:36,1,1,1
BRDA:39,2,0,0
BRDA:39,2,1,1
BRF:6
BRH:3
end_of_record
TN:
SF:components\layout\header\header-home-four.js
FN:16,HeaderHomeFour
FN:19,(anonymous_1)
FN:63,(anonymous_2)
FNF:3
FNH:1
FNDA:1,HeaderHomeFour
FNDA:0,(anonymous_1)
FNDA:0,(anonymous_2)
DA:17,1
DA:19,1
DA:20,0
DA:23,1
DA:24,1
DA:63,0
LF:6
LH:4
BRDA:26,0,0,0
BRDA:26,0,1,1
BRDA:38,1,0,0
BRDA:38,1,1,1
BRDA:41,2,0,0
BRDA:41,2,1,1
BRF:6
BRH:3
end_of_record
TN:
SF:components\layout\header\header-home-one.js
FN:17,HeaderHomeOne
FN:20,(anonymous_1)
FN:122,(anonymous_2)
FNF:3
FNH:1
FNDA:1,HeaderHomeOne
FNDA:0,(anonymous_1)
FNDA:0,(anonymous_2)
DA:18,1
DA:20,1
DA:21,0
DA:24,1
DA:26,1
DA:122,0
LF:6
LH:4
BRDA:29,0,0,0
BRDA:29,0,1,1
BRDA:47,1,0,0
BRDA:47,1,1,1
BRDA:51,2,0,0
BRDA:51,2,1,1
BRF:6
BRH:3
end_of_record
TN:
SF:components\layout\header\header-home-three.js
FN:16,HeaderHomeThree
FN:19,(anonymous_1)
FN:64,(anonymous_2)
FNF:3
FNH:1
FNDA:1,HeaderHomeThree
FNDA:0,(anonymous_1)
FNDA:0,(anonymous_2)
DA:17,1
DA:19,1
DA:20,0
DA:23,1
DA:24,1
DA:64,0
LF:6
LH:4
BRDA:27,0,0,0
BRDA:27,0,1,1
BRDA:40,1,0,0
BRDA:40,1,1,1
BRDA:43,2,0,0
BRDA:43,2,1,1
BRF:6
BRH:3
end_of_record
TN:
SF:components\layout\header\header-home-two.js
FN:16,HeaderHomeTwo
FN:19,(anonymous_1)
FN:63,(anonymous_2)
FNF:3
FNH:1
FNDA:1,HeaderHomeTwo
FNDA:0,(anonymous_1)
FNDA:0,(anonymous_2)
DA:17,1
DA:19,1
DA:20,0
DA:23,1
DA:24,1
DA:63,0
LF:6
LH:4
BRDA:26,0,0,0
BRDA:26,0,1,1
BRDA:38,1,0,0
BRDA:38,1,1,1
BRDA:41,2,0,0
BRDA:41,2,1,1
BRF:6
BRH:3
end_of_record
TN:
SF:components\layout\navbar\dropdown-item.js
FN:8,DropdownItem
FN:16,(anonymous_1)
FNF:2
FNH:2
FNDA:99,DropdownItem
FNDA:5,(anonymous_1)
DA:14,99
DA:16,99
DA:17,5
DA:18,5
DA:19,3
DA:21,2
DA:25,99
LF:7
LH:7
BRDA:18,0,0,3
BRDA:18,0,1,2
BRDA:27,1,0,7
BRDA:27,1,1,92
BRDA:30,2,0,92
BRDA:30,2,1,7
BRDA:33,3,0,92
BRDA:33,3,1,0
BRDA:38,4,0,7
BRDA:38,4,1,7
BRDA:42,5,0,99
BRDA:42,5,1,7
BRF:12
BRH:11
end_of_record
TN:
SF:components\layout\navbar\dropdown-menu.js
FN:4,DropdownMenu
FN:12,(anonymous_1)
FNF:2
FNH:2
FNDA:25,DropdownMenu
FNDA:90,(anonymous_1)
DA:9,25
DA:13,90
LF:2
LH:2
BRDA:10,0,0,1
BRDA:10,0,1,24
BRDA:11,1,0,25
BRDA:11,1,1,24
BRF:4
BRH:4
end_of_record
TN:
SF:components\layout\navbar\mega-dropdown-item.js
FN:2,MegaDropdownItem
FNF:1
FNH:1
FNDA:93,MegaDropdownItem
DA:4,93
LF:1
LH:1
BRF:0
BRH:0
end_of_record
TN:
SF:components\layout\navbar\mega-menu-item.js
FN:5,MegaMenuItem
FN:11,(anonymous_1)
FNF:2
FNH:2
FNDA:31,MegaMenuItem
FNDA:91,(anonymous_1)
DA:6,31
DA:11,91
LF:2
LH:2
BRDA:10,0,0,31
BRDA:10,0,1,23
BRF:2
BRH:2
end_of_record
TN:
SF:components\layout\navbar\mega-menu.js
FN:4,MegaMenu
FN:8,(anonymous_1)
FNF:2
FNH:2
FNDA:7,MegaMenu
FNDA:23,(anonymous_1)
DA:5,7
DA:8,23
LF:2
LH:2
BRDA:8,0,0,7
BRDA:8,0,1,6
BRF:2
BRH:2
end_of_record
TN:
SF:components\layout\navbar\menu-data.js
FNF:0
FNH:0
DA:2,14
DA:21,14
DA:32,14
DA:76,14
DA:87,14
DA:97,14
LF:6
LH:6
BRF:0
BRH:0
end_of_record
TN:
SF:components\layout\navbar\nav-item.js
FN:8,NavItem
FN:15,(anonymous_1)
FNF:2
FNH:2
FNDA:36,NavItem
FNDA:2,(anonymous_1)
DA:14,36
DA:15,36
DA:16,2
DA:19,36
LF:4
LH:4
BRDA:12,0,0,26
BRDA:20,1,0,36
BRDA:20,1,1,0
BRDA:26,2,0,29
BRDA:26,2,1,7
BRF:5
BRH:4
end_of_record
TN:
SF:components\layout\navbar\navbar.js
FN:2,Navbar
FNF:1
FNH:1
FNDA:7,Navbar
DA:3,7
LF:1
LH:1
BRF:0
BRH:0
end_of_record
TN:
SF:components\layout\navbar\second-level-dropdown-item.js
FN:4,SecondLevelDropdownItem
FNF:1
FNH:1
FNDA:4,SecondLevelDropdownItem
DA:5,4
LF:1
LH:1
BRF:0
BRH:0
end_of_record
TN:
SF:components\layout\navbar\second-level-dropdown-menu.js
FN:5,SecondLevelDropdownMenu
FN:11,(anonymous_1)
FNF:2
FNH:2
FNDA:4,SecondLevelDropdownMenu
FNDA:4,(anonymous_1)
DA:6,4
DA:8,4
DA:12,4
LF:3
LH:3
BRDA:9,0,0,2
BRDA:9,0,1,2
BRDA:10,1,0,4
BRDA:10,1,1,2
BRF:4
BRH:4
end_of_record
TN:
SF:components\privacy\breadcrumb.js
FN:5,Breadcrumb
FNF:1
FNH:1
FNDA:1,Breadcrumb
DA:6,1
LF:1
LH:1
BRF:0
BRH:0
end_of_record
TN:
SF:components\reward\breadcrumb.js
FN:5,RewardBreadcrumb
FNF:1
FNH:1
FNDA:1,RewardBreadcrumb
DA:6,1
LF:1
LH:1
BRF:0
BRH:0
end_of_record
TN:
SF:components\reward\instant.js
FN:5,Instant
FNF:1
FNH:1
FNDA:1,Instant
DA:6,1
LF:1
LH:1
BRF:0
BRH:0
end_of_record
TN:
SF:components\reward\profit.js
FN:47,RewardCardsBootstrap
FN:51,(anonymous_1)
FN:63,(anonymous_2)
FNF:3
FNH:3
FNDA:1,RewardCardsBootstrap
FNDA:4,(anonymous_1)
FNDA:10,(anonymous_2)
DA:3,4
DA:48,1
DA:52,4
DA:64,10
LF:4
LH:4
BRF:0
BRH:0
end_of_record
TN:
SF:components\reward\trading.js
FN:2,Trading
FNF:1
FNH:1
FNDA:1,Trading
DA:3,1
LF:1
LH:1
BRF:0
BRH:0
end_of_record
TN:
SF:components\service\breadcrumb-section.js
FN:5,BreadcrumbSection
FNF:1
FNH:1
FNDA:2,BreadcrumbSection
DA:6,2
LF:1
LH:1
BRF:0
BRH:0
end_of_record
TN:
SF:components\service\choose-service-section.js
FN:5,ChooseServiceSection
FNF:1
FNH:1
FNDA:1,ChooseServiceSection
DA:6,1
LF:1
LH:1
BRF:0
BRH:0
end_of_record
TN:
SF:components\service\inovative-service-section.js
FN:3,InovativeServiceSection
FNF:1
FNH:1
FNDA:1,InovativeServiceSection
DA:4,1
LF:1
LH:1
BRF:0
BRH:0
end_of_record
TN:
SF:components\single-blog-light\breadcrumbs-section.js
FN:5,BreadCrumbsSection
FNF:1
FNH:1
FNDA:1,BreadCrumbsSection
DA:6,1
LF:1
LH:1
BRF:0
BRH:0
end_of_record
TN:
SF:components\single-blog-light\comment-input-section.js
FN:2,CommentInputSection
FNF:1
FNH:1
FNDA:3,CommentInputSection
DA:3,3
LF:1
LH:1
BRF:0
BRH:0
end_of_record
TN:
SF:components\single-blog-light\comment-list-section.js
FN:5,CommentListSection
FNF:1
FNH:1
FNDA:3,CommentListSection
DA:6,3
LF:1
LH:1
BRF:0
BRH:0
end_of_record
TN:
SF:components\single-blog-light\single-blog-container.js
FN:5,SingleBlogContainer
FNF:1
FNH:1
FNDA:1,SingleBlogContainer
DA:6,1
LF:1
LH:1
BRF:0
BRH:0
end_of_record
TN:
SF:components\single-blog-light\single-blog-post.js
FN:9,SingleBlogPost
FNF:1
FNH:1
FNDA:2,SingleBlogPost
DA:10,2
LF:1
LH:1
BRF:0
BRH:0
end_of_record
TN:
SF:components\single-blog-light\single-blog-sidebar-section.js
FN:5,SingleBlogSidebarSection
FNF:1
FNH:1
FNDA:2,SingleBlogSidebarSection
DA:6,2
LF:1
LH:1
BRF:0
BRH:0
end_of_record
TN:
SF:components\single-portfolio\project-about-section.js
FN:4,ProjectAboutSection
FNF:1
FNH:1
FNDA:2,ProjectAboutSection
DA:5,2
LF:1
LH:1
BRF:0
BRH:0
end_of_record
TN:
SF:components\single-portfolio\project-details-section.js
FN:2,ProjectDetailsSection
FNF:1
FNH:1
FNDA:2,ProjectDetailsSection
DA:3,2
LF:1
LH:1
BRF:0
BRH:0
end_of_record
TN:
SF:components\single-portfolio\project-execution-section.js
FN:2,ProjectExecutionSection
FNF:1
FNH:1
FNDA:2,ProjectExecutionSection
DA:3,2
LF:1
LH:1
BRF:0
BRH:0
end_of_record
TN:
SF:components\single-portfolio\project-thumb-section.js
FN:4,ProjectThumbSection
FNF:1
FNH:1
FNDA:2,ProjectThumbSection
DA:5,2
LF:1
LH:1
BRF:0
BRH:0
end_of_record
TN:
SF:components\single-portfolio\related-project-section.js
FN:7,RelatedProjectSection
FNF:1
FNH:1
FNDA:2,RelatedProjectSection
DA:8,2
LF:1
LH:1
BRF:0
BRH:0
end_of_record
TN:
SF:components\single-portfolio\section-one.js
FN:8,SectionOne
FNF:1
FNH:1
FNDA:1,SectionOne
DA:9,1
LF:1
LH:1
BRF:0
BRH:0
end_of_record
TN:
SF:components\single-service\breadcrumb-section.js
FN:5,BreadcrumbSection
FNF:1
FNH:1
FNDA:2,BreadcrumbSection
DA:6,2
LF:1
LH:1
BRF:0
BRH:0
end_of_record
TN:
SF:components\single-service\chart-section.js
FN:3,ChartSection
FNF:1
FNH:1
FNDA:1,ChartSection
DA:4,1
LF:1
LH:1
BRF:0
BRH:0
end_of_record
TN:
SF:components\single-service\features-section.js
FN:3,FeatureSection
FNF:1
FNH:1
FNDA:1,FeatureSection
DA:4,1
LF:1
LH:1
BRF:0
BRH:0
end_of_record
TN:
SF:components\single-service\team-section.js
FN:5,TeamSection
FNF:1
FNH:1
FNDA:1,TeamSection
DA:6,1
LF:1
LH:1
BRF:0
BRH:0
end_of_record
TN:
SF:components\single-team\breadcrumb-section.js
FN:5,BreadcrumbSection
FNF:1
FNH:1
FNDA:2,BreadcrumbSection
DA:6,2
LF:1
LH:1
BRF:0
BRH:0
end_of_record
TN:
SF:components\single-team\single-team-section.js
FN:5,SingleTeamSection
FNF:1
FNH:1
FNDA:1,SingleTeamSection
DA:6,1
LF:1
LH:1
BRF:0
BRH:0
end_of_record
TN:
SF:components\single-team\team-info-section.js
FN:4,TeamInfoSection
FNF:1
FNH:1
FNDA:1,TeamInfoSection
DA:5,1
LF:1
LH:1
BRF:0
BRH:0
end_of_record
TN:
SF:components\team\breadcrumb-section.js
FN:5,BreadcrumbSection
FNF:1
FNH:1
FNDA:2,BreadcrumbSection
DA:6,2
LF:1
LH:1
BRF:0
BRH:0
end_of_record
TN:
SF:components\team\team-section.js
FN:5,TeamSection
FNF:1
FNH:1
FNDA:2,TeamSection
DA:6,2
LF:1
LH:1
BRF:0
BRH:0
end_of_record
TN:
SF:components\team-dark\breadcrumb-section.js
FN:2,BreadcrumbSection
FNF:1
FNH:1
FNDA:2,BreadcrumbSection
DA:3,2
LF:1
LH:1
BRF:0
BRH:0
end_of_record
TN:
SF:components\team-dark\innser-section.js
FN:5,InnerSection
FNF:1
FNH:1
FNDA:2,InnerSection
DA:6,2
LF:1
LH:1
BRF:0
BRH:0
end_of_record
TN:
SF:components\team-dark\team-section.js
FN:5,TeamSection
FNF:1
FNH:1
FNDA:4,TeamSection
DA:6,4
LF:1
LH:1
BRF:0
BRH:0
end_of_record
TN:
SF:components\team-light\breadcrumb-section.js
FN:3,BreadcrumbSection
FNF:1
FNH:1
FNDA:2,BreadcrumbSection
DA:4,2
LF:1
LH:1
BRF:0
BRH:0
end_of_record
TN:
SF:components\team-light\inner-section.js
FN:5,InnerSection
FNF:1
FNH:1
FNDA:1,InnerSection
DA:6,1
LF:1
LH:1
BRF:0
BRH:0
end_of_record
TN:
SF:components\team-light\team-section.js
FN:5,TeamSection
FNF:1
FNH:1
FNDA:2,TeamSection
DA:6,2
LF:1
LH:1
BRF:0
BRH:0
end_of_record
TN:
SF:components\terms\breadcrumb.js
FN:5,Breadcrumb
FNF:1
FNH:1
FNDA:2,Breadcrumb
DA:6,2
LF:1
LH:1
BRF:0
BRH:0
end_of_record
TN:
SF:components\testimonial\testimonial-section.js
FN:7,TestimonialSection
FNF:1
FNH:1
FNDA:1,TestimonialSection
DA:8,1
LF:1
LH:1
BRF:0
BRH:0
end_of_record
TN:
SF:components\token\breadcrumb.js
FN:5,Breadcrumb
FNF:1
FNH:1
FNDA:1,Breadcrumb
DA:6,1
LF:1
LH:1
BRF:0
BRH:0
end_of_record
TN:
SF:components\whitepaper\whitepaper-post.js
FN:7,WhitepaperPost
FNF:1
FNH:1
FNDA:2,WhitepaperPost
DA:8,2
LF:1
LH:1
BRF:0
BRH:0
end_of_record
TN:
SF:components\whitepaper\whitepaper-section.js
FN:4,WhitepaperSection
FNF:1
FNH:1
FNDA:1,WhitepaperSection
DA:5,1
LF:1
LH:1
BRF:0
BRH:0
end_of_record
TN:
SF:components\whitepaper\whitepaper-sidebar-section.js
FN:5,WhitepaperSidebarSection
FNF:1
FNH:1
FNDA:1,WhitepaperSidebarSection
DA:6,1
LF:1
LH:1
BRF:0
BRH:0
end_of_record
TN:
SF:components\whitepaper\whitepaperCrumb-section.js
FN:5,WhitepaperCrumbSection
FNF:1
FNH:1
FNDA:1,WhitepaperCrumbSection
DA:6,1
LF:1
LH:1
BRF:0
BRH:0
end_of_record
TN:
SF:components\whitepaper\whitepaper-blogs-details\democratising-healthcare-single-blogs-details.js
FN:5,DemocratisingHealthcareSingleBlogContainer
FNF:1
FNH:1
FNDA:1,DemocratisingHealthcareSingleBlogContainer
DA:6,1
LF:1
LH:1
BRF:0
BRH:0
end_of_record
TN:
SF:components\whitepaper\whitepaper-blogs-details\tokenization-single-blogs-details.js
FN:5,TokenizationSingleBlogContainer
FNF:1
FNH:1
FNDA:1,TokenizationSingleBlogContainer
DA:6,1
LF:1
LH:1
BRF:0
BRH:0
end_of_record
TN:
SF:components\whitepaper\whitepaper-blogs-details\whitepaper-single-blogs-details.js
FN:5,WhitepaperSingleBlogContainer
FNF:1
FNH:1
FNDA:1,WhitepaperSingleBlogContainer
DA:6,1
LF:1
LH:1
BRF:0
BRH:0
end_of_record
TN:
SF:hooks\useScroll.js
FN:3,useScroll
FN:5,(anonymous_1)
FN:6,(anonymous_2)
FNF:3
FNH:2
FNDA:5,useScroll
FNDA:5,(anonymous_1)
FNDA:0,(anonymous_2)
DA:4,5
DA:5,5
DA:6,5
DA:7,0
DA:10,5
LF:5
LH:4
BRF:0
BRH:0
end_of_record
